\o Program:		@(#)$CDS: libManager version 6.1.8 - CAT37 08/30/2023 13:17 (sjfdcl1037) $
\o Sub version:		sub-version  s342 
\o Arguments:		-unmapped -mpssession virtuoso40629 -mpshost viterbi-scf1 -ADVM 
\o Working Directory:	viterbi-scf1:/home/viterbi/06/lpalbert/work_gpdk045
\o 64-bit offsets
\o Qt version: 		5.9.1
\o MPS virtuoso types registered: 65
\o changeWorkingDir("/home/viterbi/06/lpalbert/work_gpdk045") unnecessary.
\o ddSetForcedLib("") unnecessary.
\o Log file is "/home/viterbi/06/lpalbert/work_gpdk045/libManager.log".
\o Opening libManager window.
\a nrSetWindowVisibility(cdsLibManager "show")
\o MPS service: map window
\o Library Manager customization server connected.
\a nrSetCurrentWindow(cdsLibManager)
\a nrResizeWindow(cdsLibManager list(112 70 602 491))
\a cdsLibManager->libListBox->value = "FFs"
\a cdsLibManager->libLineEdit->value = "FFs"
\a cdsLibManager->libListBox->value = "lab2_"
\a cdsLibManager->libLineEdit->value = "lab2_"
\a cdsLibManager->libListBox->value = "lab3"
\a cdsLibManager->libLineEdit->value = "lab3"
\a cdsLibManager->cellListBox->value = "8bit_CSA_TB"
\a cdsLibManager->cellLineEdit->value = "8bit_CSA_TB"
\a cdsLibManager->libListBox->value = "lab2_"
\a cdsLibManager->libLineEdit->value = "lab2_"
\a cdsLibManager->cellLineEdit->value = ""
\a cdsLibManager->cellListBox->value = nil
\a cdsLibManager->cellListBox->value = "XOR_tb"
\a cdsLibManager->cellLineEdit->value = "XOR_tb"
\a cdsLibManager->cellListBox->value = "full_adder"
\a cdsLibManager->cellLineEdit->value = "full_adder"
\a cdsLibManager->cellListBox->value = "full_adderv2"
\a cdsLibManager->cellLineEdit->value = "full_adderv2"
\a cdsLibManager->cellListBox->value = "full_adder"
\a cdsLibManager->cellLineEdit->value = "full_adder"
\a cdsLibManager->viewListBox->value = "layout"
\a cdsLibManager->viewLineEdit->value = "layout"
\a cdsLibManager->viewListBox->value = "schematic"
\a cdsLibManager->viewLineEdit->value = "schematic"
\a cdsLibManager->cellListBox->value = "full_adderv2"
\a cdsLibManager->cellLineEdit->value = "full_adderv2"
\a cdsLibManager->viewLineEdit->value = ""
\a cdsLibManager->viewListBox->value = nil
\a cdsLibManager->viewListBox->value = "schematic"
\a cdsLibManager->viewLineEdit->value = "schematic"
\a cdsLibManager->cellListBox->value = "full_adder"
\a cdsLibManager->cellLineEdit->value = "full_adder"
\a cdsLibManager->viewLineEdit->value = ""
\a cdsLibManager->viewListBox->value = nil
\a cdsLibManager->viewListBox->value = "schematic"
\a cdsLibManager->viewLineEdit->value = "schematic"
\a cdsLibManager->cellLineEdit->value = ""
\a cdsLibManager->cellListBox->value = nil
\a cdsLibManager->viewLineEdit->value = ""
\a cdsLibManager->viewListBox->value = nil
\a cdsLibManager->cellListBox->value = "full_adderv2"
\a cdsLibManager->cellLineEdit->value = "full_adderv2"
\a cdsLibManager->viewListBox->value = "schematic"
\a cdsLibManager->viewLineEdit->value = "schematic"
\a cdsLibManager->cellListBox->value = "full_adder"
\a cdsLibManager->cellLineEdit->value = "full_adder"
\a cdsLibManager->viewLineEdit->value = ""
\a cdsLibManager->viewListBox->value = nil
\a cdsLibManager->viewListBox->value = "schematic"
\a cdsLibManager->viewLineEdit->value = "schematic"
\a cdsLibManager->viewListBox->value = "layout"
\a cdsLibManager->viewLineEdit->value = "layout"
\o MPS request: edit design
\a nrListItemAction(cdsLibManager->gdmXTView 0 0)
\a nrSetCurrentWindow(cdsLibManager)
\a nrSetCurrentWindow(cdsLibManager)
\a cdsLibManager->libListBox->value = nil
\a cdsLibManager->libLineEdit->value = ""
\a cdsLibManager->cellListBox->value = nil
\a cdsLibManager->viewLineEdit->value = ""
\a cdsLibManager->viewListBox->value = nil
\a cdsLibManager->cellLineEdit->value = ""
\a cdsLibManager->libListBox->value = "lab2_"
\a cdsLibManager->libLineEdit->value = "lab2_"
\a cdsLibManager->cellListBox->value = "full_adder"
\a cdsLibManager->cellLineEdit->value = "full_adder"
\a cdsLibManager->viewListBox->value = "layout"
\a cdsLibManager->viewLineEdit->value = "layout"
\a cdsLibManager->viewLineEdit->value = ""
\a cdsLibManager->viewListBox->value = nil
\a cdsLibManager->viewListBox->value = "layout"
\a cdsLibManager->viewLineEdit->value = "layout"
\a nrSetCurrentWindow(cdsLibManager)
\a cdsLibManager->libListBox->value = nil
\a cdsLibManager->libLineEdit->value = ""
\a cdsLibManager->cellListBox->value = nil
\a cdsLibManager->viewLineEdit->value = ""
\a cdsLibManager->viewListBox->value = nil
\a cdsLibManager->cellLineEdit->value = ""
\a cdsLibManager->libListBox->value = "lab2_"
\a cdsLibManager->libLineEdit->value = "lab2_"
\a cdsLibManager->cellListBox->value = "full_adder"
\a cdsLibManager->cellLineEdit->value = "full_adder"
\a cdsLibManager->viewListBox->value = "layout"
\a cdsLibManager->viewLineEdit->value = "layout"
\a cdsLibManager->viewLineEdit->value = ""
\a cdsLibManager->viewListBox->value = nil
\a cdsLibManager->viewListBox->value = "layout"
\a cdsLibManager->viewLineEdit->value = "layout"
\a nrSetCurrentWindow(cdsLibManager)
\a nrSetCurrentWindow(cdsLibManager)
\a cdsLibManager->cellListBox->value = "full_adderv2"
\a cdsLibManager->cellLineEdit->value = "full_adderv2"
\a cdsLibManager->viewLineEdit->value = ""
\a cdsLibManager->viewListBox->value = nil
\a cdsLibManager->viewListBox->value = "layout"
\a cdsLibManager->viewLineEdit->value = "layout"
\a cdsLibManager->libListBox->value = "inverter_demo"
\a cdsLibManager->libLineEdit->value = "inverter_demo"
\a cdsLibManager->cellLineEdit->value = ""
\a cdsLibManager->cellListBox->value = nil
\a cdsLibManager->viewLineEdit->value = ""
\a cdsLibManager->viewListBox->value = nil
\a cdsLibManager->cellListBox->value = "inv"
\a cdsLibManager->cellLineEdit->value = "inv"
\a cdsLibManager->libListBox->value = "xor_tb"
\a cdsLibManager->libLineEdit->value = "xor_tb"
\a cdsLibManager->cellLineEdit->value = ""
\a cdsLibManager->cellListBox->value = nil
\a cdsLibManager->libListBox->value = "FFs"
\a cdsLibManager->libLineEdit->value = "FFs"
\a cdsLibManager->FileNewLibButton->value = t
\a nrSetWindowVisibility(NewLibShell "show")
\a nrSetCurrentWindow(NewLibShell)
\a nrSetCurrentWindow(NewLibShell->subDialog)
\a nrResizeWindow(NewLibShell list(153 17 507 559))
\a NewLibShell->newLibNameText->value = "adders_improved"
\a NewLibShell->newLibCancelButton->value = t
\a nrSetCurrentWindow(cdsLibManager)
\a cdsLibManager->FileNewLibButton->value = t
\a NewLibShell->newLibNameText->value = ""
\a nrSetWindowVisibility(NewLibShell->subDialog "show")
\a nrSetCurrentWindow(NewLibShell)
\a nrSetCurrentWindow(NewLibShell->subDialog)
\a nrResizeWindow(NewLibShell list(160 49 507 559))
\a NewLibShell->newLibNameText->value = "adder_i"
\a NewLibShell->newLibCancelButton->value = t
\a nrSetCurrentWindow(cdsLibManager)
\a nrSetCurrentWindow(cdsLibManager)
\a cdsLibManager->libLineEdit->value = ""
\a cdsLibManager->libListBox->value = nil
\a cdsLibManager->libListBox->value = "basic"
\a cdsLibManager->libLineEdit->value = "basic"
\a cdsLibManager->libListBox->value = "analogLib"
\a cdsLibManager->libLineEdit->value = "analogLib"
\a cdsLibManager->libLineEdit->value = ""
\a cdsLibManager->libListBox->value = nil
\a cdsLibManager->FileNewLibButton->value = t
\a NewLibShell->newLibNameText->value = ""
\a nrSetWindowVisibility(NewLibShell->subDialog "show")
\a nrSetCurrentWindow(NewLibShell)
\a nrSetCurrentWindow(NewLibShell->subDialog)
\a nrResizeWindow(NewLibShell list(160 36 507 559))
\a NewLibShell->newLibNameText->value = "adder_improved"
\a nrSetCurrentWindow(NewLibShell)
\a nrSetCurrentWindow(NewLibShell->subDialog)
\a NewLibShell->newLibOKButton->value = t
\a nrSetWindowVisibility(workingDialogForm "show")
\o Created new library "adder_improved" at /home/viterbi/06/lpalbert/work_gpdk045/adder_improved.
\a nrSetCurrentWindow(cdsLibManager)
\a nrResizeWindow(workingDialogForm list(241 230 330 133))
\a nrSetCurrentWindow(cdsLibManager)
\a nrSetCurrentWindow(cdsLibManager)
\a nrSetCurrentWindow(cdsLibManager)
\a cdsLibManager->libListBox->value = "adder_improved"
\a cdsLibManager->libLineEdit->value = "adder_improved"
\a cdsLibManager->FileNewCVButton->value = t
\a cdsLibManager->libListBox->value = nil
\a cdsLibManager->libLineEdit->value = ""
\a cdsLibManager->libListBox->value = "adder_improved"
\a cdsLibManager->libLineEdit->value = "adder_improved"
\a nrSetCurrentWindow(cdsLibManager)
\a nrResizeWindow(cdsLibManager list(-912 70 602 491))
\a nrResizeWindow(cdsLibManager list(112 70 602 491))
\a nrSetCurrentWindow(cdsLibManager)
\a nrSetCurrentWindow(cdsLibManager)
\a cdsLibManager->FileNewLibButton->value = t
\a NewLibShell->newLibNameText->value = ""
\a NewLibShell->QLineEdit1->value = ""
\a NewLibShell->QLineEdit1->value = "/home/viterbi/06/lpalbert/work_gpdk045"
\a nrSetWindowVisibility(NewLibShell->subDialog "show")
\a nrSetCurrentWindow(NewLibShell)
\a nrSetCurrentWindow(NewLibShell->subDialog)
\a nrResizeWindow(NewLibShell list(160 62 507 559))
\a NewLibShell->newLibNameText->value = "carry_save_addition"
\a NewLibShell->newLibOKButton->value = t
\o Created new library "carry_save_addition" at /home/viterbi/06/lpalbert/work_gpdk045/carry_save_addition.
\a nrSetCurrentWindow(cdsLibManager)
\a cdsLibManager->libListBox->value = nil
\a cdsLibManager->libLineEdit->value = ""
\a cdsLibManager->libListBox->value = "adder_improved"
\a cdsLibManager->libLineEdit->value = "adder_improved"
\a cdsLibManager->cellListBox->value = "xor"
\a cdsLibManager->cellLineEdit->value = "xor"
\a cdsLibManager->viewListBox->value = "layout"
\a cdsLibManager->viewLineEdit->value = "layout"
\a cdsLibManager->cellLineEdit->value = ""
\a cdsLibManager->cellListBox->value = nil
\a cdsLibManager->viewLineEdit->value = ""
\a cdsLibManager->viewListBox->value = nil
\a cdsLibManager->cellListBox->value = "xor"
\a cdsLibManager->cellLineEdit->value = "xor"
\a cdsLibManager->viewListBox->value = "layout"
\a cdsLibManager->viewLineEdit->value = "layout"
\a cdsLibManager->viewLineEdit->value = ""
\a cdsLibManager->viewListBox->value = nil
\a cdsLibManager->viewListBox->value = "layout"
\a cdsLibManager->viewLineEdit->value = "layout"
\a nrResizeWindow(workingDialogForm list(248 249 347 133))
\a nrSetCurrentWindow(cdsLibManager)
\a nrSetCurrentWindow(cdsLibManager)
\a nrSetCurrentWindow(cdsLibManager)
\a cdsLibManager->libListBox->value = nil
\a cdsLibManager->libLineEdit->value = ""
\a cdsLibManager->cellListBox->value = nil
\a cdsLibManager->viewLineEdit->value = ""
\a cdsLibManager->viewListBox->value = nil
\a cdsLibManager->cellLineEdit->value = ""
\a cdsLibManager->libListBox->value = "adder_improved"
\a cdsLibManager->libLineEdit->value = "adder_improved"
\a cdsLibManager->cellListBox->value = "xor"
\a cdsLibManager->cellLineEdit->value = "xor"
\a cdsLibManager->viewListBox->value = "layout"
\a cdsLibManager->viewLineEdit->value = "layout"
\a cdsLibManager->cellLineEdit->value = ""
\a cdsLibManager->cellListBox->value = nil
\a cdsLibManager->viewLineEdit->value = ""
\a cdsLibManager->viewListBox->value = nil
\a cdsLibManager->cellListBox->value = "xor"
\a cdsLibManager->cellLineEdit->value = "xor"
\a cdsLibManager->viewListBox->value = "layout"
\a cdsLibManager->viewLineEdit->value = "layout"
\a cdsLibManager->viewLineEdit->value = ""
\a cdsLibManager->viewListBox->value = nil
\a cdsLibManager->viewListBox->value = "layout"
\a cdsLibManager->viewLineEdit->value = "layout"
\a cdsLibManager->viewLineEdit->value = ""
\a cdsLibManager->viewListBox->value = nil
\a cdsLibManager->viewListBox->value = "layout"
\a cdsLibManager->viewLineEdit->value = "layout"
\a cdsLibManager->libListBox->value = "basic"
\a cdsLibManager->libLineEdit->value = "basic"
\a cdsLibManager->cellLineEdit->value = ""
\a cdsLibManager->cellListBox->value = nil
\a cdsLibManager->viewLineEdit->value = ""
\a cdsLibManager->viewListBox->value = nil
\a cdsLibManager->libListBox->value = "carry_save_addition"
\a cdsLibManager->libLineEdit->value = "carry_save_addition"
\a cdsLibManager->FileNewCVButton->value = t
\a cdsLibManager->libListBox->value = nil
\a cdsLibManager->libLineEdit->value = ""
\a cdsLibManager->libListBox->value = "carry_save_addition"
\a cdsLibManager->libLineEdit->value = "carry_save_addition"
\a nrSetCurrentWindow(cdsLibManager)
\a nrSetCurrentWindow(cdsLibManager)
\a nrSetCurrentWindow(cdsLibManager)
\a cdsLibManager->cellListBox->value = "4_bit_3_to_1_csa"
\a cdsLibManager->cellLineEdit->value = "4_bit_3_to_1_csa"
\a cdsLibManager->viewListBox->value = "schematic"
\a cdsLibManager->viewLineEdit->value = "schematic"
\a cdsLibManager->viewLineEdit->value = ""
\a cdsLibManager->viewListBox->value = nil
\a lmgrLogShowPopup("mainListPopup1" 40 13 2 "4_bit_3_to_1_csa")
\a cdsLibManager->editRenameButton->value = t
\a basicRenameForm->basicRenameFromEdit->value = "4_bit_3_to_1_csa"
\a nrSetWindowVisibility(basicRenameForm "show")
\a basicRenameForm->basicRenameToEdit->value = "4_bit_3_to_1_csa"
\a nrSetCurrentWindow(basicRenameForm)
\a nrResizeWindow(basicRenameForm list(287 201 239 190))
\a basicRenameForm->basicRenameToEdit->value = "1_bit_3_to_1_csa"
\a basicRenameForm->Cancel->value = t
\a nrSetCurrentWindow(cdsLibManager)
\a cdsLibManager->viewListBox->value = "schematic"
\a cdsLibManager->viewLineEdit->value = "schematic"
\a cdsLibManager->viewLineEdit->value = ""
\a cdsLibManager->viewListBox->value = nil
\a lmgrLogShowPopup("mainListPopup1" 52 4 2 "4_bit_3_to_1_csa")
\a cdsLibManager->editRenameButton->value = t
\a basicRenameForm->basicRenameToEdit->value = "4_bit_3_to_1_csa"
\a nrSetCurrentWindow(basicRenameForm)
\a nrResizeWindow(basicRenameForm list(294 233 239 190))
\a basicRenameForm->basicRenameToEdit->value = "16_bit_3_to_1_csa"
\a basicRenameForm->OK->value = t
\o View file /home/viterbi/06/lpalbert/work_gpdk045/carry_save_addition/4_bit_3_to_1_csa/schematic/sch.oa is locked by lpalbert at host viterbi-scf1.usc.edu
\o ERROR (CLM-223): Cell carry_save_addition/4_bit_3_to_1_csa has files that are locked or are checked out.\nCheck the "Messages" window for a list of which files are causing problem\nRename failed.
\a nrSetWindowVisibility(errorDialog "show")
\a nrSetCurrentWindow(errorDialog)
\a nrResizeWindow(errorDialog list(152 229 509 134))
\a errorDialog->errorOkButton->value = t
\a nrSetCurrentWindow(cdsLibManager)
\a lmgrLogShowPopup("mainListPopup1" 30 9 2 "4_bit_3_to_1_csa")
\a cdsLibManager->editRenameButton->value = t
\a basicRenameForm->basicRenameToEdit->value = "4_bit_3_to_1_csa"
\a nrSetCurrentWindow(basicRenameForm)
\a nrResizeWindow(basicRenameForm list(294 220 239 190))
\a basicRenameForm->basicRenameToEdit->value = "16_bit_3_to_1_csa"
\a basicRenameForm->OK->value = t
\o View file /home/viterbi/06/lpalbert/work_gpdk045/carry_save_addition/4_bit_3_to_1_csa/schematic/sch.oa is locked by lpalbert at host viterbi-scf1.usc.edu
\o ERROR (CLM-223): Cell carry_save_addition/4_bit_3_to_1_csa has files that are locked or are checked out.\nCheck the "Messages" window for a list of which files are causing problem\nRename failed.
\a nrSetCurrentWindow(errorDialog)
\a nrResizeWindow(errorDialog list(159 261 509 134))
\a nrSetCurrentWindow(errorDialog)
\a errorDialog->errorOkButton->value = t
\a nrSetCurrentWindow(cdsLibManager)
\a nrSetCurrentWindow(cdsLibManager)
\a cdsLibManager->viewListBox->value = "schematic"
\a cdsLibManager->viewLineEdit->value = "schematic"
\a nrSetCurrentWindow(cdsLibManager)
\a nrResizeWindow(cdsLibManager list(357 85 602 491))
\a nrSetCurrentWindow(cdsLibManager)
\a nrSetCurrentWindow(cdsLibManager)
\a nrSetCurrentWindow(cdsLibManager)
\a nrResizeWindow(cdsLibManager list(31 85 602 491))
\a cdsLibManager->viewLineEdit->value = ""
\a cdsLibManager->viewListBox->value = nil
\a lmgrLogShowPopup("mainListPopup1" 46 6 2 "4_bit_3_to_1_csa")
\a cdsLibManager->editRenameButton->value = t
\a basicRenameForm->basicRenameToEdit->value = "4_bit_3_to_1_csa"
\a nrSetCurrentWindow(basicRenameForm)
\a nrResizeWindow(basicRenameForm list(213 248 239 190))
\a basicRenameForm->basicRenameToEdit->value = "16bit_3_to_1_csa"
\a basicRenameForm->Cancel->value = t
\a nrSetCurrentWindow(cdsLibManager)
\a cdsLibManager->viewListBox->value = "schematic"
\a cdsLibManager->viewLineEdit->value = "schematic"
\a cdsLibManager->viewListBox->value = nil
\a cdsLibManager->viewLineEdit->value = ""
\a cdsLibManager->viewListBox->value = "schematic"
\a cdsLibManager->viewLineEdit->value = "schematic"
\o MPS request: edit design
\a nrListItemAction(cdsLibManager->gdmXTView 0 1)
\a nrSetCurrentWindow(cdsLibManager)
\a cdsLibManager->viewLineEdit->value = ""
\a cdsLibManager->viewListBox->value = nil
\a lmgrLogShowPopup("mainListPopup1" 26 7 2 "4_bit_3_to_1_csa")
\a cdsLibManager->cellListBox->value = nil
\a cdsLibManager->cellLineEdit->value = "_bit_3_to_1_csa"
\a cdsLibManager->cellListBox->value = "4_bit_3_to_1_csa"
\a cdsLibManager->cellLineEdit->value = "4_bit_3_to_1_csa"
\a cdsLibManager->viewListBox->value = "schematic"
\a cdsLibManager->viewLineEdit->value = "schematic"
\a cdsLibManager->viewLineEdit->value = ""
\a cdsLibManager->viewListBox->value = nil
\a lmgrLogShowPopup("mainListPopup1" 103 9 2 "4_bit_3_to_1_csa")
\a cdsLibManager->editRenameButton->value = t
\a basicRenameForm->basicRenameToEdit->value = "4_bit_3_to_1_csa"
\a nrSetCurrentWindow(basicRenameForm)
\a nrResizeWindow(basicRenameForm list(213 235 239 190))
\a basicRenameForm->basicRenameToEdit->value = "16_bit_3_to_1_csa"
\a basicRenameForm->OK->value = t
\o View file /home/viterbi/06/lpalbert/work_gpdk045/carry_save_addition/4_bit_3_to_1_csa/schematic/sch.oa is locked by lpalbert at host viterbi-scf1.usc.edu
\o ERROR (CLM-223): Cell carry_save_addition/4_bit_3_to_1_csa has files that are locked or are checked out.\nCheck the "Messages" window for a list of which files are causing problem\nRename failed.
\a nrSetCurrentWindow(errorDialog)
\a nrResizeWindow(errorDialog list(78 276 509 134))
\a errorDialog->errorOkButton->value = t
\a nrSetCurrentWindow(cdsLibManager)
\a lmgrLogShowPopup("mainListPopup1" 75 14 2 "4_bit_3_to_1_csa")
\a cdsLibManager->copySimpleButton->value = t
\a copyCellForm->SkipLibrariesEdit->value = "*"
\a copyCellForm->SkipLibrariesEdit->value = "*"
\a copyCellForm->CopyFromLibrary->value = "FFs"
\a copyCellForm->CopyToLibrary->value = "FFs"
\a copyCellForm->CopyFromLibrary->value = "carry_save_addition"
\a copyCellForm->CopyFromCell->value = "4_bit_3_to_1_csa"
\a copyCellForm->CopyToLibrary->value = "carry_save_addition"
\a copyCellForm->CopyToCell->value = "4_bit_3_to_1_csa"
\a copyCellForm->ViewsToCopy->value = "schematic"
\a copyCellForm->SkipLibrariesEdit->value = ""
\a copyCellForm->SkipLibrariesEdit->value = "FFs GSCLIB045 adder_improved analogLib basic cdsDefTechLib demo_lab1 gpdk045 gsclib045 gsclib045_tech inverter_demo lab2_ lab3 sheets test xor_tb"
\a nrSetWindowVisibility(copyCellForm "show")
\a nrSetCurrentWindow(copyCellForm)
\a nrResizeWindow(copyCellForm list(91 -18 468 659))
\a copyCellForm->CopyToCell->value = "16_bit_3_to_1_csa"
\a nrSetCurrentWindow(copyCellForm)
\a copyCellForm->OK->value = t
\o Beginning simple copy to library "carry_save_addition".
\o Processing files to be copied...
\a nrSetCurrentWindow(cdsLibManager)
\a nrResizeWindow(workingDialogForm list(196 277 273 133))
\a nrSetCurrentWindow(cdsLibManager)
\a nrSetCurrentWindow(workingDialogForm)
\o Copy succeeded.
\a cdsLibManager->libListBox->value = nil
\a cdsLibManager->libLineEdit->value = ""
\a cdsLibManager->cellListBox->value = nil
\a cdsLibManager->cellLineEdit->value = ""
\a cdsLibManager->libListBox->value = "carry_save_addition"
\a cdsLibManager->libLineEdit->value = "carry_save_addition"
\a cdsLibManager->cellListBox->value = "4_bit_3_to_1_csa"
\a cdsLibManager->cellLineEdit->value = "4_bit_3_to_1_csa"
\a cdsLibManager->viewListBox->value = "schematic"
\a cdsLibManager->viewLineEdit->value = "schematic"
\a cdsLibManager->viewLineEdit->value = ""
\a cdsLibManager->viewListBox->value = nil
\a cdsLibManager->viewListBox->value = "schematic"
\a cdsLibManager->viewLineEdit->value = "schematic"
\a cdsLibManager->viewLineEdit->value = ""
\a cdsLibManager->viewListBox->value = nil
\a copyCellForm->SkipLibrariesEdit->value = "*"
\a nrSetCurrentWindow(cdsLibManager)
\a cdsLibManager->cellListBox->value = "16_bit_3_to_1_csa"
\a cdsLibManager->cellLineEdit->value = "16_bit_3_to_1_csa"
\a cdsLibManager->viewListBox->value = "schematic"
\a cdsLibManager->viewLineEdit->value = "schematic"
\a cdsLibManager->cellListBox->value = "4_bit_3_to_1_csa"
\a cdsLibManager->cellLineEdit->value = "4_bit_3_to_1_csa"
\a cdsLibManager->viewLineEdit->value = ""
\a cdsLibManager->viewListBox->value = nil
\a cdsLibManager->viewListBox->value = "schematic"
\a cdsLibManager->viewLineEdit->value = "schematic"
\a cdsLibManager->cellLineEdit->value = ""
\a cdsLibManager->cellListBox->value = nil
\a cdsLibManager->viewLineEdit->value = ""
\a cdsLibManager->viewListBox->value = nil
\a cdsLibManager->cellListBox->value = "4_bit_3_to_1_csa"
\a cdsLibManager->cellLineEdit->value = "4_bit_3_to_1_csa"
\a cdsLibManager->viewListBox->value = "schematic"
\a cdsLibManager->viewLineEdit->value = "schematic"
\a cdsLibManager->cellLineEdit->value = ""
\a cdsLibManager->cellListBox->value = nil
\a cdsLibManager->viewLineEdit->value = ""
\a cdsLibManager->viewListBox->value = nil
\a cdsLibManager->cellListBox->value = "16_bit_3_to_1_csa"
\a cdsLibManager->cellLineEdit->value = "16_bit_3_to_1_csa"
\a cdsLibManager->viewListBox->value = "schematic"
\a cdsLibManager->viewLineEdit->value = "schematic"
\a cdsLibManager->viewListBox->value = nil
\a cdsLibManager->viewLineEdit->value = ""
\a cdsLibManager->viewListBox->value = "schematic"
\a cdsLibManager->viewLineEdit->value = "schematic"
\o MPS request: edit design
\a nrListItemAction(cdsLibManager->gdmXTView 0 0)
\a nrSetCurrentWindow(cdsLibManager)
\a nrSetCurrentWindow(cdsLibManager)
\a nrResizeWindow(cdsLibManager list(128 109 602 491))
\a nrSetCurrentWindow(cdsLibManager)
