
INFO:    Checking out 1 license(s) of feature: 'Pegasus_UI' version 22.2
INFO:    License checkout successful ... 2025-12-02 13:06:46
WARNING: In technology 'gpdk045_pvs', the rule set 'Metal Fill' is not a Pegasus rule set.
It will be accepted for this run but should be changed to a pegasusRuleSet.
WARNING: In technology 'gpdk045_pvs', the rule set 'antenna' is not a Pegasus rule set.
It will be accepted for this run but should be changed to a pegasusRuleSet.
WARNING: In technology 'gpdk045_pvs', the rule set 'default' is not a Pegasus rule set.
It will be accepted for this run but should be changed to a pegasusRuleSet.
Checking in SoftShare license Pegasus_UI ... succeeded (1s).

INFO:    Checking out 1 license(s) of feature: 'Pegasus_UI' version 22.2
INFO:    License checkout successful ... 2025-12-02 13:13:46
WARNING: In technology 'gpdk045_pvs', the rule set 'Metal Fill' is not a Pegasus rule set.
It will be accepted for this run but should be changed to a pegasusRuleSet.
WARNING: In technology 'gpdk045_pvs', the rule set 'antenna' is not a Pegasus rule set.
It will be accepted for this run but should be changed to a pegasusRuleSet.
WARNING: In technology 'gpdk045_pvs', the rule set 'default' is not a Pegasus rule set.
It will be accepted for this run but should be changed to a pegasusRuleSet.
Checking in SoftShare license Pegasus_UI ... succeeded (1s).

INFO:    Checking out 1 license(s) of feature: 'Pegasus_UI' version 22.2
INFO:    License checkout successful ... 2025-12-02 13:18:05
Checking in SoftShare license Pegasus_UI ... succeeded (1s).

INFO:    Checking out 1 license(s) of feature: 'Pegasus_UI' version 22.2
INFO:    License checkout successful ... 2025-12-02 13:19:28
Checking in SoftShare license Pegasus_UI ... succeeded (1s).

INFO:    Checking out 1 license(s) of feature: 'Pegasus_UI' version 22.2
INFO:    License checkout successful ... 2025-12-02 13:24:09
Checking in SoftShare license Pegasus_UI ... succeeded (1s).

INFO:    Checking out 1 license(s) of feature: 'Pegasus_UI' version 22.2
INFO:    License checkout successful ... 2025-12-02 13:33:00
Checking in SoftShare license Pegasus_UI ... succeeded (1s).

INFO:    Checking out 1 license(s) of feature: 'Pegasus_UI' version 22.2
INFO:    License checkout successful ... 2025-12-02 13:34:11
Checking in SoftShare license Pegasus_UI ... succeeded (1s).

INFO:    Checking out 1 license(s) of feature: 'Pegasus_UI' version 22.2
INFO:    License checkout successful ... 2025-12-02 13:37:25
Checking in SoftShare license Pegasus_UI ... succeeded (1s).

INFO:    Checking out 1 license(s) of feature: 'Pegasus_UI' version 22.2
INFO:    License checkout successful ... 2025-12-02 13:38:15
Checking in SoftShare license Pegasus_UI ... succeeded (1s).

INFO:    Checking out 1 license(s) of feature: 'Pegasus_UI' version 22.2
INFO:    License checkout successful ... 2025-12-02 13:51:40
Checking in SoftShare license Pegasus_UI ... succeeded (1s).

INFO:    Checking out 1 license(s) of feature: 'Pegasus_UI' version 22.2
INFO:    License checkout successful ... 2025-12-02 13:53:55
Checking in SoftShare license Pegasus_UI ... succeeded (1s).

INFO:    Checking out 1 license(s) of feature: 'Pegasus_UI' version 22.2
INFO:    License checkout successful ... 2025-12-02 14:13:59
Checking in SoftShare license Pegasus_UI ... succeeded (1s).

INFO:    Checking out 1 license(s) of feature: 'Pegasus_UI' version 22.2
INFO:    License checkout successful ... 2025-12-02 14:16:20
Checking in SoftShare license Pegasus_UI ... succeeded (1s).

INFO:    Checking out 1 license(s) of feature: 'Pegasus_UI' version 22.2
INFO:    License checkout successful ... 2025-12-02 14:19:37
Checking in SoftShare license Pegasus_UI ... succeeded (1s).

INFO:    Checking out 1 license(s) of feature: 'Pegasus_UI' version 22.2
INFO:    License checkout successful ... 2025-12-02 14:20:47
Checking in SoftShare license Pegasus_UI ... succeeded (1s).

INFO:    Checking out 1 license(s) of feature: 'Pegasus_UI' version 22.2
INFO:    License checkout successful ... 2025-12-02 14:21:34
Checking in SoftShare license Pegasus_UI ... succeeded (1s).

INFO:    Checking out 1 license(s) of feature: 'Pegasus_UI' version 22.2
INFO:    License checkout successful ... 2025-12-02 14:24:43
Checking in SoftShare license Pegasus_UI ... succeeded (1s).

INFO:    Checking out 1 license(s) of feature: 'Pegasus_UI' version 22.2
INFO:    License checkout successful ... 2025-12-02 14:25:06
Checking in SoftShare license Pegasus_UI ... succeeded (1s).

INFO:    Checking out 1 license(s) of feature: 'Pegasus_UI' version 22.2
INFO:    License checkout successful ... 2025-12-02 14:39:16
Checking in SoftShare license Pegasus_UI ... succeeded (1s).

INFO:    Checking out 1 license(s) of feature: 'Pegasus_UI' version 22.2
INFO:    License checkout successful ... 2025-12-02 17:03:25
Checking in SoftShare license Pegasus_UI ... succeeded (1s).

INFO:    Checking out 1 license(s) of feature: 'Pegasus_UI' version 22.2
INFO:    License checkout successful ... 2025-12-02 17:40:50
Checking in SoftShare license Pegasus_UI ... succeeded (1s).

INFO:    Checking out 1 license(s) of feature: 'Pegasus_UI' version 22.2
INFO:    License checkout successful ... 2025-12-02 17:43:07
Checking in SoftShare license Pegasus_UI ... succeeded (1s).

INFO:    Checking out 1 license(s) of feature: 'Pegasus_UI' version 22.2
INFO:    License checkout successful ... 2025-12-02 17:58:31
Checking in SoftShare license Pegasus_UI ... succeeded (1s).

INFO:    Checking out 1 license(s) of feature: 'Pegasus_UI' version 22.2
INFO:    License checkout successful ... 2025-12-02 18:00:27
Checking in SoftShare license Pegasus_UI ... succeeded (1s).

INFO:    Checking out 1 license(s) of feature: 'Pegasus_UI' version 22.2
INFO:    License checkout successful ... 2025-12-02 18:01:14
Checking in SoftShare license Pegasus_UI ... succeeded (1s).

INFO:    Checking out 1 license(s) of feature: 'Pegasus_UI' version 22.2
INFO:    License checkout successful ... 2025-12-02 18:01:55
Checking in SoftShare license Pegasus_UI ... succeeded (1s).

INFO:    Checking out 1 license(s) of feature: 'Pegasus_UI' version 22.2
INFO:    License checkout successful ... 2025-12-02 18:13:07
Checking in SoftShare license Pegasus_UI ... succeeded (1s).

INFO:    Checking out 1 license(s) of feature: 'Pegasus_UI' version 22.2
INFO:    License checkout successful ... 2025-12-02 18:14:12
Checking in SoftShare license Pegasus_UI ... succeeded (1s).

INFO:    Checking out 1 license(s) of feature: 'Pegasus_UI' version 22.2
INFO:    License checkout successful ... 2025-12-02 18:18:54
Checking in SoftShare license Pegasus_UI ... succeeded (1s).

INFO:    Checking out 1 license(s) of feature: 'Pegasus_UI' version 22.2
INFO:    License checkout successful ... 2025-12-02 18:19:18
Checking in SoftShare license Pegasus_UI ... succeeded (1s).

INFO:    Checking out 1 license(s) of feature: 'Pegasus_UI' version 22.2
INFO:    License checkout successful ... 2025-12-02 18:25:00
Checking in SoftShare license Pegasus_UI ... succeeded (1s).

INFO:    Checking out 1 license(s) of feature: 'Pegasus_UI' version 22.2
INFO:    License checkout successful ... 2025-12-02 18:28:55
Checking in SoftShare license Pegasus_UI ... succeeded (1s).

INFO:    Checking out 1 license(s) of feature: 'Pegasus_UI' version 22.2
INFO:    License checkout successful ... 2025-12-02 19:02:10
Checking in SoftShare license Pegasus_UI ... succeeded (1s).

INFO:    Checking out 1 license(s) of feature: 'Pegasus_UI' version 22.2
INFO:    License checkout successful ... 2025-12-02 19:03:41
Checking in SoftShare license Pegasus_UI ... succeeded (1s).

INFO:    Checking out 1 license(s) of feature: 'Pegasus_UI' version 22.2
INFO:    License checkout successful ... 2025-12-02 19:05:34
Checking in SoftShare license Pegasus_UI ... succeeded (1s).

INFO:    Checking out 1 license(s) of feature: 'Pegasus_UI' version 22.2
INFO:    License checkout successful ... 2025-12-02 19:06:45
Checking in SoftShare license Pegasus_UI ... succeeded (1s).

INFO:    Checking out 1 license(s) of feature: 'Pegasus_UI' version 22.2
INFO:    License checkout successful ... 2025-12-02 19:07:26
Checking in SoftShare license Pegasus_UI ... succeeded (1s).

INFO:    Checking out 1 license(s) of feature: 'Pegasus_UI' version 22.2
INFO:    License checkout successful ... 2025-12-02 19:08:19
Checking in SoftShare license Pegasus_UI ... succeeded (1s).

INFO:    Checking out 1 license(s) of feature: 'Pegasus_UI' version 22.2
INFO:    License checkout successful ... 2025-12-02 19:10:20
Checking in SoftShare license Pegasus_UI ... succeeded (1s).

INFO:    Checking out 1 license(s) of feature: 'Pegasus_UI' version 22.2
INFO:    License checkout successful ... 2025-12-02 19:11:02
Checking in SoftShare license Pegasus_UI ... succeeded (1s).

INFO:    Checking out 1 license(s) of feature: 'Pegasus_UI' version 22.2
INFO:    License checkout successful ... 2025-12-02 19:15:52

INFO:    Checking out 1 license(s) of feature: 'Pegasus_UI' version 22.2
INFO:    License checkout successful ... 2025-12-02 19:15:56
Checking in SoftShare license Pegasus_UI ... succeeded (1s).

INFO:    Checking out 1 license(s) of feature: 'Pegasus_UI' version 22.2
INFO:    License checkout successful ... 2025-12-02 19:16:17
Checking in SoftShare license Pegasus_UI ... succeeded (1s).

INFO:    Checking out 1 license(s) of feature: 'Pegasus_UI' version 22.2
INFO:    License checkout successful ... 2025-12-02 19:26:10
Checking in SoftShare license Pegasus_UI ... succeeded (1s).

INFO:    Checking out 1 license(s) of feature: 'Pegasus_UI' version 22.2
INFO:    License checkout successful ... 2025-12-02 19:27:01
Checking in SoftShare license Pegasus_UI ... succeeded (1s).

INFO:    Checking out 1 license(s) of feature: 'Pegasus_UI' version 22.2
INFO:    License checkout successful ... 2025-12-02 19:27:20
Checking in SoftShare license Pegasus_UI ... succeeded (1s).

INFO:    Checking out 1 license(s) of feature: 'Pegasus_UI' version 22.2
INFO:    License checkout successful ... 2025-12-02 19:41:32
Checking in SoftShare license Pegasus_UI ... succeeded (1s).

INFO:    Checking out 1 license(s) of feature: 'Pegasus_UI' version 22.2
INFO:    License checkout successful ... 2025-12-02 19:43:08
Checking in SoftShare license Pegasus_UI ... succeeded (1s).

INFO:    Checking out 1 license(s) of feature: 'Pegasus_UI' version 22.2
INFO:    License checkout successful ... 2025-12-02 20:09:09
Checking in SoftShare license Pegasus_UI ... succeeded (1s).

INFO:    Checking out 1 license(s) of feature: 'Pegasus_UI' version 22.2
INFO:    License checkout successful ... 2025-12-02 20:25:08
Checking in SoftShare license Pegasus_UI ... succeeded (1s).

INFO:    Checking out 1 license(s) of feature: 'Pegasus_UI' version 22.2
INFO:    License checkout successful ... 2025-12-02 20:26:00
Checking in SoftShare license Pegasus_UI ... succeeded (1s).

INFO:    Checking out 1 license(s) of feature: 'Pegasus_UI' version 22.2
INFO:    License checkout successful ... 2025-12-02 20:36:17
Checking in SoftShare license Pegasus_UI ... succeeded (1s).

INFO:    Checking out 1 license(s) of feature: 'Pegasus_UI' version 22.2
INFO:    License checkout successful ... 2025-12-02 20:37:45
Checking in SoftShare license Pegasus_UI ... succeeded (1s).

INFO:    Checking out 1 license(s) of feature: 'Pegasus_UI' version 22.2
INFO:    License checkout successful ... 2025-12-02 20:38:45
Checking in SoftShare license Pegasus_UI ... succeeded (1s).

INFO:    Checking out 1 license(s) of feature: 'Pegasus_UI' version 22.2
INFO:    License checkout successful ... 2025-12-02 20:39:58
Checking in SoftShare license Pegasus_UI ... succeeded (1s).

INFO:    Checking out 1 license(s) of feature: 'Pegasus_UI' version 22.2
INFO:    License checkout successful ... 2025-12-02 20:40:56
Checking in SoftShare license Pegasus_UI ... succeeded (1s).

INFO:    Checking out 1 license(s) of feature: 'Pegasus_UI' version 22.2
INFO:    License checkout successful ... 2025-12-02 20:41:38
Checking in SoftShare license Pegasus_UI ... succeeded (1s).

INFO:    Checking out 1 license(s) of feature: 'Pegasus_UI' version 22.2
INFO:    License checkout successful ... 2025-12-02 20:43:22
Checking in SoftShare license Pegasus_UI ... succeeded (1s).

INFO:    Checking out 1 license(s) of feature: 'Pegasus_UI' version 22.2
INFO:    License checkout successful ... 2025-12-02 20:44:52
Checking in SoftShare license Pegasus_UI ... succeeded (1s).

INFO:    Checking out 1 license(s) of feature: 'Pegasus_UI' version 22.2
INFO:    License checkout successful ... 2025-12-02 20:50:17
Checking in SoftShare license Pegasus_UI ... succeeded (1s).

INFO:    Checking out 1 license(s) of feature: 'Pegasus_UI' version 22.2
INFO:    License checkout successful ... 2025-12-02 20:51:23
Checking in SoftShare license Pegasus_UI ... succeeded (1s).

INFO:    Checking out 1 license(s) of feature: 'Pegasus_UI' version 22.2
INFO:    License checkout successful ... 2025-12-02 20:51:43
Checking in SoftShare license Pegasus_UI ... succeeded (1s).

INFO:    Checking out 1 license(s) of feature: 'Pegasus_UI' version 22.2
INFO:    License checkout successful ... 2025-12-02 23:59:04
Checking in SoftShare license Pegasus_UI ... succeeded (1s).

INFO:    Checking out 1 license(s) of feature: 'Pegasus_UI' version 22.2
INFO:    License checkout successful ... 2025-12-02 23:59:34
Checking in SoftShare license Pegasus_UI ... succeeded (1s).

INFO:    Checking out 1 license(s) of feature: 'Pegasus_UI' version 22.2
INFO:    License checkout successful ... 2025-12-03 00:02:34
Checking in SoftShare license Pegasus_UI ... succeeded (1s).

INFO:    Checking out 1 license(s) of feature: 'Pegasus_UI' version 22.2
INFO:    License checkout successful ... 2025-12-03 00:15:16
Checking in SoftShare license Pegasus_UI ... succeeded (1s).

INFO:    Checking out 1 license(s) of feature: 'Pegasus_UI' version 22.2
INFO:    License checkout successful ... 2025-12-03 01:01:06
Checking in SoftShare license Pegasus_UI ... succeeded (1s).

INFO:    Checking out 1 license(s) of feature: 'Pegasus_UI' version 22.2
INFO:    License checkout successful ... 2025-12-03 01:02:15
Checking in SoftShare license Pegasus_UI ... succeeded (1s).

INFO:    Checking out 1 license(s) of feature: 'Pegasus_UI' version 22.2
INFO:    License checkout successful ... 2025-12-03 01:08:15
Checking in SoftShare license Pegasus_UI ... succeeded (1s).

INFO:    Checking out 1 license(s) of feature: 'Pegasus_UI' version 22.2
INFO:    License checkout successful ... 2025-12-03 01:10:40
Checking in SoftShare license Pegasus_UI ... succeeded (1s).

INFO:    Checking out 1 license(s) of feature: 'Pegasus_UI' version 22.2
INFO:    License checkout successful ... 2025-12-03 01:13:45
Checking in SoftShare license Pegasus_UI ... succeeded (1s).

INFO:    Checking out 1 license(s) of feature: 'Pegasus_UI' version 22.2
INFO:    License checkout successful ... 2025-12-03 01:14:45
Checking in SoftShare license Pegasus_UI ... succeeded (1s).

INFO:    Checking out 1 license(s) of feature: 'Pegasus_UI' version 22.2
INFO:    License checkout successful ... 2025-12-03 01:17:41
Checking in SoftShare license Pegasus_UI ... succeeded (1s).

INFO:    Checking out 1 license(s) of feature: 'Pegasus_UI' version 22.2
INFO:    License checkout successful ... 2025-12-03 01:19:20
Checking in SoftShare license Pegasus_UI ... succeeded (1s).

INFO:    Checking out 1 license(s) of feature: 'Pegasus_UI' version 22.2
INFO:    License checkout successful ... 2025-12-03 01:21:07
Checking in SoftShare license Pegasus_UI ... succeeded (1s).

INFO:    Checking out 1 license(s) of feature: 'Pegasus_UI' version 22.2
INFO:    License checkout successful ... 2025-12-03 01:27:51
Checking in SoftShare license Pegasus_UI ... succeeded (1s).

INFO:    Checking out 1 license(s) of feature: 'Pegasus_UI' version 22.2
INFO:    License checkout successful ... 2025-12-03 01:36:28
Checking in SoftShare license Pegasus_UI ... succeeded (1s).

INFO:    Checking out 1 license(s) of feature: 'Pegasus_UI' version 22.2
INFO:    License checkout successful ... 2025-12-03 01:37:12
Checking in SoftShare license Pegasus_UI ... succeeded (1s).

INFO:    Checking out 1 license(s) of feature: 'Pegasus_UI' version 22.2
INFO:    License checkout successful ... 2025-12-03 01:37:47
Checking in SoftShare license Pegasus_UI ... succeeded (1s).

INFO:    Checking out 1 license(s) of feature: 'Pegasus_UI' version 22.2
INFO:    License checkout successful ... 2025-12-03 01:39:41
Checking in SoftShare license Pegasus_UI ... succeeded (1s).

INFO:    Checking out 1 license(s) of feature: 'Pegasus_UI' version 22.2
INFO:    License checkout successful ... 2025-12-03 01:41:25
Checking in SoftShare license Pegasus_UI ... succeeded (1s).

INFO:    Checking out 1 license(s) of feature: 'Pegasus_UI' version 22.2
INFO:    License checkout successful ... 2025-12-03 01:44:14
Checking in SoftShare license Pegasus_UI ... succeeded (1s).

INFO:    Checking out 1 license(s) of feature: 'Pegasus_UI' version 22.2
INFO:    License checkout successful ... 2025-12-03 01:46:58
Checking in SoftShare license Pegasus_UI ... succeeded (1s).

INFO:    Checking out 1 license(s) of feature: 'Pegasus_UI' version 22.2
INFO:    License checkout successful ... 2025-12-03 01:48:44
Checking in SoftShare license Pegasus_UI ... succeeded (1s).

INFO:    Checking out 1 license(s) of feature: 'Pegasus_UI' version 22.2
INFO:    License checkout successful ... 2025-12-03 01:50:56
Checking in SoftShare license Pegasus_UI ... succeeded (1s).

INFO:    Checking out 1 license(s) of feature: 'Pegasus_UI' version 22.2
INFO:    License checkout successful ... 2025-12-03 01:54:54
Checking in SoftShare license Pegasus_UI ... succeeded (1s).

INFO:    Checking out 1 license(s) of feature: 'Pegasus_UI' version 22.2
INFO:    License checkout successful ... 2025-12-03 01:55:12
Checking in SoftShare license Pegasus_UI ... succeeded (1s).

INFO:    Checking out 1 license(s) of feature: 'Pegasus_UI' version 22.2
INFO:    License checkout successful ... 2025-12-03 02:05:27
Checking in SoftShare license Pegasus_UI ... succeeded (1s).

INFO:    Checking out 1 license(s) of feature: 'Pegasus_UI' version 22.2
INFO:    License checkout successful ... 2025-12-03 17:06:44

INFO:    Checking out 1 license(s) of feature: 'Pegasus_UI' version 22.2
INFO:    License checkout successful ... 2025-12-03 17:13:24
Checking in SoftShare license Pegasus_UI ... succeeded (1s).

INFO:    Checking out 1 license(s) of feature: 'Pegasus_UI' version 22.2
INFO:    License checkout successful ... 2025-12-03 17:13:33
Checking in SoftShare license Pegasus_UI ... succeeded (1s).

INFO:    Checking out 1 license(s) of feature: 'Pegasus_UI' version 22.2
INFO:    License checkout successful ... 2025-12-03 17:18:01
Checking in SoftShare license Pegasus_UI ... succeeded (1s).

INFO:    Checking out 1 license(s) of feature: 'Pegasus_UI' version 22.2
INFO:    License checkout successful ... 2025-12-03 17:23:47
Checking in SoftShare license Pegasus_UI ... succeeded (1s).

INFO:    Checking out 1 license(s) of feature: 'Pegasus_UI' version 22.2
INFO:    License checkout successful ... 2025-12-03 17:48:30
Checking in SoftShare license Pegasus_UI ... succeeded (1s).

INFO:    Checking out 1 license(s) of feature: 'Pegasus_UI' version 22.2
INFO:    License checkout successful ... 2025-12-03 17:49:39
Checking in SoftShare license Pegasus_UI ... succeeded (1s).
