[Simulation Monitor: 14]
[2025-11-19 12:04:42.775 -0800] [PROCESS] [cadence.virtuoso.ade.simulationMonitor] - Simulation Monitor has successfully started up. Trying to set up communication channels to other components ... {"hostname": "viterbi-scf2", "processid": 173208, "logfile": "/home/viterbi/08/vemurina/work_gpdk045/16-bit-multiply-and-accumulate-MAC-circuit/logs_vemurina/logs0/Job14.log"}
[2025-11-19 12:04:42.791 -0800] [PROCESS] [cadence.virtuoso.ade.simulationMonitor] - Communication channels have been successfully set up. Start processing events ... {"hostname": "viterbi-scf2", "processid": 173208, "logfile": "/home/viterbi/08/vemurina/work_gpdk045/16-bit-multiply-and-accumulate-MAC-circuit/logs_vemurina/logs0/Job14.log"}
[2025-11-19 12:04:42.791 -0800] [PROCESS] [cadence.virtuoso.ade.simulationMonitor] - Considering to start history {"hostname": "viterbi-scf2", "processid": 173208, "history": "ExplorerRun.0", "logfile": "/home/viterbi/08/vemurina/work_gpdk045/16-bit-multiply-and-accumulate-MAC-circuit/logs_vemurina/logs0/Job14.log"}
[2025-11-19 12:04:42.810 -0800] [PROCESS] [cadence.virtuoso.ade.simulationMonitor] - HostInfo:
Host name (type):	viterbi-scf2 (x86_64)
Operating system:	Linux 3.10.0-1160.119.1.el7.tuxcare.els25.x86_64 #1 SMP Wed Oct 1 17:37:27 UTC 2025 {"hostname": "viterbi-scf2", "processid": 173208, "history": "ExplorerRun.0", "logfile": "/home/viterbi/08/vemurina/work_gpdk045/16-bit-multiply-and-accumulate-MAC-circuit/logs_vemurina/logs0/Job14.log", "nodename": "viterbi-scf2", "domainname": "viterbi", "machine": "x86_64", "sysname": "Linux", "release": "3.10.0-1160.119.1.el7.tuxcare.els25.x86_64", "version": "#1 SMP Wed Oct 1 17:37:27 UTC 2025"}
[2025-11-19 12:04:42.812 -0800] [PROCESS] [cadence.virtuoso.ade.simulationMonitor] - UsageInfo:
pid=173208
totalPhysicalMemory=1007.038651GB,Used=231.324062GB,totalVirtualMemory=1007.038651GB,Used=231.324062GB
Cpu: Cores=112, Load average:41.760000,41.030000,41.070000 {"hostname": "viterbi-scf2", "processid": 173208, "history": "ExplorerRun.0", "logfile": "/home/viterbi/08/vemurina/work_gpdk045/16-bit-multiply-and-accumulate-MAC-circuit/logs_vemurina/logs0/Job14.log", "pid": "173208", "totalPhysicalMemory": "1007.038651", "physicalMemoryUsed": "231.324062", "totalVirtualMemory": "1007.038651", "virtualMemoryUsed": "231.324062", "cpuCores": "112", "processes": "6422", "loadAverage1": "41.760000", "loadAverage5": "41.030000", "loadAverage15": "41.070000", "loadAverage1Percent": "0.372857"}
[2025-11-19 12:04:42.815 -0800] [EVENT] [cadence.virtuoso.ade.simulationMonitor] - NewPoint {"history": "ExplorerRun.0", "point": 1, "testname": "carry_save_addition_16_bit_6_to_2_encoder_1", "cornername": "Nominal", "event": "NewPoint", "EventSource": "Simulation Monitor", "HistoryName": "ExplorerRun.0", "logFile": "/home/viterbi/08/vemurina/work_gpdk045/16-bit-multiply-and-accumulate-MAC-circuit/logs_vemurina/logs0/Job14.log", "logFileSize": "2499"}
[2025-11-19 12:04:43.020 -0800] [EVENT] [cadence.virtuoso.ade.simulationMonitor] - NewPoint {"history": "ExplorerRun.0", "point": 1, "testname": "carry_save_addition_16_bit_6_to_2_encoder_1", "cornername": "Nominal", "event": "NewPoint", "EventSource": "spectre", "HistoryName": "ExplorerRun.0", "logFile": "/home/viterbi/08/vemurina/simulation/carry_save_addition/16_bit_6_to_2_encoder/maestro/results/maestro/ExplorerRun.0/1/carry_save_addition_16_bit_6_to_2_encoder_1/psf/spectre.out", "logFileSize": "-1"}
[2025-11-19 12:04:43.046 -0800] [PROCESS] [cadence.virtuoso.ade.simulationMonitor] - Simulator launched {"hostname": "viterbi-scf2", "processid": 173208, "history": "ExplorerRun.0", "testname": "carry_save_addition_16_bit_6_to_2_encoder_1", "cornername": "Nominal", "point": 1, "logfile": "/home/viterbi/08/vemurina/work_gpdk045/16-bit-multiply-and-accumulate-MAC-circuit/logs_vemurina/logs0/Job14.log", "simid": "1"}
[2025-11-19 12:04:43.049 -0800] [PROCESS] [cadence.virtuoso.ade.simulationMonitor] - Expression evaluator launched {"hostname": "viterbi-scf2", "processid": 173208, "history": "ExplorerRun.0", "testname": "carry_save_addition_16_bit_6_to_2_encoder_1", "cornername": "Nominal", "point": 1, "logfile": "/home/viterbi/08/vemurina/work_gpdk045/16-bit-multiply-and-accumulate-MAC-circuit/logs_vemurina/logs0/Job14.log"}
[2025-11-19 12:04:43.671 -0800] [PROCESS] [cadence.virtuoso.ade.simulationMonitor] - Started Simulation {"hostname": "viterbi-scf2", "processid": 173208, "history": "ExplorerRun.0", "testname": "carry_save_addition_16_bit_6_to_2_encoder_1", "cornername": "Nominal", "point": 1, "logfile": "/home/viterbi/08/vemurina/work_gpdk045/16-bit-multiply-and-accumulate-MAC-circuit/logs_vemurina/logs0/Job14.log", "event": "started", "task": "simulation"}
[2025-11-19 12:04:44.175 -0800] [INFO] [cadence.virtuoso.ade.simulationMonitor] - Notice from spectre during Digital Vector read-in.
    Process Vector Files.
    File read: /home/viterbi/08/vemurina/work_gpdk045/16-bit-multiply-and-accumulate-MAC-circuit/project_phase_2.vec {"history": "ExplorerRun.0", "point": 1, "testname": "carry_save_addition_16_bit_6_to_2_encoder_1", "cornername": "Nominal"}
[2025-11-19 12:04:44.177 -0800] [INFO] [cadence.virtuoso.ade.simulationMonitor] - Peak resident memory used = 58.3 Mbytes. {"history": "ExplorerRun.0", "point": 1, "testname": "carry_save_addition_16_bit_6_to_2_encoder_1", "cornername": "Nominal"}
[2025-11-19 12:04:49.182 -0800] [INFO] [cadence.virtuoso.ade.simulationMonitor] - Peak resident memory used = 86.6 Mbytes. {"history": "ExplorerRun.0", "point": 1, "testname": "carry_save_addition_16_bit_6_to_2_encoder_1", "cornername": "Nominal"}
[2025-11-19 12:04:49.684 -0800] [INFO] [cadence.virtuoso.ade.simulationMonitor] - Peak resident memory used = 97.8 Mbytes. {"history": "ExplorerRun.0", "point": 1, "testname": "carry_save_addition_16_bit_6_to_2_encoder_1", "cornername": "Nominal"}
[2025-11-19 12:04:49.686 -0800] [INFO] [cadence.virtuoso.ade.simulationMonitor] - Notice from spectre during topology check.
    Only one connection to node `out1_0'. {"history": "ExplorerRun.0", "point": 1, "testname": "carry_save_addition_16_bit_6_to_2_encoder_1", "cornername": "Nominal"}
[2025-11-19 12:04:50.194 -0800] [INFO] [cadence.virtuoso.ade.simulationMonitor] -               nodes 4653 {"history": "ExplorerRun.0", "point": 1, "testname": "carry_save_addition_16_bit_6_to_2_encoder_1", "cornername": "Nominal"}
[2025-11-19 12:04:50.197 -0800] [INFO] [cadence.virtuoso.ade.simulationMonitor] - Notice from spectre during initial setup.
    APS Enabled.
    Multithreading Enabled: 8 threads in the system with 112 available processors. {"history": "ExplorerRun.0", "point": 1, "testname": "carry_save_addition_16_bit_6_to_2_encoder_1", "cornername": "Nominal"}
[2025-11-19 12:04:50.199 -0800] [INFO] [cadence.virtuoso.ade.simulationMonitor] - Peak resident memory used = 108 Mbytes. {"history": "ExplorerRun.0", "point": 1, "testname": "carry_save_addition_16_bit_6_to_2_encoder_1", "cornername": "Nominal"}
[2025-11-19 12:04:50.201 -0800] [WARN] [cadence.virtuoso.ade.simulationMonitor] -     WARNING (SPECTRE-16707): Only tran supports psfxl format, result of other analyses will be in psfbin format. {"history": "ExplorerRun.0", "point": 1, "testname": "carry_save_addition_16_bit_6_to_2_encoder_1", "cornername": "Nominal"}
[2025-11-19 12:04:58.207 -0800] [INFO] [cadence.virtuoso.ade.simulationMonitor] - Notice from spectre during IC analysis, during transient analysis `tran'.
    Bad pivoting is found during DC analysis. Option dc_pivot_check=yes is recommended for possible improvement of convergence. {"history": "ExplorerRun.0", "point": 1, "testname": "carry_save_addition_16_bit_6_to_2_encoder_1", "cornername": "Nominal"}
[2025-11-19 12:05:06.713 -0800] [INFO] [cadence.virtuoso.ade.simulationMonitor] - Total time required for tran analysis `tran': CPU = 59.1422 s, elapsed = 16.1783 s. {"history": "ExplorerRun.0", "point": 1, "testname": "carry_save_addition_16_bit_6_to_2_encoder_1", "cornername": "Nominal"}
[2025-11-19 12:05:06.715 -0800] [INFO] [cadence.virtuoso.ade.simulationMonitor] - Peak resident memory used = 272 Mbytes. {"history": "ExplorerRun.0", "point": 1, "testname": "carry_save_addition_16_bit_6_to_2_encoder_1", "cornername": "Nominal"}
[2025-11-19 12:05:07.223 -0800] [INFO] [cadence.virtuoso.ade.simulationMonitor] - Time used: CPU = 66.2 s (1m  6.2s), elapsed = 23.6 s, util. = 280%. {"history": "ExplorerRun.0", "point": 1, "testname": "carry_save_addition_16_bit_6_to_2_encoder_1", "cornername": "Nominal"}
[2025-11-19 12:05:07.226 -0800] [INFO] [cadence.virtuoso.ade.simulationMonitor] - Time spent in licensing: elapsed = 58.1 ms. {"history": "ExplorerRun.0", "point": 1, "testname": "carry_save_addition_16_bit_6_to_2_encoder_1", "cornername": "Nominal"}
[2025-11-19 12:05:07.234 -0800] [INFO] [cadence.virtuoso.ade.simulationMonitor] - Peak memory used = 272 Mbytes. {"history": "ExplorerRun.0", "point": 1, "testname": "carry_save_addition_16_bit_6_to_2_encoder_1", "cornername": "Nominal"}
[2025-11-19 12:05:07.242 -0800] [PROCESS] [cadence.virtuoso.ade.simulationMonitor] - Simulation started at: 12:04:43 PM, Wed Nov 19, 2025, ended at: 12:05:06 PM, Wed Nov 19, 2025, with elapsed time (wall clock): 23.6 s. {"history": "ExplorerRun.0", "point": 1, "testname": "carry_save_addition_16_bit_6_to_2_encoder_1", "cornername": "Nominal"}
[2025-11-19 12:05:07.247 -0800] [PROCESS] [cadence.virtuoso.ade.simulationMonitor] - spectre completes with 0 errors, 1 warning, and 6 notices. {"history": "ExplorerRun.0", "point": 1, "testname": "carry_save_addition_16_bit_6_to_2_encoder_1", "cornername": "Nominal"}
[2025-11-19 12:05:07.249 -0800] [PROCESS] [cadence.virtuoso.ade.simulationMonitor] - Finished simulating for one point {"hostname": "viterbi-scf2", "processid": 173208, "history": "ExplorerRun.0", "testname": "carry_save_addition_16_bit_6_to_2_encoder_1", "cornername": "Nominal", "point": 1, "logfile": "/home/viterbi/08/vemurina/work_gpdk045/16-bit-multiply-and-accumulate-MAC-circuit/logs_vemurina/logs0/Job14.log", "simid": "1"}
[2025-11-19 12:05:07.252 -0800] [PROCESS] [cadence.virtuoso.ade.simulationMonitor] - Simulator exited {"hostname": "viterbi-scf2", "processid": 173208, "history": "ExplorerRun.0", "testname": "carry_save_addition_16_bit_6_to_2_encoder_1", "cornername": "Nominal", "point": 1, "logfile": "/home/viterbi/08/vemurina/work_gpdk045/16-bit-multiply-and-accumulate-MAC-circuit/logs_vemurina/logs0/Job14.log", "exitStatus": "0"}
[2025-11-19 12:05:07.255 -0800] [PROCESS] [cadence.virtuoso.ade.simulationMonitor] - Finished Simulation {"hostname": "viterbi-scf2", "processid": 173208, "history": "ExplorerRun.0", "testname": "carry_save_addition_16_bit_6_to_2_encoder_1", "cornername": "Nominal", "point": 1, "logfile": "/home/viterbi/08/vemurina/work_gpdk045/16-bit-multiply-and-accumulate-MAC-circuit/logs_vemurina/logs0/Job14.log", "simid": "1"}
[2025-11-19 12:05:08.799 -0800] [PROCESS] [cadence.virtuoso.ade.simulationMonitor] - Point Finished {"hostname": "viterbi-scf2", "processid": 173208, "history": "ExplorerRun.0", "testname": "carry_save_addition_16_bit_6_to_2_encoder_1", "cornername": "Nominal", "point": 1, "logfile": "/home/viterbi/08/vemurina/work_gpdk045/16-bit-multiply-and-accumulate-MAC-circuit/logs_vemurina/logs0/Job14.log"}
[2025-11-19 12:05:09.814 -0800] [PROCESS] [cadence.virtuoso.ade.simulationMonitor] - Stay with the runId '13', Linger time '300', currentRunSyn '27', currentTestSyn '28' {"hostname": "viterbi-scf2", "processid": 173208, "history": "ExplorerRun.0", "testname": "carry_save_addition_16_bit_6_to_2_encoder_1", "cornername": "Nominal", "point": 1, "logfile": "/home/viterbi/08/vemurina/work_gpdk045/16-bit-multiply-and-accumulate-MAC-circuit/logs_vemurina/logs0/Job14.log"}
[2025-11-19 12:05:10.831 -0800] [PROCESS] [cadence.virtuoso.ade.simulationMonitor] - Stay with the runId '13', Linger time '300', currentRunSyn '27', currentTestSyn '28' {"hostname": "viterbi-scf2", "processid": 173208, "history": "ExplorerRun.0", "testname": "carry_save_addition_16_bit_6_to_2_encoder_1", "cornername": "Nominal", "point": 1, "logfile": "/home/viterbi/08/vemurina/work_gpdk045/16-bit-multiply-and-accumulate-MAC-circuit/logs_vemurina/logs0/Job14.log"}
[2025-11-19 12:07:30.437 -0800] [INFO] [cadence.virtuoso.ade.simulationMonitor] - SimulationMonitor has terminated the vds process '173243', reason: 'Force to stop the expression evalutor process because of new run' {"history": "ExplorerRun.0", "point": 1, "testname": "carry_save_addition_16_bit_6_to_2_encoder_1", "cornername": "Nominal"}
[2025-11-19 12:07:30.442 -0800] [PROCESS] [cadence.virtuoso.ade.simulationMonitor] - HostInfo:
Host name (type):	viterbi-scf2 (x86_64)
Operating system:	Linux 3.10.0-1160.119.1.el7.tuxcare.els25.x86_64 #1 SMP Wed Oct 1 17:37:27 UTC 2025 {"hostname": "viterbi-scf2", "processid": 173208, "history": "ExplorerRun.0", "testname": "carry_save_addition_16_bit_6_to_2_encoder_1", "cornername": "Nominal", "point": 1, "logfile": "/home/viterbi/08/vemurina/work_gpdk045/16-bit-multiply-and-accumulate-MAC-circuit/logs_vemurina/logs0/Job14.log", "nodename": "viterbi-scf2", "domainname": "viterbi", "machine": "x86_64", "sysname": "Linux", "release": "3.10.0-1160.119.1.el7.tuxcare.els25.x86_64", "version": "#1 SMP Wed Oct 1 17:37:27 UTC 2025"}
[2025-11-19 12:07:30.444 -0800] [PROCESS] [cadence.virtuoso.ade.simulationMonitor] - UsageInfo:
pid=173208
totalPhysicalMemory=1007.038651GB,Used=231.587601GB,totalVirtualMemory=1007.038651GB,Used=231.587601GB
Cpu: Cores=112, Load average:40.760000,41.020000,41.070000 {"hostname": "viterbi-scf2", "processid": 173208, "history": "ExplorerRun.0", "testname": "carry_save_addition_16_bit_6_to_2_encoder_1", "cornername": "Nominal", "point": 1, "logfile": "/home/viterbi/08/vemurina/work_gpdk045/16-bit-multiply-and-accumulate-MAC-circuit/logs_vemurina/logs0/Job14.log", "pid": "173208", "totalPhysicalMemory": "1007.038651", "physicalMemoryUsed": "231.587601", "totalVirtualMemory": "1007.038651", "virtualMemoryUsed": "231.587601", "cpuCores": "112", "processes": "6462", "loadAverage1": "40.760000", "loadAverage5": "41.020000", "loadAverage15": "41.070000", "loadAverage1Percent": "0.363929"}
[2025-11-19 12:07:30.448 -0800] [EVENT] [cadence.virtuoso.ade.simulationMonitor] - NewPoint {"history": "ExplorerRun.0", "point": 1, "testname": "carry_save_addition_16_bit_6_to_2_encoder_1", "cornername": "Nominal", "event": "NewPoint", "EventSource": "Simulation Monitor", "HistoryName": "ExplorerRun.0", "logFile": "/home/viterbi/08/vemurina/work_gpdk045/16-bit-multiply-and-accumulate-MAC-circuit/logs_vemurina/logs0/Job14.log", "logFileSize": "14240"}
[2025-11-19 12:07:30.756 -0800] [EVENT] [cadence.virtuoso.ade.simulationMonitor] - NewPoint {"history": "ExplorerRun.0", "point": 1, "testname": "carry_save_addition_16_bit_6_to_2_encoder_1", "cornername": "Nominal", "event": "NewPoint", "EventSource": "spectre", "HistoryName": "ExplorerRun.0", "logFile": "/home/viterbi/08/vemurina/simulation/carry_save_addition/16_bit_6_to_2_encoder/maestro/results/maestro/ExplorerRun.0/1/carry_save_addition_16_bit_6_to_2_encoder_1/psf/spectre.out", "logFileSize": "-1"}
[2025-11-19 12:07:30.818 -0800] [PROCESS] [cadence.virtuoso.ade.simulationMonitor] - Simulator launched {"hostname": "viterbi-scf2", "processid": 173208, "history": "ExplorerRun.0", "testname": "carry_save_addition_16_bit_6_to_2_encoder_1", "cornername": "Nominal", "point": 1, "logfile": "/home/viterbi/08/vemurina/work_gpdk045/16-bit-multiply-and-accumulate-MAC-circuit/logs_vemurina/logs0/Job14.log", "simid": "2"}
[2025-11-19 12:07:30.827 -0800] [PROCESS] [cadence.virtuoso.ade.simulationMonitor] - Expression evaluator launched {"hostname": "viterbi-scf2", "processid": 173208, "history": "ExplorerRun.0", "testname": "carry_save_addition_16_bit_6_to_2_encoder_1", "cornername": "Nominal", "point": 1, "logfile": "/home/viterbi/08/vemurina/work_gpdk045/16-bit-multiply-and-accumulate-MAC-circuit/logs_vemurina/logs0/Job14.log"}
[2025-11-19 12:07:31.457 -0800] [PROCESS] [cadence.virtuoso.ade.simulationMonitor] - Started Simulation {"hostname": "viterbi-scf2", "processid": 173208, "history": "ExplorerRun.0", "testname": "carry_save_addition_16_bit_6_to_2_encoder_1", "cornername": "Nominal", "point": 1, "logfile": "/home/viterbi/08/vemurina/work_gpdk045/16-bit-multiply-and-accumulate-MAC-circuit/logs_vemurina/logs0/Job14.log", "event": "started", "task": "simulation"}
[2025-11-19 12:07:31.959 -0800] [INFO] [cadence.virtuoso.ade.simulationMonitor] - Notice from spectre during Digital Vector read-in.
    Process Vector Files. {"history": "ExplorerRun.0", "point": 1, "testname": "carry_save_addition_16_bit_6_to_2_encoder_1", "cornername": "Nominal"}
[2025-11-19 12:07:31.961 -0800] [INFO] [cadence.virtuoso.ade.simulationMonitor] - Peak resident memory used = 60.3 Mbytes. {"history": "ExplorerRun.0", "point": 1, "testname": "carry_save_addition_16_bit_6_to_2_encoder_1", "cornername": "Nominal"}
[2025-11-19 12:07:37.471 -0800] [INFO] [cadence.virtuoso.ade.simulationMonitor] - Peak resident memory used = 88.5 Mbytes. {"history": "ExplorerRun.0", "point": 1, "testname": "carry_save_addition_16_bit_6_to_2_encoder_1", "cornername": "Nominal"}
[2025-11-19 12:07:37.973 -0800] [INFO] [cadence.virtuoso.ade.simulationMonitor] - Peak resident memory used = 99.7 Mbytes. {"history": "ExplorerRun.0", "point": 1, "testname": "carry_save_addition_16_bit_6_to_2_encoder_1", "cornername": "Nominal"}
[2025-11-19 12:07:37.974 -0800] [INFO] [cadence.virtuoso.ade.simulationMonitor] - Notice from spectre during topology check.
    Only one connection to node `out1_0'. {"history": "ExplorerRun.0", "point": 1, "testname": "carry_save_addition_16_bit_6_to_2_encoder_1", "cornername": "Nominal"}
[2025-11-19 12:07:37.980 -0800] [INFO] [cadence.virtuoso.ade.simulationMonitor] -               nodes 4653 {"history": "ExplorerRun.0", "point": 1, "testname": "carry_save_addition_16_bit_6_to_2_encoder_1", "cornername": "Nominal"}
[2025-11-19 12:07:37.982 -0800] [INFO] [cadence.virtuoso.ade.simulationMonitor] - Notice from spectre during initial setup.
    APS Enabled.
    Multithreading Enabled: 8 threads in the system with 112 available processors. {"history": "ExplorerRun.0", "point": 1, "testname": "carry_save_addition_16_bit_6_to_2_encoder_1", "cornername": "Nominal"}
[2025-11-19 12:07:37.983 -0800] [INFO] [cadence.virtuoso.ade.simulationMonitor] - Peak resident memory used = 110 Mbytes. {"history": "ExplorerRun.0", "point": 1, "testname": "carry_save_addition_16_bit_6_to_2_encoder_1", "cornername": "Nominal"}
[2025-11-19 12:07:37.984 -0800] [WARN] [cadence.virtuoso.ade.simulationMonitor] -     WARNING (SPECTRE-16707): Only tran supports psfxl format, result of other analyses will be in psfbin format. {"history": "ExplorerRun.0", "point": 1, "testname": "carry_save_addition_16_bit_6_to_2_encoder_1", "cornername": "Nominal"}
[2025-11-19 12:07:46.497 -0800] [INFO] [cadence.virtuoso.ade.simulationMonitor] - Notice from spectre during IC analysis, during transient analysis `tran'.
    Bad pivoting is found during DC analysis. Option dc_pivot_check=yes is recommended for possible improvement of convergence. {"history": "ExplorerRun.0", "point": 1, "testname": "carry_save_addition_16_bit_6_to_2_encoder_1", "cornername": "Nominal"}
[2025-11-19 12:07:55.507 -0800] [INFO] [cadence.virtuoso.ade.simulationMonitor] - Total time required for tran analysis `tran': CPU = 59.6013 s, elapsed = 17.0658 s. {"history": "ExplorerRun.0", "point": 1, "testname": "carry_save_addition_16_bit_6_to_2_encoder_1", "cornername": "Nominal"}
[2025-11-19 12:07:55.509 -0800] [INFO] [cadence.virtuoso.ade.simulationMonitor] - Peak resident memory used = 274 Mbytes. {"history": "ExplorerRun.0", "point": 1, "testname": "carry_save_addition_16_bit_6_to_2_encoder_1", "cornername": "Nominal"}
[2025-11-19 12:07:56.015 -0800] [INFO] [cadence.virtuoso.ade.simulationMonitor] - Time used: CPU = 67 s (1m  7.0s), elapsed = 24.8 s, util. = 270%. {"history": "ExplorerRun.0", "point": 1, "testname": "carry_save_addition_16_bit_6_to_2_encoder_1", "cornername": "Nominal"}
[2025-11-19 12:07:56.018 -0800] [INFO] [cadence.virtuoso.ade.simulationMonitor] - Time spent in licensing: elapsed = 62 ms. {"history": "ExplorerRun.0", "point": 1, "testname": "carry_save_addition_16_bit_6_to_2_encoder_1", "cornername": "Nominal"}
[2025-11-19 12:07:56.024 -0800] [INFO] [cadence.virtuoso.ade.simulationMonitor] - Peak memory used = 274 Mbytes. {"history": "ExplorerRun.0", "point": 1, "testname": "carry_save_addition_16_bit_6_to_2_encoder_1", "cornername": "Nominal"}
[2025-11-19 12:07:56.029 -0800] [PROCESS] [cadence.virtuoso.ade.simulationMonitor] - Simulation started at: 12:07:30 PM, Wed Nov 19, 2025, ended at: 12:07:55 PM, Wed Nov 19, 2025, with elapsed time (wall clock): 24.8 s. {"history": "ExplorerRun.0", "point": 1, "testname": "carry_save_addition_16_bit_6_to_2_encoder_1", "cornername": "Nominal"}
[2025-11-19 12:07:56.030 -0800] [PROCESS] [cadence.virtuoso.ade.simulationMonitor] - spectre completes with 0 errors, 1 warning, and 6 notices. {"history": "ExplorerRun.0", "point": 1, "testname": "carry_save_addition_16_bit_6_to_2_encoder_1", "cornername": "Nominal"}
[2025-11-19 12:07:56.033 -0800] [PROCESS] [cadence.virtuoso.ade.simulationMonitor] - Finished simulating for one point {"hostname": "viterbi-scf2", "processid": 173208, "history": "ExplorerRun.0", "testname": "carry_save_addition_16_bit_6_to_2_encoder_1", "cornername": "Nominal", "point": 1, "logfile": "/home/viterbi/08/vemurina/work_gpdk045/16-bit-multiply-and-accumulate-MAC-circuit/logs_vemurina/logs0/Job14.log", "simid": "2"}
[2025-11-19 12:07:56.036 -0800] [PROCESS] [cadence.virtuoso.ade.simulationMonitor] - Simulator exited {"hostname": "viterbi-scf2", "processid": 173208, "history": "ExplorerRun.0", "testname": "carry_save_addition_16_bit_6_to_2_encoder_1", "cornername": "Nominal", "point": 1, "logfile": "/home/viterbi/08/vemurina/work_gpdk045/16-bit-multiply-and-accumulate-MAC-circuit/logs_vemurina/logs0/Job14.log", "exitStatus": "0"}
[2025-11-19 12:07:56.039 -0800] [PROCESS] [cadence.virtuoso.ade.simulationMonitor] - Finished Simulation {"hostname": "viterbi-scf2", "processid": 173208, "history": "ExplorerRun.0", "testname": "carry_save_addition_16_bit_6_to_2_encoder_1", "cornername": "Nominal", "point": 1, "logfile": "/home/viterbi/08/vemurina/work_gpdk045/16-bit-multiply-and-accumulate-MAC-circuit/logs_vemurina/logs0/Job14.log", "simid": "2"}
[2025-11-19 12:07:58.079 -0800] [PROCESS] [cadence.virtuoso.ade.simulationMonitor] - Point Finished {"hostname": "viterbi-scf2", "processid": 173208, "history": "ExplorerRun.0", "testname": "carry_save_addition_16_bit_6_to_2_encoder_1", "cornername": "Nominal", "point": 1, "logfile": "/home/viterbi/08/vemurina/work_gpdk045/16-bit-multiply-and-accumulate-MAC-circuit/logs_vemurina/logs0/Job14.log"}
[2025-11-19 12:07:59.094 -0800] [PROCESS] [cadence.virtuoso.ade.simulationMonitor] - Stay with the runId '14', Linger time '300', currentRunSyn '29', currentTestSyn '30' {"hostname": "viterbi-scf2", "processid": 173208, "history": "ExplorerRun.0", "testname": "carry_save_addition_16_bit_6_to_2_encoder_1", "cornername": "Nominal", "point": 1, "logfile": "/home/viterbi/08/vemurina/work_gpdk045/16-bit-multiply-and-accumulate-MAC-circuit/logs_vemurina/logs0/Job14.log"}
[2025-11-19 12:08:00.096 -0800] [PROCESS] [cadence.virtuoso.ade.simulationMonitor] - Stay with the runId '14', Linger time '300', currentRunSyn '29', currentTestSyn '30' {"hostname": "viterbi-scf2", "processid": 173208, "history": "ExplorerRun.0", "testname": "carry_save_addition_16_bit_6_to_2_encoder_1", "cornername": "Nominal", "point": 1, "logfile": "/home/viterbi/08/vemurina/work_gpdk045/16-bit-multiply-and-accumulate-MAC-circuit/logs_vemurina/logs0/Job14.log"}
[2025-11-19 12:10:51.612 -0800] [INFO] [cadence.virtuoso.ade.simulationMonitor] - SimulationMonitor has terminated the vds process '176919', reason: 'Force to stop the expression evalutor process because of new run' {"history": "ExplorerRun.0", "point": 1, "testname": "carry_save_addition_16_bit_6_to_2_encoder_1", "cornername": "Nominal"}
[2025-11-19 12:10:51.617 -0800] [PROCESS] [cadence.virtuoso.ade.simulationMonitor] - HostInfo:
Host name (type):	viterbi-scf2 (x86_64)
Operating system:	Linux 3.10.0-1160.119.1.el7.tuxcare.els25.x86_64 #1 SMP Wed Oct 1 17:37:27 UTC 2025 {"hostname": "viterbi-scf2", "processid": 173208, "history": "ExplorerRun.0", "testname": "carry_save_addition_16_bit_6_to_2_encoder_1", "cornername": "Nominal", "point": 1, "logfile": "/home/viterbi/08/vemurina/work_gpdk045/16-bit-multiply-and-accumulate-MAC-circuit/logs_vemurina/logs0/Job14.log", "nodename": "viterbi-scf2", "domainname": "viterbi", "machine": "x86_64", "sysname": "Linux", "release": "3.10.0-1160.119.1.el7.tuxcare.els25.x86_64", "version": "#1 SMP Wed Oct 1 17:37:27 UTC 2025"}
[2025-11-19 12:10:51.618 -0800] [PROCESS] [cadence.virtuoso.ade.simulationMonitor] - UsageInfo:
pid=173208
totalPhysicalMemory=1007.038651GB,Used=231.357914GB,totalVirtualMemory=1007.038651GB,Used=231.357914GB
Cpu: Cores=112, Load average:41.060000,40.910000,41.000000 {"hostname": "viterbi-scf2", "processid": 173208, "history": "ExplorerRun.0", "testname": "carry_save_addition_16_bit_6_to_2_encoder_1", "cornername": "Nominal", "point": 1, "logfile": "/home/viterbi/08/vemurina/work_gpdk045/16-bit-multiply-and-accumulate-MAC-circuit/logs_vemurina/logs0/Job14.log", "pid": "173208", "totalPhysicalMemory": "1007.038651", "physicalMemoryUsed": "231.357914", "totalVirtualMemory": "1007.038651", "virtualMemoryUsed": "231.357914", "cpuCores": "112", "processes": "6404", "loadAverage1": "41.060000", "loadAverage5": "40.910000", "loadAverage15": "41.000000", "loadAverage1Percent": "0.366607"}
[2025-11-19 12:10:51.622 -0800] [EVENT] [cadence.virtuoso.ade.simulationMonitor] - NewPoint {"history": "ExplorerRun.0", "point": 1, "testname": "carry_save_addition_16_bit_6_to_2_encoder_1", "cornername": "Nominal", "event": "NewPoint", "EventSource": "Simulation Monitor", "HistoryName": "ExplorerRun.0", "logFile": "/home/viterbi/08/vemurina/work_gpdk045/16-bit-multiply-and-accumulate-MAC-circuit/logs_vemurina/logs0/Job14.log", "logFileSize": "25861"}
[2025-11-19 12:10:51.829 -0800] [EVENT] [cadence.virtuoso.ade.simulationMonitor] - NewPoint {"history": "ExplorerRun.0", "point": 1, "testname": "carry_save_addition_16_bit_6_to_2_encoder_1", "cornername": "Nominal", "event": "NewPoint", "EventSource": "spectre", "HistoryName": "ExplorerRun.0", "logFile": "/home/viterbi/08/vemurina/simulation/carry_save_addition/16_bit_6_to_2_encoder/maestro/results/maestro/ExplorerRun.0/1/carry_save_addition_16_bit_6_to_2_encoder_1/psf/spectre.out", "logFileSize": "-1"}
[2025-11-19 12:10:51.850 -0800] [PROCESS] [cadence.virtuoso.ade.simulationMonitor] - Simulator launched {"hostname": "viterbi-scf2", "processid": 173208, "history": "ExplorerRun.0", "testname": "carry_save_addition_16_bit_6_to_2_encoder_1", "cornername": "Nominal", "point": 1, "logfile": "/home/viterbi/08/vemurina/work_gpdk045/16-bit-multiply-and-accumulate-MAC-circuit/logs_vemurina/logs0/Job14.log", "simid": "3"}
[2025-11-19 12:10:51.854 -0800] [PROCESS] [cadence.virtuoso.ade.simulationMonitor] - Expression evaluator launched {"hostname": "viterbi-scf2", "processid": 173208, "history": "ExplorerRun.0", "testname": "carry_save_addition_16_bit_6_to_2_encoder_1", "cornername": "Nominal", "point": 1, "logfile": "/home/viterbi/08/vemurina/work_gpdk045/16-bit-multiply-and-accumulate-MAC-circuit/logs_vemurina/logs0/Job14.log"}
[2025-11-19 12:10:52.459 -0800] [PROCESS] [cadence.virtuoso.ade.simulationMonitor] - Started Simulation {"hostname": "viterbi-scf2", "processid": 173208, "history": "ExplorerRun.0", "testname": "carry_save_addition_16_bit_6_to_2_encoder_1", "cornername": "Nominal", "point": 1, "logfile": "/home/viterbi/08/vemurina/work_gpdk045/16-bit-multiply-and-accumulate-MAC-circuit/logs_vemurina/logs0/Job14.log", "event": "started", "task": "simulation"}
[2025-11-19 12:10:52.963 -0800] [INFO] [cadence.virtuoso.ade.simulationMonitor] - Notice from spectre during Digital Vector read-in.
    Process Vector Files.
    File read: /home/viterbi/08/vemurina/work_gpdk045/16-bit-multiply-and-accumulate-MAC-circuit/project_phase_2.vec {"history": "ExplorerRun.0", "point": 1, "testname": "carry_save_addition_16_bit_6_to_2_encoder_1", "cornername": "Nominal"}
[2025-11-19 12:10:52.964 -0800] [INFO] [cadence.virtuoso.ade.simulationMonitor] - Peak resident memory used = 58.3 Mbytes. {"history": "ExplorerRun.0", "point": 1, "testname": "carry_save_addition_16_bit_6_to_2_encoder_1", "cornername": "Nominal"}
[2025-11-19 12:10:57.971 -0800] [INFO] [cadence.virtuoso.ade.simulationMonitor] - Peak resident memory used = 86.6 Mbytes. {"history": "ExplorerRun.0", "point": 1, "testname": "carry_save_addition_16_bit_6_to_2_encoder_1", "cornername": "Nominal"}
[2025-11-19 12:10:58.472 -0800] [INFO] [cadence.virtuoso.ade.simulationMonitor] - Peak resident memory used = 97.8 Mbytes. {"history": "ExplorerRun.0", "point": 1, "testname": "carry_save_addition_16_bit_6_to_2_encoder_1", "cornername": "Nominal"}
[2025-11-19 12:10:58.474 -0800] [INFO] [cadence.virtuoso.ade.simulationMonitor] - Notice from spectre during topology check.
    Only one connection to node `out1_0'. {"history": "ExplorerRun.0", "point": 1, "testname": "carry_save_addition_16_bit_6_to_2_encoder_1", "cornername": "Nominal"}
[2025-11-19 12:10:58.981 -0800] [INFO] [cadence.virtuoso.ade.simulationMonitor] -               nodes 4653 {"history": "ExplorerRun.0", "point": 1, "testname": "carry_save_addition_16_bit_6_to_2_encoder_1", "cornername": "Nominal"}
[2025-11-19 12:10:58.984 -0800] [INFO] [cadence.virtuoso.ade.simulationMonitor] - Notice from spectre during initial setup.
    APS Enabled.
    Multithreading Enabled: 8 threads in the system with 112 available processors. {"history": "ExplorerRun.0", "point": 1, "testname": "carry_save_addition_16_bit_6_to_2_encoder_1", "cornername": "Nominal"}
[2025-11-19 12:10:58.987 -0800] [INFO] [cadence.virtuoso.ade.simulationMonitor] - Peak resident memory used = 108 Mbytes. {"history": "ExplorerRun.0", "point": 1, "testname": "carry_save_addition_16_bit_6_to_2_encoder_1", "cornername": "Nominal"}
[2025-11-19 12:10:58.988 -0800] [WARN] [cadence.virtuoso.ade.simulationMonitor] -     WARNING (SPECTRE-16707): Only tran supports psfxl format, result of other analyses will be in psfbin format. {"history": "ExplorerRun.0", "point": 1, "testname": "carry_save_addition_16_bit_6_to_2_encoder_1", "cornername": "Nominal"}
[2025-11-19 12:11:06.994 -0800] [INFO] [cadence.virtuoso.ade.simulationMonitor] - Notice from spectre during IC analysis, during transient analysis `tran'.
    Bad pivoting is found during DC analysis. Option dc_pivot_check=yes is recommended for possible improvement of convergence. {"history": "ExplorerRun.0", "point": 1, "testname": "carry_save_addition_16_bit_6_to_2_encoder_1", "cornername": "Nominal"}
[2025-11-19 12:11:16.000 -0800] [INFO] [cadence.virtuoso.ade.simulationMonitor] - Total time required for tran analysis `tran': CPU = 61.903 s (1m  1.9s), elapsed = 16.6865 s. {"history": "ExplorerRun.0", "point": 1, "testname": "carry_save_addition_16_bit_6_to_2_encoder_1", "cornername": "Nominal"}
[2025-11-19 12:11:16.002 -0800] [INFO] [cadence.virtuoso.ade.simulationMonitor] - Peak resident memory used = 272 Mbytes. {"history": "ExplorerRun.0", "point": 1, "testname": "carry_save_addition_16_bit_6_to_2_encoder_1", "cornername": "Nominal"}
[2025-11-19 12:11:16.508 -0800] [INFO] [cadence.virtuoso.ade.simulationMonitor] - Time used: CPU = 69 s (1m  9.0s), elapsed = 24.1 s, util. = 286%. {"history": "ExplorerRun.0", "point": 1, "testname": "carry_save_addition_16_bit_6_to_2_encoder_1", "cornername": "Nominal"}
[2025-11-19 12:11:16.512 -0800] [INFO] [cadence.virtuoso.ade.simulationMonitor] - Time spent in licensing: elapsed = 47.7 ms. {"history": "ExplorerRun.0", "point": 1, "testname": "carry_save_addition_16_bit_6_to_2_encoder_1", "cornername": "Nominal"}
[2025-11-19 12:11:16.517 -0800] [INFO] [cadence.virtuoso.ade.simulationMonitor] - Peak memory used = 272 Mbytes. {"history": "ExplorerRun.0", "point": 1, "testname": "carry_save_addition_16_bit_6_to_2_encoder_1", "cornername": "Nominal"}
[2025-11-19 12:11:16.524 -0800] [PROCESS] [cadence.virtuoso.ade.simulationMonitor] - Simulation started at: 12:10:51 PM, Wed Nov 19, 2025, ended at: 12:11:16 PM, Wed Nov 19, 2025, with elapsed time (wall clock): 24.1 s. {"history": "ExplorerRun.0", "point": 1, "testname": "carry_save_addition_16_bit_6_to_2_encoder_1", "cornername": "Nominal"}
[2025-11-19 12:11:16.525 -0800] [PROCESS] [cadence.virtuoso.ade.simulationMonitor] - spectre completes with 0 errors, 1 warning, and 6 notices. {"history": "ExplorerRun.0", "point": 1, "testname": "carry_save_addition_16_bit_6_to_2_encoder_1", "cornername": "Nominal"}
[2025-11-19 12:11:16.528 -0800] [PROCESS] [cadence.virtuoso.ade.simulationMonitor] - Finished simulating for one point {"hostname": "viterbi-scf2", "processid": 173208, "history": "ExplorerRun.0", "testname": "carry_save_addition_16_bit_6_to_2_encoder_1", "cornername": "Nominal", "point": 1, "logfile": "/home/viterbi/08/vemurina/work_gpdk045/16-bit-multiply-and-accumulate-MAC-circuit/logs_vemurina/logs0/Job14.log", "simid": "3"}
[2025-11-19 12:11:16.531 -0800] [PROCESS] [cadence.virtuoso.ade.simulationMonitor] - Simulator exited {"hostname": "viterbi-scf2", "processid": 173208, "history": "ExplorerRun.0", "testname": "carry_save_addition_16_bit_6_to_2_encoder_1", "cornername": "Nominal", "point": 1, "logfile": "/home/viterbi/08/vemurina/work_gpdk045/16-bit-multiply-and-accumulate-MAC-circuit/logs_vemurina/logs0/Job14.log", "exitStatus": "0"}
[2025-11-19 12:11:16.534 -0800] [PROCESS] [cadence.virtuoso.ade.simulationMonitor] - Finished Simulation {"hostname": "viterbi-scf2", "processid": 173208, "history": "ExplorerRun.0", "testname": "carry_save_addition_16_bit_6_to_2_encoder_1", "cornername": "Nominal", "point": 1, "logfile": "/home/viterbi/08/vemurina/work_gpdk045/16-bit-multiply-and-accumulate-MAC-circuit/logs_vemurina/logs0/Job14.log", "simid": "3"}
[2025-11-19 12:11:18.577 -0800] [PROCESS] [cadence.virtuoso.ade.simulationMonitor] - Point Finished {"hostname": "viterbi-scf2", "processid": 173208, "history": "ExplorerRun.0", "testname": "carry_save_addition_16_bit_6_to_2_encoder_1", "cornername": "Nominal", "point": 1, "logfile": "/home/viterbi/08/vemurina/work_gpdk045/16-bit-multiply-and-accumulate-MAC-circuit/logs_vemurina/logs0/Job14.log"}
[2025-11-19 12:11:19.608 -0800] [PROCESS] [cadence.virtuoso.ade.simulationMonitor] - Stay with the runId '15', Linger time '300', currentRunSyn '31', currentTestSyn '32' {"hostname": "viterbi-scf2", "processid": 173208, "history": "ExplorerRun.0", "testname": "carry_save_addition_16_bit_6_to_2_encoder_1", "cornername": "Nominal", "point": 1, "logfile": "/home/viterbi/08/vemurina/work_gpdk045/16-bit-multiply-and-accumulate-MAC-circuit/logs_vemurina/logs0/Job14.log"}
