[Simulation Monitor: 18]
[2025-11-18 21:10:39.249 -0800] [PROCESS] [cadence.virtuoso.ade.simulationMonitor] - Simulation Monitor has successfully started up. Trying to set up communication channels to other components ... {"hostname": "viterbi-scf2", "processid": 342675, "logfile": "/home/viterbi/08/vemurina/work_gpdk045/16-bit-multiply-and-accumulate-MAC-circuit/logs_vemurina/logs0/Job18.log"}
[2025-11-18 21:10:39.257 -0800] [PROCESS] [cadence.virtuoso.ade.simulationMonitor] - Communication channels have been successfully set up. Start processing events ... {"hostname": "viterbi-scf2", "processid": 342675, "logfile": "/home/viterbi/08/vemurina/work_gpdk045/16-bit-multiply-and-accumulate-MAC-circuit/logs_vemurina/logs0/Job18.log"}
[2025-11-18 21:10:39.259 -0800] [PROCESS] [cadence.virtuoso.ade.simulationMonitor] - Considering to start history {"hostname": "viterbi-scf2", "processid": 342675, "history": "ExplorerRun.0", "logfile": "/home/viterbi/08/vemurina/work_gpdk045/16-bit-multiply-and-accumulate-MAC-circuit/logs_vemurina/logs0/Job18.log"}
[2025-11-18 21:10:39.318 -0800] [PROCESS] [cadence.virtuoso.ade.simulationMonitor] - HostInfo:
Host name (type):	viterbi-scf2 (x86_64)
Operating system:	Linux 3.10.0-1160.119.1.el7.tuxcare.els25.x86_64 #1 SMP Wed Oct 1 17:37:27 UTC 2025 {"hostname": "viterbi-scf2", "processid": 342675, "history": "ExplorerRun.0", "logfile": "/home/viterbi/08/vemurina/work_gpdk045/16-bit-multiply-and-accumulate-MAC-circuit/logs_vemurina/logs0/Job18.log", "nodename": "viterbi-scf2", "domainname": "viterbi", "machine": "x86_64", "sysname": "Linux", "release": "3.10.0-1160.119.1.el7.tuxcare.els25.x86_64", "version": "#1 SMP Wed Oct 1 17:37:27 UTC 2025"}
[2025-11-18 21:10:39.320 -0800] [PROCESS] [cadence.virtuoso.ade.simulationMonitor] - UsageInfo:
pid=342675
totalPhysicalMemory=1007.038651GB,Used=238.090965GB,totalVirtualMemory=1007.038651GB,Used=238.090965GB
Cpu: Cores=112, Load average:39.270000,39.880000,40.100000 {"hostname": "viterbi-scf2", "processid": 342675, "history": "ExplorerRun.0", "logfile": "/home/viterbi/08/vemurina/work_gpdk045/16-bit-multiply-and-accumulate-MAC-circuit/logs_vemurina/logs0/Job18.log", "pid": "342675", "totalPhysicalMemory": "1007.038651", "physicalMemoryUsed": "238.090965", "totalVirtualMemory": "1007.038651", "virtualMemoryUsed": "238.090965", "cpuCores": "112", "processes": "8311", "loadAverage1": "39.270000", "loadAverage5": "39.880000", "loadAverage15": "40.100000", "loadAverage1Percent": "0.350625"}
[2025-11-18 21:10:39.328 -0800] [EVENT] [cadence.virtuoso.ade.simulationMonitor] - NewPoint {"history": "ExplorerRun.0", "point": 1, "testname": "carry_save_addition_16_bit_6_to_2_encoder_1", "cornername": "Nominal", "event": "NewPoint", "EventSource": "Simulation Monitor", "HistoryName": "ExplorerRun.0", "logFile": "/home/viterbi/08/vemurina/work_gpdk045/16-bit-multiply-and-accumulate-MAC-circuit/logs_vemurina/logs0/Job18.log", "logFileSize": "2499"}
[2025-11-18 21:10:39.634 -0800] [EVENT] [cadence.virtuoso.ade.simulationMonitor] - NewPoint {"history": "ExplorerRun.0", "point": 1, "testname": "carry_save_addition_16_bit_6_to_2_encoder_1", "cornername": "Nominal", "event": "NewPoint", "EventSource": "spectre", "HistoryName": "ExplorerRun.0", "logFile": "/home/viterbi/08/vemurina/simulation/carry_save_addition/16_bit_6_to_2_encoder/maestro/results/maestro/ExplorerRun.0/1/carry_save_addition_16_bit_6_to_2_encoder_1/psf/spectre.out", "logFileSize": "-1"}
[2025-11-18 21:10:39.669 -0800] [PROCESS] [cadence.virtuoso.ade.simulationMonitor] - Simulator launched {"hostname": "viterbi-scf2", "processid": 342675, "history": "ExplorerRun.0", "testname": "carry_save_addition_16_bit_6_to_2_encoder_1", "cornername": "Nominal", "point": 1, "logfile": "/home/viterbi/08/vemurina/work_gpdk045/16-bit-multiply-and-accumulate-MAC-circuit/logs_vemurina/logs0/Job18.log", "simid": "1"}
[2025-11-18 21:10:39.675 -0800] [PROCESS] [cadence.virtuoso.ade.simulationMonitor] - Expression evaluator launched {"hostname": "viterbi-scf2", "processid": 342675, "history": "ExplorerRun.0", "testname": "carry_save_addition_16_bit_6_to_2_encoder_1", "cornername": "Nominal", "point": 1, "logfile": "/home/viterbi/08/vemurina/work_gpdk045/16-bit-multiply-and-accumulate-MAC-circuit/logs_vemurina/logs0/Job18.log"}
[2025-11-18 21:10:40.541 -0800] [PROCESS] [cadence.virtuoso.ade.simulationMonitor] - Started Simulation {"hostname": "viterbi-scf2", "processid": 342675, "history": "ExplorerRun.0", "testname": "carry_save_addition_16_bit_6_to_2_encoder_1", "cornername": "Nominal", "point": 1, "logfile": "/home/viterbi/08/vemurina/work_gpdk045/16-bit-multiply-and-accumulate-MAC-circuit/logs_vemurina/logs0/Job18.log", "event": "started", "task": "simulation"}
[2025-11-18 21:10:40.548 -0800] [INFO] [cadence.virtuoso.ade.simulationMonitor] - Notice from spectre during Digital Vector read-in.
    Process Vector Files.
    File read: /home/viterbi/08/vemurina/work_gpdk045/16-bit-multiply-and-accumulate-MAC-circuit/project_phase_2.vec {"history": "ExplorerRun.0", "point": 1, "testname": "carry_save_addition_16_bit_6_to_2_encoder_1", "cornername": "Nominal"}
[2025-11-18 21:10:40.550 -0800] [ERROR] [cadence.virtuoso.ade.simulationMonitor] -     ERROR (USIMPRS-17702): There are extra arguments in the card (io) and will be ignored by the UltraSim simulator. Check the card before running the simulation again.
        
        **** Statement details for above warning or error ****
         Statement: io i i i i i i o o o o o o o o o o o o o o o o o o o o o o o o o o o o o o o o
         File Name: /home/viterbi/08/vemurina/work_gpdk045/16-bit-multiply-and-accumulate-MAC-circuit/project_phase_2.vec
         Line Number: 2
        **** End of State... {"history": "ExplorerRun.0", "point": 1, "testname": "carry_save_addition_16_bit_6_to_2_encoder_1", "cornername": "Nominal"}
[2025-11-18 21:10:40.560 -0800] [INFO] [cadence.virtuoso.ade.simulationMonitor] - Peak resident memory used = 58 Mbytes. {"history": "ExplorerRun.0", "point": 1, "testname": "carry_save_addition_16_bit_6_to_2_encoder_1", "cornername": "Nominal"}
[2025-11-18 21:10:40.568 -0800] [INFO] [cadence.virtuoso.ade.simulationMonitor] - Notice from spectre.
    Multithreading Enabled: 8 threads in the system with 112 available processors. {"history": "ExplorerRun.0", "point": 1, "testname": "carry_save_addition_16_bit_6_to_2_encoder_1", "cornername": "Nominal"}
[2025-11-18 21:10:40.570 -0800] [INFO] [cadence.virtuoso.ade.simulationMonitor] - Peak resident memory used = 58 Mbytes. {"history": "ExplorerRun.0", "point": 1, "testname": "carry_save_addition_16_bit_6_to_2_encoder_1", "cornername": "Nominal"}
[2025-11-18 21:10:40.572 -0800] [INFO] [cadence.virtuoso.ade.simulationMonitor] - Time used: CPU = 579 ms, elapsed = 715 ms, util. = 80.9%. {"history": "ExplorerRun.0", "point": 1, "testname": "carry_save_addition_16_bit_6_to_2_encoder_1", "cornername": "Nominal"}
[2025-11-18 21:10:40.575 -0800] [INFO] [cadence.virtuoso.ade.simulationMonitor] - Time spent in licensing: elapsed = 23.3 ms. {"history": "ExplorerRun.0", "point": 1, "testname": "carry_save_addition_16_bit_6_to_2_encoder_1", "cornername": "Nominal"}
[2025-11-18 21:10:40.578 -0800] [INFO] [cadence.virtuoso.ade.simulationMonitor] - Peak memory used = 58.6 Mbytes. {"history": "ExplorerRun.0", "point": 1, "testname": "carry_save_addition_16_bit_6_to_2_encoder_1", "cornername": "Nominal"}
[2025-11-18 21:10:40.583 -0800] [PROCESS] [cadence.virtuoso.ade.simulationMonitor] - Simulation started at: 9:10:39 PM, Tue Nov 18, 2025, ended at: 9:10:40 PM, Tue Nov 18, 2025, with elapsed time (wall clock): 715 ms. {"history": "ExplorerRun.0", "point": 1, "testname": "carry_save_addition_16_bit_6_to_2_encoder_1", "cornername": "Nominal"}
[2025-11-18 21:10:40.584 -0800] [PROCESS] [cadence.virtuoso.ade.simulationMonitor] - spectre completes with 1 error, 0 warnings, and 3 notices. {"history": "ExplorerRun.0", "point": 1, "testname": "carry_save_addition_16_bit_6_to_2_encoder_1", "cornername": "Nominal"}
[2025-11-18 21:10:40.585 -0800] [FATAL] [cadence.virtuoso.ade.simulationMonitor] - spectre terminated prematurely due to fatal error. {"history": "ExplorerRun.0", "point": 1, "testname": "carry_save_addition_16_bit_6_to_2_encoder_1", "cornername": "Nominal"}
[2025-11-18 21:10:41.091 -0800] [PROCESS] [cadence.virtuoso.ade.simulationMonitor] - Finished simulating for one point {"hostname": "viterbi-scf2", "processid": 342675, "history": "ExplorerRun.0", "testname": "carry_save_addition_16_bit_6_to_2_encoder_1", "cornername": "Nominal", "point": 1, "logfile": "/home/viterbi/08/vemurina/work_gpdk045/16-bit-multiply-and-accumulate-MAC-circuit/logs_vemurina/logs0/Job18.log", "simid": "1"}
[2025-11-18 21:10:41.093 -0800] [ERROR] [cadence.virtuoso.ade.simulationMonitor] - While simulating run ExplorerRun.0, point 1, test carry_save_addition_16_bit_6_to_2_encoder_1, received error:
Simulation Error:
 The simulator process returned a non-zero exit code, indicating failure.
The simulator could have crashed or intentionally returned to indicate an error.
Check the simulator log file for more information.  Common causes:
1. Simulator may have crashed during exit even after reporting success in log file.
2. Abrupt automatic simulator termination (e.g., SIGKILL) because the simula... {"history": "ExplorerRun.0", "point": 1, "testname": "carry_save_addition_16_bit_6_to_2_encoder_1", "cornername": "Nominal"}
[2025-11-18 21:10:41.098 -0800] [PROCESS] [cadence.virtuoso.ade.simulationMonitor] - Finished Simulation {"hostname": "viterbi-scf2", "processid": 342675, "history": "ExplorerRun.0", "testname": "carry_save_addition_16_bit_6_to_2_encoder_1", "cornername": "Nominal", "point": 1, "logfile": "/home/viterbi/08/vemurina/work_gpdk045/16-bit-multiply-and-accumulate-MAC-circuit/logs_vemurina/logs0/Job18.log", "simid": "1"}
[2025-11-18 21:15:42.948 -0800] [PROCESS] [cadence.virtuoso.ade.simulationMonitor] - Current memory used: 32.4102 MBytes, peak memory used: 32.4102 MBytes {"hostname": "viterbi-scf2", "processid": 342675, "history": "ExplorerRun.0", "testname": "carry_save_addition_16_bit_6_to_2_encoder_1", "cornername": "Nominal", "point": 1, "logfile": "/home/viterbi/08/vemurina/work_gpdk045/16-bit-multiply-and-accumulate-MAC-circuit/logs_vemurina/logs0/Job18.log"}
[2025-11-18 21:15:42.953 -0800] [PROCESS] [cadence.virtuoso.ade.simulationMonitor] - Simulation Monitor process exit. {"hostname": "viterbi-scf2", "processid": 342675, "history": "ExplorerRun.0", "testname": "carry_save_addition_16_bit_6_to_2_encoder_1", "cornername": "Nominal", "point": 1, "logfile": "/home/viterbi/08/vemurina/work_gpdk045/16-bit-multiply-and-accumulate-MAC-circuit/logs_vemurina/logs0/Job18.log"}
