[Simulation Monitor: 2]
[2025-11-19 09:19:43.197 -0800] [PROCESS] [cadence.virtuoso.ade.simulationMonitor] - Simulation Monitor has successfully started up. Trying to set up communication channels to other components ... {"hostname": "viterbi-scf2", "processid": 226362, "logfile": "/home/viterbi/08/vemurina/work_gpdk045/16-bit-multiply-and-accumulate-MAC-circuit/logs_vemurina/logs0/Job2.log"}
[2025-11-19 09:19:43.203 -0800] [PROCESS] [cadence.virtuoso.ade.simulationMonitor] - Communication channels have been successfully set up. Start processing events ... {"hostname": "viterbi-scf2", "processid": 226362, "logfile": "/home/viterbi/08/vemurina/work_gpdk045/16-bit-multiply-and-accumulate-MAC-circuit/logs_vemurina/logs0/Job2.log"}
[2025-11-19 09:19:43.203 -0800] [PROCESS] [cadence.virtuoso.ade.simulationMonitor] - Considering to start history {"hostname": "viterbi-scf2", "processid": 226362, "history": "ExplorerRun.0", "logfile": "/home/viterbi/08/vemurina/work_gpdk045/16-bit-multiply-and-accumulate-MAC-circuit/logs_vemurina/logs0/Job2.log"}
[2025-11-19 09:19:43.224 -0800] [PROCESS] [cadence.virtuoso.ade.simulationMonitor] - HostInfo:
Host name (type):	viterbi-scf2 (x86_64)
Operating system:	Linux 3.10.0-1160.119.1.el7.tuxcare.els25.x86_64 #1 SMP Wed Oct 1 17:37:27 UTC 2025 {"hostname": "viterbi-scf2", "processid": 226362, "history": "ExplorerRun.0", "logfile": "/home/viterbi/08/vemurina/work_gpdk045/16-bit-multiply-and-accumulate-MAC-circuit/logs_vemurina/logs0/Job2.log", "nodename": "viterbi-scf2", "domainname": "viterbi", "machine": "x86_64", "sysname": "Linux", "release": "3.10.0-1160.119.1.el7.tuxcare.els25.x86_64", "version": "#1 SMP Wed Oct 1 17:37:27 UTC 2025"}
[2025-11-19 09:19:43.225 -0800] [PROCESS] [cadence.virtuoso.ade.simulationMonitor] - UsageInfo:
pid=226362
totalPhysicalMemory=1007.038651GB,Used=225.290409GB,totalVirtualMemory=1007.038651GB,Used=225.290409GB
Cpu: Cores=112, Load average:41.230000,40.920000,40.810000 {"hostname": "viterbi-scf2", "processid": 226362, "history": "ExplorerRun.0", "logfile": "/home/viterbi/08/vemurina/work_gpdk045/16-bit-multiply-and-accumulate-MAC-circuit/logs_vemurina/logs0/Job2.log", "pid": "226362", "totalPhysicalMemory": "1007.038651", "physicalMemoryUsed": "225.290409", "totalVirtualMemory": "1007.038651", "virtualMemoryUsed": "225.290409", "cpuCores": "112", "processes": "5612", "loadAverage1": "41.230000", "loadAverage5": "40.920000", "loadAverage15": "40.810000", "loadAverage1Percent": "0.368125"}
[2025-11-19 09:19:43.232 -0800] [EVENT] [cadence.virtuoso.ade.simulationMonitor] - NewPoint {"history": "ExplorerRun.0", "point": 1, "testname": "carry_save_addition_16_bit_3_to_2_encoder_1", "cornername": "Nominal", "event": "NewPoint", "EventSource": "Simulation Monitor", "HistoryName": "ExplorerRun.0", "logFile": "/home/viterbi/08/vemurina/work_gpdk045/16-bit-multiply-and-accumulate-MAC-circuit/logs_vemurina/logs0/Job2.log", "logFileSize": "2493"}
[2025-11-19 09:19:43.537 -0800] [EVENT] [cadence.virtuoso.ade.simulationMonitor] - NewPoint {"history": "ExplorerRun.0", "point": 1, "testname": "carry_save_addition_16_bit_3_to_2_encoder_1", "cornername": "Nominal", "event": "NewPoint", "EventSource": "spectre", "HistoryName": "ExplorerRun.0", "logFile": "/home/viterbi/08/vemurina/simulation/carry_save_addition/16_bit_3_to_2_encoder/maestro/results/maestro/ExplorerRun.0/1/carry_save_addition_16_bit_3_to_2_encoder_1/psf/spectre.out", "logFileSize": "-1"}
[2025-11-19 09:19:43.579 -0800] [PROCESS] [cadence.virtuoso.ade.simulationMonitor] - Simulator launched {"hostname": "viterbi-scf2", "processid": 226362, "history": "ExplorerRun.0", "testname": "carry_save_addition_16_bit_3_to_2_encoder_1", "cornername": "Nominal", "point": 1, "logfile": "/home/viterbi/08/vemurina/work_gpdk045/16-bit-multiply-and-accumulate-MAC-circuit/logs_vemurina/logs0/Job2.log", "simid": "1"}
[2025-11-19 09:19:43.588 -0800] [PROCESS] [cadence.virtuoso.ade.simulationMonitor] - Expression evaluator launched {"hostname": "viterbi-scf2", "processid": 226362, "history": "ExplorerRun.0", "testname": "carry_save_addition_16_bit_3_to_2_encoder_1", "cornername": "Nominal", "point": 1, "logfile": "/home/viterbi/08/vemurina/work_gpdk045/16-bit-multiply-and-accumulate-MAC-circuit/logs_vemurina/logs0/Job2.log"}
[2025-11-19 09:19:44.158 -0800] [PROCESS] [cadence.virtuoso.ade.simulationMonitor] - Started Simulation {"hostname": "viterbi-scf2", "processid": 226362, "history": "ExplorerRun.0", "testname": "carry_save_addition_16_bit_3_to_2_encoder_1", "cornername": "Nominal", "point": 1, "logfile": "/home/viterbi/08/vemurina/work_gpdk045/16-bit-multiply-and-accumulate-MAC-circuit/logs_vemurina/logs0/Job2.log", "event": "started", "task": "simulation"}
[2025-11-19 09:19:44.662 -0800] [INFO] [cadence.virtuoso.ade.simulationMonitor] - Notice from spectre during Digital Vector read-in.
    Process Vector Files.
    File read: /home/viterbi/08/vemurina/work_gpdk045/16-bit-multiply-and-accumulate-MAC-circuit/3to2_compressor.vec {"history": "ExplorerRun.0", "point": 1, "testname": "carry_save_addition_16_bit_3_to_2_encoder_1", "cornername": "Nominal"}
[2025-11-19 09:19:44.664 -0800] [INFO] [cadence.virtuoso.ade.simulationMonitor] - Peak resident memory used = 58.2 Mbytes. {"history": "ExplorerRun.0", "point": 1, "testname": "carry_save_addition_16_bit_3_to_2_encoder_1", "cornername": "Nominal"}
[2025-11-19 09:19:45.668 -0800] [INFO] [cadence.virtuoso.ade.simulationMonitor] - Peak resident memory used = 73 Mbytes. {"history": "ExplorerRun.0", "point": 1, "testname": "carry_save_addition_16_bit_3_to_2_encoder_1", "cornername": "Nominal"}
[2025-11-19 09:19:45.670 -0800] [INFO] [cadence.virtuoso.ade.simulationMonitor] - Peak resident memory used = 75.6 Mbytes. {"history": "ExplorerRun.0", "point": 1, "testname": "carry_save_addition_16_bit_3_to_2_encoder_1", "cornername": "Nominal"}
[2025-11-19 09:19:45.671 -0800] [INFO] [cadence.virtuoso.ade.simulationMonitor] - Notice from spectre during topology check.
    Only one connection to node `out1_0'. {"history": "ExplorerRun.0", "point": 1, "testname": "carry_save_addition_16_bit_3_to_2_encoder_1", "cornername": "Nominal"}
[2025-11-19 09:19:45.676 -0800] [INFO] [cadence.virtuoso.ade.simulationMonitor] -               nodes 1188 {"history": "ExplorerRun.0", "point": 1, "testname": "carry_save_addition_16_bit_3_to_2_encoder_1", "cornername": "Nominal"}
[2025-11-19 09:19:45.678 -0800] [INFO] [cadence.virtuoso.ade.simulationMonitor] - Notice from spectre during initial setup.
    APS Enabled.
    Multithreading Enabled: 8 threads in the system with 112 available processors. {"history": "ExplorerRun.0", "point": 1, "testname": "carry_save_addition_16_bit_3_to_2_encoder_1", "cornername": "Nominal"}
[2025-11-19 09:19:45.679 -0800] [INFO] [cadence.virtuoso.ade.simulationMonitor] - Peak resident memory used = 79.9 Mbytes. {"history": "ExplorerRun.0", "point": 1, "testname": "carry_save_addition_16_bit_3_to_2_encoder_1", "cornername": "Nominal"}
[2025-11-19 09:19:45.679 -0800] [WARN] [cadence.virtuoso.ade.simulationMonitor] -     WARNING (SPECTRE-16707): Only tran supports psfxl format, result of other analyses will be in psfbin format. {"history": "ExplorerRun.0", "point": 1, "testname": "carry_save_addition_16_bit_3_to_2_encoder_1", "cornername": "Nominal"}
[2025-11-19 09:19:47.687 -0800] [INFO] [cadence.virtuoso.ade.simulationMonitor] - Total time required for tran analysis `tran': CPU = 6.07625 s, elapsed = 1.798 s. {"history": "ExplorerRun.0", "point": 1, "testname": "carry_save_addition_16_bit_3_to_2_encoder_1", "cornername": "Nominal"}
[2025-11-19 09:19:47.690 -0800] [INFO] [cadence.virtuoso.ade.simulationMonitor] - Peak resident memory used = 110 Mbytes. {"history": "ExplorerRun.0", "point": 1, "testname": "carry_save_addition_16_bit_3_to_2_encoder_1", "cornername": "Nominal"}
[2025-11-19 09:19:47.693 -0800] [INFO] [cadence.virtuoso.ade.simulationMonitor] - Time used: CPU = 7.73 s, elapsed = 3.75 s, util. = 206%. {"history": "ExplorerRun.0", "point": 1, "testname": "carry_save_addition_16_bit_3_to_2_encoder_1", "cornername": "Nominal"}
[2025-11-19 09:19:47.695 -0800] [INFO] [cadence.virtuoso.ade.simulationMonitor] - Time spent in licensing: elapsed = 62.9 ms. {"history": "ExplorerRun.0", "point": 1, "testname": "carry_save_addition_16_bit_3_to_2_encoder_1", "cornername": "Nominal"}
[2025-11-19 09:19:47.698 -0800] [INFO] [cadence.virtuoso.ade.simulationMonitor] - Peak memory used = 110 Mbytes. {"history": "ExplorerRun.0", "point": 1, "testname": "carry_save_addition_16_bit_3_to_2_encoder_1", "cornername": "Nominal"}
[2025-11-19 09:19:47.703 -0800] [PROCESS] [cadence.virtuoso.ade.simulationMonitor] - Simulation started at: 9:19:43 AM, Wed Nov 19, 2025, ended at: 9:19:47 AM, Wed Nov 19, 2025, with elapsed time (wall clock): 3.75 s. {"history": "ExplorerRun.0", "point": 1, "testname": "carry_save_addition_16_bit_3_to_2_encoder_1", "cornername": "Nominal"}
[2025-11-19 09:19:47.704 -0800] [PROCESS] [cadence.virtuoso.ade.simulationMonitor] - spectre completes with 0 errors, 1 warning, and 5 notices. {"history": "ExplorerRun.0", "point": 1, "testname": "carry_save_addition_16_bit_3_to_2_encoder_1", "cornername": "Nominal"}
[2025-11-19 09:19:47.705 -0800] [PROCESS] [cadence.virtuoso.ade.simulationMonitor] - Finished simulating for one point {"hostname": "viterbi-scf2", "processid": 226362, "history": "ExplorerRun.0", "testname": "carry_save_addition_16_bit_3_to_2_encoder_1", "cornername": "Nominal", "point": 1, "logfile": "/home/viterbi/08/vemurina/work_gpdk045/16-bit-multiply-and-accumulate-MAC-circuit/logs_vemurina/logs0/Job2.log", "simid": "1"}
[2025-11-19 09:19:47.706 -0800] [PROCESS] [cadence.virtuoso.ade.simulationMonitor] - Simulator exited {"hostname": "viterbi-scf2", "processid": 226362, "history": "ExplorerRun.0", "testname": "carry_save_addition_16_bit_3_to_2_encoder_1", "cornername": "Nominal", "point": 1, "logfile": "/home/viterbi/08/vemurina/work_gpdk045/16-bit-multiply-and-accumulate-MAC-circuit/logs_vemurina/logs0/Job2.log", "exitStatus": "0"}
[2025-11-19 09:19:47.707 -0800] [PROCESS] [cadence.virtuoso.ade.simulationMonitor] - Finished Simulation {"hostname": "viterbi-scf2", "processid": 226362, "history": "ExplorerRun.0", "testname": "carry_save_addition_16_bit_3_to_2_encoder_1", "cornername": "Nominal", "point": 1, "logfile": "/home/viterbi/08/vemurina/work_gpdk045/16-bit-multiply-and-accumulate-MAC-circuit/logs_vemurina/logs0/Job2.log", "simid": "1"}
[2025-11-19 09:19:49.735 -0800] [PROCESS] [cadence.virtuoso.ade.simulationMonitor] - Point Finished {"hostname": "viterbi-scf2", "processid": 226362, "history": "ExplorerRun.0", "testname": "carry_save_addition_16_bit_3_to_2_encoder_1", "cornername": "Nominal", "point": 1, "logfile": "/home/viterbi/08/vemurina/work_gpdk045/16-bit-multiply-and-accumulate-MAC-circuit/logs_vemurina/logs0/Job2.log"}
[2025-11-19 09:19:50.754 -0800] [PROCESS] [cadence.virtuoso.ade.simulationMonitor] - Stay with the runId '0', Linger time '300', currentRunSyn '1', currentTestSyn '2' {"hostname": "viterbi-scf2", "processid": 226362, "history": "ExplorerRun.0", "testname": "carry_save_addition_16_bit_3_to_2_encoder_1", "cornername": "Nominal", "point": 1, "logfile": "/home/viterbi/08/vemurina/work_gpdk045/16-bit-multiply-and-accumulate-MAC-circuit/logs_vemurina/logs0/Job2.log"}
[2025-11-19 09:19:51.808 -0800] [PROCESS] [cadence.virtuoso.ade.simulationMonitor] - Stay with the runId '0', Linger time '300', currentRunSyn '1', currentTestSyn '2' {"hostname": "viterbi-scf2", "processid": 226362, "history": "ExplorerRun.0", "testname": "carry_save_addition_16_bit_3_to_2_encoder_1", "cornername": "Nominal", "point": 1, "logfile": "/home/viterbi/08/vemurina/work_gpdk045/16-bit-multiply-and-accumulate-MAC-circuit/logs_vemurina/logs0/Job2.log"}
[2025-11-19 09:19:52.810 -0800] [PROCESS] [cadence.virtuoso.ade.simulationMonitor] - Stay with the runId '0', Linger time '300', currentRunSyn '1', currentTestSyn '2' {"hostname": "viterbi-scf2", "processid": 226362, "history": "ExplorerRun.0", "testname": "carry_save_addition_16_bit_3_to_2_encoder_1", "cornername": "Nominal", "point": 1, "logfile": "/home/viterbi/08/vemurina/work_gpdk045/16-bit-multiply-and-accumulate-MAC-circuit/logs_vemurina/logs0/Job2.log"}
[2025-11-19 09:21:33.258 -0800] [INFO] [cadence.virtuoso.ade.simulationMonitor] - SimulationMonitor has terminated the vds process '226397', reason: 'Force to stop the expression evalutor process because of new run' {"history": "ExplorerRun.0", "point": 1, "testname": "carry_save_addition_16_bit_3_to_2_encoder_1", "cornername": "Nominal"}
[2025-11-19 09:21:33.264 -0800] [PROCESS] [cadence.virtuoso.ade.simulationMonitor] - HostInfo:
Host name (type):	viterbi-scf2 (x86_64)
Operating system:	Linux 3.10.0-1160.119.1.el7.tuxcare.els25.x86_64 #1 SMP Wed Oct 1 17:37:27 UTC 2025 {"hostname": "viterbi-scf2", "processid": 226362, "history": "ExplorerRun.0", "testname": "carry_save_addition_16_bit_3_to_2_encoder_1", "cornername": "Nominal", "point": 1, "logfile": "/home/viterbi/08/vemurina/work_gpdk045/16-bit-multiply-and-accumulate-MAC-circuit/logs_vemurina/logs0/Job2.log", "nodename": "viterbi-scf2", "domainname": "viterbi", "machine": "x86_64", "sysname": "Linux", "release": "3.10.0-1160.119.1.el7.tuxcare.els25.x86_64", "version": "#1 SMP Wed Oct 1 17:37:27 UTC 2025"}
[2025-11-19 09:21:33.274 -0800] [PROCESS] [cadence.virtuoso.ade.simulationMonitor] - UsageInfo:
pid=226362
totalPhysicalMemory=1007.038651GB,Used=225.427280GB,totalVirtualMemory=1007.038651GB,Used=225.427280GB
Cpu: Cores=112, Load average:40.310000,40.560000,40.680000 {"hostname": "viterbi-scf2", "processid": 226362, "history": "ExplorerRun.0", "testname": "carry_save_addition_16_bit_3_to_2_encoder_1", "cornername": "Nominal", "point": 1, "logfile": "/home/viterbi/08/vemurina/work_gpdk045/16-bit-multiply-and-accumulate-MAC-circuit/logs_vemurina/logs0/Job2.log", "pid": "226362", "totalPhysicalMemory": "1007.038651", "physicalMemoryUsed": "225.427280", "totalVirtualMemory": "1007.038651", "virtualMemoryUsed": "225.427280", "cpuCores": "112", "processes": "5617", "loadAverage1": "40.310000", "loadAverage5": "40.560000", "loadAverage15": "40.680000", "loadAverage1Percent": "0.359911"}
[2025-11-19 09:21:33.283 -0800] [EVENT] [cadence.virtuoso.ade.simulationMonitor] - NewPoint {"history": "ExplorerRun.0", "point": 1, "testname": "carry_save_addition_16_bit_3_to_2_encoder_1", "cornername": "Nominal", "event": "NewPoint", "EventSource": "Simulation Monitor", "HistoryName": "ExplorerRun.0", "logFile": "/home/viterbi/08/vemurina/work_gpdk045/16-bit-multiply-and-accumulate-MAC-circuit/logs_vemurina/logs0/Job2.log", "logFileSize": "14257"}
[2025-11-19 09:21:33.489 -0800] [EVENT] [cadence.virtuoso.ade.simulationMonitor] - NewPoint {"history": "ExplorerRun.0", "point": 1, "testname": "carry_save_addition_16_bit_3_to_2_encoder_1", "cornername": "Nominal", "event": "NewPoint", "EventSource": "spectre", "HistoryName": "ExplorerRun.0", "logFile": "/home/viterbi/08/vemurina/simulation/carry_save_addition/16_bit_3_to_2_encoder/maestro/results/maestro/ExplorerRun.0/1/carry_save_addition_16_bit_3_to_2_encoder_1/psf/spectre.out", "logFileSize": "-1"}
[2025-11-19 09:21:33.523 -0800] [PROCESS] [cadence.virtuoso.ade.simulationMonitor] - Simulator launched {"hostname": "viterbi-scf2", "processid": 226362, "history": "ExplorerRun.0", "testname": "carry_save_addition_16_bit_3_to_2_encoder_1", "cornername": "Nominal", "point": 1, "logfile": "/home/viterbi/08/vemurina/work_gpdk045/16-bit-multiply-and-accumulate-MAC-circuit/logs_vemurina/logs0/Job2.log", "simid": "2"}
[2025-11-19 09:21:33.531 -0800] [PROCESS] [cadence.virtuoso.ade.simulationMonitor] - Expression evaluator launched {"hostname": "viterbi-scf2", "processid": 226362, "history": "ExplorerRun.0", "testname": "carry_save_addition_16_bit_3_to_2_encoder_1", "cornername": "Nominal", "point": 1, "logfile": "/home/viterbi/08/vemurina/work_gpdk045/16-bit-multiply-and-accumulate-MAC-circuit/logs_vemurina/logs0/Job2.log"}
[2025-11-19 09:21:34.048 -0800] [PROCESS] [cadence.virtuoso.ade.simulationMonitor] - Started Simulation {"hostname": "viterbi-scf2", "processid": 226362, "history": "ExplorerRun.0", "testname": "carry_save_addition_16_bit_3_to_2_encoder_1", "cornername": "Nominal", "point": 1, "logfile": "/home/viterbi/08/vemurina/work_gpdk045/16-bit-multiply-and-accumulate-MAC-circuit/logs_vemurina/logs0/Job2.log", "event": "started", "task": "simulation"}
[2025-11-19 09:21:34.553 -0800] [INFO] [cadence.virtuoso.ade.simulationMonitor] - Notice from spectre during Digital Vector read-in.
    Process Vector Files.
    File read: /home/viterbi/08/vemurina/work_gpdk045/16-bit-multiply-and-accumulate-MAC-circuit/phase_2_test.vec {"history": "ExplorerRun.0", "point": 1, "testname": "carry_save_addition_16_bit_3_to_2_encoder_1", "cornername": "Nominal"}
[2025-11-19 09:21:34.555 -0800] [INFO] [cadence.virtuoso.ade.simulationMonitor] - Peak resident memory used = 58.1 Mbytes. {"history": "ExplorerRun.0", "point": 1, "testname": "carry_save_addition_16_bit_3_to_2_encoder_1", "cornername": "Nominal"}
[2025-11-19 09:21:35.557 -0800] [INFO] [cadence.virtuoso.ade.simulationMonitor] - Peak resident memory used = 72.8 Mbytes. {"history": "ExplorerRun.0", "point": 1, "testname": "carry_save_addition_16_bit_3_to_2_encoder_1", "cornername": "Nominal"}
[2025-11-19 09:21:35.559 -0800] [INFO] [cadence.virtuoso.ade.simulationMonitor] - Peak resident memory used = 75.3 Mbytes. {"history": "ExplorerRun.0", "point": 1, "testname": "carry_save_addition_16_bit_3_to_2_encoder_1", "cornername": "Nominal"}
[2025-11-19 09:21:35.562 -0800] [INFO] [cadence.virtuoso.ade.simulationMonitor] - Notice from spectre during topology check.
    Only one connection to node `out1_0'. {"history": "ExplorerRun.0", "point": 1, "testname": "carry_save_addition_16_bit_3_to_2_encoder_1", "cornername": "Nominal"}
[2025-11-19 09:21:35.571 -0800] [INFO] [cadence.virtuoso.ade.simulationMonitor] -               nodes 1188 {"history": "ExplorerRun.0", "point": 1, "testname": "carry_save_addition_16_bit_3_to_2_encoder_1", "cornername": "Nominal"}
[2025-11-19 09:21:35.572 -0800] [INFO] [cadence.virtuoso.ade.simulationMonitor] - Notice from spectre during initial setup.
    APS Enabled. {"history": "ExplorerRun.0", "point": 1, "testname": "carry_save_addition_16_bit_3_to_2_encoder_1", "cornername": "Nominal"}
[2025-11-19 09:21:35.576 -0800] [INFO] [cadence.virtuoso.ade.simulationMonitor] -     Multithreading Enabled: 8 threads in the system with 112 available processors. {"history": "ExplorerRun.0", "point": 1, "testname": "carry_save_addition_16_bit_3_to_2_encoder_1", "cornername": "Nominal"}
[2025-11-19 09:21:35.578 -0800] [INFO] [cadence.virtuoso.ade.simulationMonitor] - Peak resident memory used = 79.6 Mbytes. {"history": "ExplorerRun.0", "point": 1, "testname": "carry_save_addition_16_bit_3_to_2_encoder_1", "cornername": "Nominal"}
[2025-11-19 09:21:35.581 -0800] [WARN] [cadence.virtuoso.ade.simulationMonitor] -     WARNING (SPECTRE-16707): Only tran supports psfxl format, result of other analyses will be in psfbin format. {"history": "ExplorerRun.0", "point": 1, "testname": "carry_save_addition_16_bit_3_to_2_encoder_1", "cornername": "Nominal"}
[2025-11-19 09:21:36.584 -0800] [INFO] [cadence.virtuoso.ade.simulationMonitor] - Notice from spectre at time = 4.5488 ns during transient analysis `tran'.
    Found trapezoidal ringing on node I20.I9.I6.NM0.n1. {"history": "ExplorerRun.0", "point": 1, "testname": "carry_save_addition_16_bit_3_to_2_encoder_1", "cornername": "Nominal"}
[2025-11-19 09:21:36.586 -0800] [INFO] [cadence.virtuoso.ade.simulationMonitor] - Notice from spectre at time = 4.7488 ns during transient analysis `tran'.
    Found trapezoidal ringing on node I20.I9.I6.NM0.n1. {"history": "ExplorerRun.0", "point": 1, "testname": "carry_save_addition_16_bit_3_to_2_encoder_1", "cornername": "Nominal"}
[2025-11-19 09:21:36.589 -0800] [INFO] [cadence.virtuoso.ade.simulationMonitor] - Notice from spectre at time = 4.9488 ns during transient analysis `tran'.
    Found trapezoidal ringing on node I20.I9.I6.NM0.n1. {"history": "ExplorerRun.0", "point": 1, "testname": "carry_save_addition_16_bit_3_to_2_encoder_1", "cornername": "Nominal"}
[2025-11-19 09:21:36.592 -0800] [INFO] [cadence.virtuoso.ade.simulationMonitor] - Notice from spectre at time = 5.1488 ns during transient analysis `tran'.
    Found trapezoidal ringing on node I20.I9.I6.NM0.n1. {"history": "ExplorerRun.0", "point": 1, "testname": "carry_save_addition_16_bit_3_to_2_encoder_1", "cornername": "Nominal"}
[2025-11-19 09:21:36.596 -0800] [INFO] [cadence.virtuoso.ade.simulationMonitor] - Notice from spectre at time = 5.3488 ns during transient analysis `tran'.
    Found trapezoidal ringing on node I20.I9.I6.NM0.n1.
        Further occurrences of this notice will be suppressed. {"history": "ExplorerRun.0", "point": 1, "testname": "carry_save_addition_16_bit_3_to_2_encoder_1", "cornername": "Nominal"}
[2025-11-19 09:21:36.600 -0800] [INFO] [cadence.virtuoso.ade.simulationMonitor] - Notice from spectre during transient analysis `tran'.
    Trapezoidal ringing is detected during tran analysis.
        Please use method=trap for better results and performance. {"history": "ExplorerRun.0", "point": 1, "testname": "carry_save_addition_16_bit_3_to_2_encoder_1", "cornername": "Nominal"}
[2025-11-19 09:21:36.602 -0800] [INFO] [cadence.virtuoso.ade.simulationMonitor] - Total time required for tran analysis `tran': CPU = 3.58399 s, elapsed = 1.07531 s. {"history": "ExplorerRun.0", "point": 1, "testname": "carry_save_addition_16_bit_3_to_2_encoder_1", "cornername": "Nominal"}
[2025-11-19 09:21:36.606 -0800] [INFO] [cadence.virtuoso.ade.simulationMonitor] - Peak resident memory used = 96.1 Mbytes. {"history": "ExplorerRun.0", "point": 1, "testname": "carry_save_addition_16_bit_3_to_2_encoder_1", "cornername": "Nominal"}
[2025-11-19 09:21:36.612 -0800] [INFO] [cadence.virtuoso.ade.simulationMonitor] - Notice from spectre.
    24 notices suppressed. {"history": "ExplorerRun.0", "point": 1, "testname": "carry_save_addition_16_bit_3_to_2_encoder_1", "cornername": "Nominal"}
[2025-11-19 09:21:37.121 -0800] [INFO] [cadence.virtuoso.ade.simulationMonitor] - Time used: CPU = 5.19 s, elapsed = 2.95 s, util. = 176%. {"history": "ExplorerRun.0", "point": 1, "testname": "carry_save_addition_16_bit_3_to_2_encoder_1", "cornername": "Nominal"}
[2025-11-19 09:21:37.124 -0800] [INFO] [cadence.virtuoso.ade.simulationMonitor] - Time spent in licensing: elapsed = 56.8 ms. {"history": "ExplorerRun.0", "point": 1, "testname": "carry_save_addition_16_bit_3_to_2_encoder_1", "cornername": "Nominal"}
[2025-11-19 09:21:37.129 -0800] [INFO] [cadence.virtuoso.ade.simulationMonitor] - Peak memory used = 96.7 Mbytes. {"history": "ExplorerRun.0", "point": 1, "testname": "carry_save_addition_16_bit_3_to_2_encoder_1", "cornername": "Nominal"}
[2025-11-19 09:21:37.136 -0800] [PROCESS] [cadence.virtuoso.ade.simulationMonitor] - Simulation started at: 9:21:33 AM, Wed Nov 19, 2025, ended at: 9:21:36 AM, Wed Nov 19, 2025, with elapsed time (wall clock): 2.95 s. {"history": "ExplorerRun.0", "point": 1, "testname": "carry_save_addition_16_bit_3_to_2_encoder_1", "cornername": "Nominal"}
[2025-11-19 09:21:37.138 -0800] [PROCESS] [cadence.virtuoso.ade.simulationMonitor] - spectre completes with 0 errors, 1 warning, and 12 notices. {"history": "ExplorerRun.0", "point": 1, "testname": "carry_save_addition_16_bit_3_to_2_encoder_1", "cornername": "Nominal"}
[2025-11-19 09:21:37.140 -0800] [PROCESS] [cadence.virtuoso.ade.simulationMonitor] - Finished simulating for one point {"hostname": "viterbi-scf2", "processid": 226362, "history": "ExplorerRun.0", "testname": "carry_save_addition_16_bit_3_to_2_encoder_1", "cornername": "Nominal", "point": 1, "logfile": "/home/viterbi/08/vemurina/work_gpdk045/16-bit-multiply-and-accumulate-MAC-circuit/logs_vemurina/logs0/Job2.log", "simid": "2"}
[2025-11-19 09:21:37.144 -0800] [PROCESS] [cadence.virtuoso.ade.simulationMonitor] - Simulator exited {"hostname": "viterbi-scf2", "processid": 226362, "history": "ExplorerRun.0", "testname": "carry_save_addition_16_bit_3_to_2_encoder_1", "cornername": "Nominal", "point": 1, "logfile": "/home/viterbi/08/vemurina/work_gpdk045/16-bit-multiply-and-accumulate-MAC-circuit/logs_vemurina/logs0/Job2.log", "exitStatus": "0"}
[2025-11-19 09:21:37.147 -0800] [PROCESS] [cadence.virtuoso.ade.simulationMonitor] - Finished Simulation {"hostname": "viterbi-scf2", "processid": 226362, "history": "ExplorerRun.0", "testname": "carry_save_addition_16_bit_3_to_2_encoder_1", "cornername": "Nominal", "point": 1, "logfile": "/home/viterbi/08/vemurina/work_gpdk045/16-bit-multiply-and-accumulate-MAC-circuit/logs_vemurina/logs0/Job2.log", "simid": "2"}
[2025-11-19 09:21:39.189 -0800] [PROCESS] [cadence.virtuoso.ade.simulationMonitor] - Point Finished {"hostname": "viterbi-scf2", "processid": 226362, "history": "ExplorerRun.0", "testname": "carry_save_addition_16_bit_3_to_2_encoder_1", "cornername": "Nominal", "point": 1, "logfile": "/home/viterbi/08/vemurina/work_gpdk045/16-bit-multiply-and-accumulate-MAC-circuit/logs_vemurina/logs0/Job2.log"}
[2025-11-19 09:21:40.223 -0800] [PROCESS] [cadence.virtuoso.ade.simulationMonitor] - Stay with the runId '1', Linger time '300', currentRunSyn '3', currentTestSyn '4' {"hostname": "viterbi-scf2", "processid": 226362, "history": "ExplorerRun.0", "testname": "carry_save_addition_16_bit_3_to_2_encoder_1", "cornername": "Nominal", "point": 1, "logfile": "/home/viterbi/08/vemurina/work_gpdk045/16-bit-multiply-and-accumulate-MAC-circuit/logs_vemurina/logs0/Job2.log"}
[2025-11-19 09:21:41.227 -0800] [PROCESS] [cadence.virtuoso.ade.simulationMonitor] - Stay with the runId '1', Linger time '300', currentRunSyn '3', currentTestSyn '4' {"hostname": "viterbi-scf2", "processid": 226362, "history": "ExplorerRun.0", "testname": "carry_save_addition_16_bit_3_to_2_encoder_1", "cornername": "Nominal", "point": 1, "logfile": "/home/viterbi/08/vemurina/work_gpdk045/16-bit-multiply-and-accumulate-MAC-circuit/logs_vemurina/logs0/Job2.log"}
[2025-11-19 09:21:42.225 -0800] [PROCESS] [cadence.virtuoso.ade.simulationMonitor] - Stay with the runId '1', Linger time '300', currentRunSyn '3', currentTestSyn '4' {"hostname": "viterbi-scf2", "processid": 226362, "history": "ExplorerRun.0", "testname": "carry_save_addition_16_bit_3_to_2_encoder_1", "cornername": "Nominal", "point": 1, "logfile": "/home/viterbi/08/vemurina/work_gpdk045/16-bit-multiply-and-accumulate-MAC-circuit/logs_vemurina/logs0/Job2.log"}
[2025-11-19 09:21:43.232 -0800] [PROCESS] [cadence.virtuoso.ade.simulationMonitor] - Stay with the runId '1', Linger time '300', currentRunSyn '3', currentTestSyn '4' {"hostname": "viterbi-scf2", "processid": 226362, "history": "ExplorerRun.0", "testname": "carry_save_addition_16_bit_3_to_2_encoder_1", "cornername": "Nominal", "point": 1, "logfile": "/home/viterbi/08/vemurina/work_gpdk045/16-bit-multiply-and-accumulate-MAC-circuit/logs_vemurina/logs0/Job2.log"}
[2025-11-19 09:26:40.649 -0800] [PROCESS] [cadence.virtuoso.ade.simulationMonitor] - Current memory used: 32.4648 MBytes, peak memory used: 32.4648 MBytes {"hostname": "viterbi-scf2", "processid": 226362, "history": "ExplorerRun.0", "testname": "carry_save_addition_16_bit_3_to_2_encoder_1", "cornername": "Nominal", "point": 1, "logfile": "/home/viterbi/08/vemurina/work_gpdk045/16-bit-multiply-and-accumulate-MAC-circuit/logs_vemurina/logs0/Job2.log"}
[2025-11-19 09:26:40.651 -0800] [PROCESS] [cadence.virtuoso.ade.simulationMonitor] - Simulation Monitor process exit. {"hostname": "viterbi-scf2", "processid": 226362, "history": "ExplorerRun.0", "testname": "carry_save_addition_16_bit_3_to_2_encoder_1", "cornername": "Nominal", "point": 1, "logfile": "/home/viterbi/08/vemurina/work_gpdk045/16-bit-multiply-and-accumulate-MAC-circuit/logs_vemurina/logs0/Job2.log"}
