[Simulation Monitor: 22]
[2025-11-18 21:39:32.089 -0800] [PROCESS] [cadence.virtuoso.ade.simulationMonitor] - Simulation Monitor has successfully started up. Trying to set up communication channels to other components ... {"hostname": "viterbi-scf2", "processid": 60765, "logfile": "/home/viterbi/08/vemurina/work_gpdk045/16-bit-multiply-and-accumulate-MAC-circuit/logs_vemurina/logs0/Job22.log"}
[2025-11-18 21:39:32.093 -0800] [PROCESS] [cadence.virtuoso.ade.simulationMonitor] - Communication channels have been successfully set up. Start processing events ... {"hostname": "viterbi-scf2", "processid": 60765, "logfile": "/home/viterbi/08/vemurina/work_gpdk045/16-bit-multiply-and-accumulate-MAC-circuit/logs_vemurina/logs0/Job22.log"}
[2025-11-18 21:39:32.094 -0800] [PROCESS] [cadence.virtuoso.ade.simulationMonitor] - Considering to start history {"hostname": "viterbi-scf2", "processid": 60765, "history": "ExplorerRun.0", "logfile": "/home/viterbi/08/vemurina/work_gpdk045/16-bit-multiply-and-accumulate-MAC-circuit/logs_vemurina/logs0/Job22.log"}
[2025-11-18 21:39:32.114 -0800] [PROCESS] [cadence.virtuoso.ade.simulationMonitor] - HostInfo:
Host name (type):	viterbi-scf2 (x86_64)
Operating system:	Linux 3.10.0-1160.119.1.el7.tuxcare.els25.x86_64 #1 SMP Wed Oct 1 17:37:27 UTC 2025 {"hostname": "viterbi-scf2", "processid": 60765, "history": "ExplorerRun.0", "logfile": "/home/viterbi/08/vemurina/work_gpdk045/16-bit-multiply-and-accumulate-MAC-circuit/logs_vemurina/logs0/Job22.log", "nodename": "viterbi-scf2", "domainname": "viterbi", "machine": "x86_64", "sysname": "Linux", "release": "3.10.0-1160.119.1.el7.tuxcare.els25.x86_64", "version": "#1 SMP Wed Oct 1 17:37:27 UTC 2025"}
[2025-11-18 21:39:32.116 -0800] [PROCESS] [cadence.virtuoso.ade.simulationMonitor] - UsageInfo:
pid=60765
totalPhysicalMemory=1007.038651GB,Used=239.208130GB,totalVirtualMemory=1007.038651GB,Used=239.208130GB
Cpu: Cores=112, Load average:39.040000,39.950000,40.160000 {"hostname": "viterbi-scf2", "processid": 60765, "history": "ExplorerRun.0", "logfile": "/home/viterbi/08/vemurina/work_gpdk045/16-bit-multiply-and-accumulate-MAC-circuit/logs_vemurina/logs0/Job22.log", "pid": "60765", "totalPhysicalMemory": "1007.038651", "physicalMemoryUsed": "239.208130", "totalVirtualMemory": "1007.038651", "virtualMemoryUsed": "239.208130", "cpuCores": "112", "processes": "8414", "loadAverage1": "39.040000", "loadAverage5": "39.950000", "loadAverage15": "40.160000", "loadAverage1Percent": "0.348571"}
[2025-11-18 21:39:32.123 -0800] [EVENT] [cadence.virtuoso.ade.simulationMonitor] - NewPoint {"history": "ExplorerRun.0", "point": 1, "testname": "carry_save_addition_16_bit_3_to_2_encoder_1", "cornername": "Nominal", "event": "NewPoint", "EventSource": "Simulation Monitor", "HistoryName": "ExplorerRun.0", "logFile": "/home/viterbi/08/vemurina/work_gpdk045/16-bit-multiply-and-accumulate-MAC-circuit/logs_vemurina/logs0/Job22.log", "logFileSize": "2492"}
[2025-11-18 21:39:32.428 -0800] [EVENT] [cadence.virtuoso.ade.simulationMonitor] - NewPoint {"history": "ExplorerRun.0", "point": 1, "testname": "carry_save_addition_16_bit_3_to_2_encoder_1", "cornername": "Nominal", "event": "NewPoint", "EventSource": "spectre", "HistoryName": "ExplorerRun.0", "logFile": "/home/viterbi/08/vemurina/simulation/carry_save_addition/16_bit_3_to_2_encoder/maestro/results/maestro/ExplorerRun.0/1/carry_save_addition_16_bit_3_to_2_encoder_1/psf/spectre.out", "logFileSize": "-1"}
[2025-11-18 21:39:32.451 -0800] [PROCESS] [cadence.virtuoso.ade.simulationMonitor] - Simulator launched {"hostname": "viterbi-scf2", "processid": 60765, "history": "ExplorerRun.0", "testname": "carry_save_addition_16_bit_3_to_2_encoder_1", "cornername": "Nominal", "point": 1, "logfile": "/home/viterbi/08/vemurina/work_gpdk045/16-bit-multiply-and-accumulate-MAC-circuit/logs_vemurina/logs0/Job22.log", "simid": "1"}
[2025-11-18 21:39:32.455 -0800] [PROCESS] [cadence.virtuoso.ade.simulationMonitor] - Expression evaluator launched {"hostname": "viterbi-scf2", "processid": 60765, "history": "ExplorerRun.0", "testname": "carry_save_addition_16_bit_3_to_2_encoder_1", "cornername": "Nominal", "point": 1, "logfile": "/home/viterbi/08/vemurina/work_gpdk045/16-bit-multiply-and-accumulate-MAC-circuit/logs_vemurina/logs0/Job22.log"}
[2025-11-18 21:39:33.345 -0800] [PROCESS] [cadence.virtuoso.ade.simulationMonitor] - Started Simulation {"hostname": "viterbi-scf2", "processid": 60765, "history": "ExplorerRun.0", "testname": "carry_save_addition_16_bit_3_to_2_encoder_1", "cornername": "Nominal", "point": 1, "logfile": "/home/viterbi/08/vemurina/work_gpdk045/16-bit-multiply-and-accumulate-MAC-circuit/logs_vemurina/logs0/Job22.log", "event": "started", "task": "simulation"}
[2025-11-18 21:39:33.348 -0800] [INFO] [cadence.virtuoso.ade.simulationMonitor] - Notice from spectre during Digital Vector read-in.
    Process Vector Files.
    File read: /home/viterbi/08/vemurina/work_gpdk045/16-bit-multiply-and-accumulate-MAC-circuit/phase_2_test.vec {"history": "ExplorerRun.0", "point": 1, "testname": "carry_save_addition_16_bit_3_to_2_encoder_1", "cornername": "Nominal"}
[2025-11-18 21:39:33.349 -0800] [INFO] [cadence.virtuoso.ade.simulationMonitor] - Peak resident memory used = 58.1 Mbytes. {"history": "ExplorerRun.0", "point": 1, "testname": "carry_save_addition_16_bit_3_to_2_encoder_1", "cornername": "Nominal"}
[2025-11-18 21:39:34.351 -0800] [INFO] [cadence.virtuoso.ade.simulationMonitor] - Peak resident memory used = 72.8 Mbytes. {"history": "ExplorerRun.0", "point": 1, "testname": "carry_save_addition_16_bit_3_to_2_encoder_1", "cornername": "Nominal"}
[2025-11-18 21:39:34.353 -0800] [INFO] [cadence.virtuoso.ade.simulationMonitor] - Peak resident memory used = 75.5 Mbytes. {"history": "ExplorerRun.0", "point": 1, "testname": "carry_save_addition_16_bit_3_to_2_encoder_1", "cornername": "Nominal"}
[2025-11-18 21:39:34.354 -0800] [INFO] [cadence.virtuoso.ade.simulationMonitor] - Notice from spectre during topology check.
    Only one connection to node `out1_0'. {"history": "ExplorerRun.0", "point": 1, "testname": "carry_save_addition_16_bit_3_to_2_encoder_1", "cornername": "Nominal"}
[2025-11-18 21:39:34.362 -0800] [INFO] [cadence.virtuoso.ade.simulationMonitor] -               nodes 1188 {"history": "ExplorerRun.0", "point": 1, "testname": "carry_save_addition_16_bit_3_to_2_encoder_1", "cornername": "Nominal"}
[2025-11-18 21:39:34.364 -0800] [INFO] [cadence.virtuoso.ade.simulationMonitor] - Notice from spectre during initial setup.
    APS Enabled.
    Multithreading Enabled: 8 threads in the system with 112 available processors. {"history": "ExplorerRun.0", "point": 1, "testname": "carry_save_addition_16_bit_3_to_2_encoder_1", "cornername": "Nominal"}
[2025-11-18 21:39:34.364 -0800] [INFO] [cadence.virtuoso.ade.simulationMonitor] - Peak resident memory used = 79.8 Mbytes. {"history": "ExplorerRun.0", "point": 1, "testname": "carry_save_addition_16_bit_3_to_2_encoder_1", "cornername": "Nominal"}
[2025-11-18 21:39:34.366 -0800] [WARN] [cadence.virtuoso.ade.simulationMonitor] -     WARNING (SPECTRE-16707): Only tran supports psfxl format, result of other analyses will be in psfbin format. {"history": "ExplorerRun.0", "point": 1, "testname": "carry_save_addition_16_bit_3_to_2_encoder_1", "cornername": "Nominal"}
[2025-11-18 21:39:34.867 -0800] [INFO] [cadence.virtuoso.ade.simulationMonitor] - Notice from spectre during IC analysis, during transient analysis `tran'.
    Bad pivoting is found during DC analysis. Option dc_pivot_check=yes is recommended for possible improvement of convergence. {"history": "ExplorerRun.0", "point": 1, "testname": "carry_save_addition_16_bit_3_to_2_encoder_1", "cornername": "Nominal"}
[2025-11-18 21:39:35.369 -0800] [INFO] [cadence.virtuoso.ade.simulationMonitor] - Notice from spectre at time = 2.0133 ns during transient analysis `tran'.
    Found trapezoidal ringing on node I20.I8.I0.PM2.n1. {"history": "ExplorerRun.0", "point": 1, "testname": "carry_save_addition_16_bit_3_to_2_encoder_1", "cornername": "Nominal"}
[2025-11-18 21:39:35.371 -0800] [INFO] [cadence.virtuoso.ade.simulationMonitor] - Notice from spectre at time = 4.61344 ns during transient analysis `tran'.
    Found trapezoidal ringing on node I20.I8.I6.NM0.n1. {"history": "ExplorerRun.0", "point": 1, "testname": "carry_save_addition_16_bit_3_to_2_encoder_1", "cornername": "Nominal"}
[2025-11-18 21:39:35.373 -0800] [INFO] [cadence.virtuoso.ade.simulationMonitor] - Notice from spectre at time = 4.81344 ns during transient analysis `tran'.
    Found trapezoidal ringing on node I20.I8.I6.NM0.n1. {"history": "ExplorerRun.0", "point": 1, "testname": "carry_save_addition_16_bit_3_to_2_encoder_1", "cornername": "Nominal"}
[2025-11-18 21:39:35.375 -0800] [INFO] [cadence.virtuoso.ade.simulationMonitor] - Notice from spectre at time = 5.01344 ns during transient analysis `tran'.
    Found trapezoidal ringing on node I20.I8.I6.NM0.n1. {"history": "ExplorerRun.0", "point": 1, "testname": "carry_save_addition_16_bit_3_to_2_encoder_1", "cornername": "Nominal"}
[2025-11-18 21:39:35.377 -0800] [INFO] [cadence.virtuoso.ade.simulationMonitor] - Notice from spectre at time = 5.21344 ns during transient analysis `tran'.
    Found trapezoidal ringing on node I20.I8.I6.NM0.n1.
        Further occurrences of this notice will be suppressed. {"history": "ExplorerRun.0", "point": 1, "testname": "carry_save_addition_16_bit_3_to_2_encoder_1", "cornername": "Nominal"}
[2025-11-18 21:39:35.380 -0800] [INFO] [cadence.virtuoso.ade.simulationMonitor] - Notice from spectre during transient analysis `tran'.
    Trapezoidal ringing is detected during tran analysis.
        Please use method=trap for better results and performance. {"history": "ExplorerRun.0", "point": 1, "testname": "carry_save_addition_16_bit_3_to_2_encoder_1", "cornername": "Nominal"}
[2025-11-18 21:39:35.884 -0800] [INFO] [cadence.virtuoso.ade.simulationMonitor] - Total time required for tran analysis `tran': CPU = 3.63932 s, elapsed = 1.14555 s. {"history": "ExplorerRun.0", "point": 1, "testname": "carry_save_addition_16_bit_3_to_2_encoder_1", "cornername": "Nominal"}
[2025-11-18 21:39:35.886 -0800] [INFO] [cadence.virtuoso.ade.simulationMonitor] - Peak resident memory used = 96 Mbytes. {"history": "ExplorerRun.0", "point": 1, "testname": "carry_save_addition_16_bit_3_to_2_encoder_1", "cornername": "Nominal"}
[2025-11-18 21:39:35.887 -0800] [INFO] [cadence.virtuoso.ade.simulationMonitor] - Notice from spectre.
    24 notices suppressed. {"history": "ExplorerRun.0", "point": 1, "testname": "carry_save_addition_16_bit_3_to_2_encoder_1", "cornername": "Nominal"}
[2025-11-18 21:39:35.889 -0800] [INFO] [cadence.virtuoso.ade.simulationMonitor] - Time used: CPU = 5.24 s, elapsed = 3 s, util. = 175%. {"history": "ExplorerRun.0", "point": 1, "testname": "carry_save_addition_16_bit_3_to_2_encoder_1", "cornername": "Nominal"}
[2025-11-18 21:39:35.890 -0800] [INFO] [cadence.virtuoso.ade.simulationMonitor] - Time spent in licensing: elapsed = 42.9 ms. {"history": "ExplorerRun.0", "point": 1, "testname": "carry_save_addition_16_bit_3_to_2_encoder_1", "cornername": "Nominal"}
[2025-11-18 21:39:35.893 -0800] [INFO] [cadence.virtuoso.ade.simulationMonitor] - Peak memory used = 97.1 Mbytes. {"history": "ExplorerRun.0", "point": 1, "testname": "carry_save_addition_16_bit_3_to_2_encoder_1", "cornername": "Nominal"}
[2025-11-18 21:39:35.897 -0800] [PROCESS] [cadence.virtuoso.ade.simulationMonitor] - Simulation started at: 9:39:32 PM, Tue Nov 18, 2025, ended at: 9:39:35 PM, Tue Nov 18, 2025, with elapsed time (wall clock): 3 s. {"history": "ExplorerRun.0", "point": 1, "testname": "carry_save_addition_16_bit_3_to_2_encoder_1", "cornername": "Nominal"}
[2025-11-18 21:39:35.898 -0800] [PROCESS] [cadence.virtuoso.ade.simulationMonitor] - spectre completes with 0 errors, 1 warning, and 13 notices. {"history": "ExplorerRun.0", "point": 1, "testname": "carry_save_addition_16_bit_3_to_2_encoder_1", "cornername": "Nominal"}
[2025-11-18 21:39:35.899 -0800] [PROCESS] [cadence.virtuoso.ade.simulationMonitor] - Finished simulating for one point {"hostname": "viterbi-scf2", "processid": 60765, "history": "ExplorerRun.0", "testname": "carry_save_addition_16_bit_3_to_2_encoder_1", "cornername": "Nominal", "point": 1, "logfile": "/home/viterbi/08/vemurina/work_gpdk045/16-bit-multiply-and-accumulate-MAC-circuit/logs_vemurina/logs0/Job22.log", "simid": "1"}
[2025-11-18 21:39:35.900 -0800] [PROCESS] [cadence.virtuoso.ade.simulationMonitor] - Simulator exited {"hostname": "viterbi-scf2", "processid": 60765, "history": "ExplorerRun.0", "testname": "carry_save_addition_16_bit_3_to_2_encoder_1", "cornername": "Nominal", "point": 1, "logfile": "/home/viterbi/08/vemurina/work_gpdk045/16-bit-multiply-and-accumulate-MAC-circuit/logs_vemurina/logs0/Job22.log", "exitStatus": "0"}
[2025-11-18 21:39:35.902 -0800] [PROCESS] [cadence.virtuoso.ade.simulationMonitor] - Finished Simulation {"hostname": "viterbi-scf2", "processid": 60765, "history": "ExplorerRun.0", "testname": "carry_save_addition_16_bit_3_to_2_encoder_1", "cornername": "Nominal", "point": 1, "logfile": "/home/viterbi/08/vemurina/work_gpdk045/16-bit-multiply-and-accumulate-MAC-circuit/logs_vemurina/logs0/Job22.log", "simid": "1"}
[2025-11-18 21:39:38.430 -0800] [PROCESS] [cadence.virtuoso.ade.simulationMonitor] - Point Finished {"hostname": "viterbi-scf2", "processid": 60765, "history": "ExplorerRun.0", "testname": "carry_save_addition_16_bit_3_to_2_encoder_1", "cornername": "Nominal", "point": 1, "logfile": "/home/viterbi/08/vemurina/work_gpdk045/16-bit-multiply-and-accumulate-MAC-circuit/logs_vemurina/logs0/Job22.log"}
[2025-11-18 21:39:39.448 -0800] [PROCESS] [cadence.virtuoso.ade.simulationMonitor] - Stay with the runId '0', Linger time '300', currentRunSyn '1', currentTestSyn '2' {"hostname": "viterbi-scf2", "processid": 60765, "history": "ExplorerRun.0", "testname": "carry_save_addition_16_bit_3_to_2_encoder_1", "cornername": "Nominal", "point": 1, "logfile": "/home/viterbi/08/vemurina/work_gpdk045/16-bit-multiply-and-accumulate-MAC-circuit/logs_vemurina/logs0/Job22.log"}
[2025-11-18 21:39:40.448 -0800] [PROCESS] [cadence.virtuoso.ade.simulationMonitor] - Stay with the runId '0', Linger time '300', currentRunSyn '1', currentTestSyn '2' {"hostname": "viterbi-scf2", "processid": 60765, "history": "ExplorerRun.0", "testname": "carry_save_addition_16_bit_3_to_2_encoder_1", "cornername": "Nominal", "point": 1, "logfile": "/home/viterbi/08/vemurina/work_gpdk045/16-bit-multiply-and-accumulate-MAC-circuit/logs_vemurina/logs0/Job22.log"}
[2025-11-18 21:39:41.451 -0800] [PROCESS] [cadence.virtuoso.ade.simulationMonitor] - Stay with the runId '0', Linger time '300', currentRunSyn '1', currentTestSyn '2' {"hostname": "viterbi-scf2", "processid": 60765, "history": "ExplorerRun.0", "testname": "carry_save_addition_16_bit_3_to_2_encoder_1", "cornername": "Nominal", "point": 1, "logfile": "/home/viterbi/08/vemurina/work_gpdk045/16-bit-multiply-and-accumulate-MAC-circuit/logs_vemurina/logs0/Job22.log"}
[2025-11-18 21:44:39.713 -0800] [PROCESS] [cadence.virtuoso.ade.simulationMonitor] - Current memory used: 32.3984 MBytes, peak memory used: 32.3984 MBytes {"hostname": "viterbi-scf2", "processid": 60765, "history": "ExplorerRun.0", "testname": "carry_save_addition_16_bit_3_to_2_encoder_1", "cornername": "Nominal", "point": 1, "logfile": "/home/viterbi/08/vemurina/work_gpdk045/16-bit-multiply-and-accumulate-MAC-circuit/logs_vemurina/logs0/Job22.log"}
[2025-11-18 21:44:39.714 -0800] [PROCESS] [cadence.virtuoso.ade.simulationMonitor] - Simulation Monitor process exit. {"hostname": "viterbi-scf2", "processid": 60765, "history": "ExplorerRun.0", "testname": "carry_save_addition_16_bit_3_to_2_encoder_1", "cornername": "Nominal", "point": 1, "logfile": "/home/viterbi/08/vemurina/work_gpdk045/16-bit-multiply-and-accumulate-MAC-circuit/logs_vemurina/logs0/Job22.log"}
