[Simulation Monitor: 3]
[2025-11-18 18:38:59.326 -0800] [PROCESS] [cadence.virtuoso.ade.simulationMonitor] - Simulation Monitor has successfully started up. Trying to set up communication channels to other components ... {"hostname": "viterbi-scf2", "processid": 206587, "logfile": "/home/viterbi/08/vemurina/work_gpdk045/16-bit-multiply-and-accumulate-MAC-circuit/logs_vemurina/logs0/Job3.log"}
[2025-11-18 18:38:59.330 -0800] [PROCESS] [cadence.virtuoso.ade.simulationMonitor] - Communication channels have been successfully set up. Start processing events ... {"hostname": "viterbi-scf2", "processid": 206587, "logfile": "/home/viterbi/08/vemurina/work_gpdk045/16-bit-multiply-and-accumulate-MAC-circuit/logs_vemurina/logs0/Job3.log"}
[2025-11-18 18:38:59.331 -0800] [PROCESS] [cadence.virtuoso.ade.simulationMonitor] - Considering to start history {"hostname": "viterbi-scf2", "processid": 206587, "history": "ExplorerRun.0", "logfile": "/home/viterbi/08/vemurina/work_gpdk045/16-bit-multiply-and-accumulate-MAC-circuit/logs_vemurina/logs0/Job3.log"}
[2025-11-18 18:38:59.350 -0800] [PROCESS] [cadence.virtuoso.ade.simulationMonitor] - HostInfo:
Host name (type):	viterbi-scf2 (x86_64)
Operating system:	Linux 3.10.0-1160.119.1.el7.tuxcare.els25.x86_64 #1 SMP Wed Oct 1 17:37:27 UTC 2025 {"hostname": "viterbi-scf2", "processid": 206587, "history": "ExplorerRun.0", "logfile": "/home/viterbi/08/vemurina/work_gpdk045/16-bit-multiply-and-accumulate-MAC-circuit/logs_vemurina/logs0/Job3.log", "nodename": "viterbi-scf2", "domainname": "viterbi", "machine": "x86_64", "sysname": "Linux", "release": "3.10.0-1160.119.1.el7.tuxcare.els25.x86_64", "version": "#1 SMP Wed Oct 1 17:37:27 UTC 2025"}
[2025-11-18 18:38:59.352 -0800] [PROCESS] [cadence.virtuoso.ade.simulationMonitor] - UsageInfo:
pid=206587
totalPhysicalMemory=1007.038651GB,Used=215.205013GB,totalVirtualMemory=1007.038651GB,Used=215.205013GB
Cpu: Cores=112, Load average:40.600000,39.250000,39.860000 {"hostname": "viterbi-scf2", "processid": 206587, "history": "ExplorerRun.0", "logfile": "/home/viterbi/08/vemurina/work_gpdk045/16-bit-multiply-and-accumulate-MAC-circuit/logs_vemurina/logs0/Job3.log", "pid": "206587", "totalPhysicalMemory": "1007.038651", "physicalMemoryUsed": "215.205013", "totalVirtualMemory": "1007.038651", "virtualMemoryUsed": "215.205013", "cpuCores": "112", "processes": "8026", "loadAverage1": "40.600000", "loadAverage5": "39.250000", "loadAverage15": "39.860000", "loadAverage1Percent": "0.362500"}
[2025-11-18 18:38:59.359 -0800] [EVENT] [cadence.virtuoso.ade.simulationMonitor] - NewPoint {"history": "ExplorerRun.0", "point": 1, "testname": "carry_save_addition_16_bit_6_to_2_encoder_1", "cornername": "Nominal", "event": "NewPoint", "EventSource": "Simulation Monitor", "HistoryName": "ExplorerRun.0", "logFile": "/home/viterbi/08/vemurina/work_gpdk045/16-bit-multiply-and-accumulate-MAC-circuit/logs_vemurina/logs0/Job3.log", "logFileSize": "2493"}
[2025-11-18 18:38:59.664 -0800] [EVENT] [cadence.virtuoso.ade.simulationMonitor] - NewPoint {"history": "ExplorerRun.0", "point": 1, "testname": "carry_save_addition_16_bit_6_to_2_encoder_1", "cornername": "Nominal", "event": "NewPoint", "EventSource": "spectre", "HistoryName": "ExplorerRun.0", "logFile": "/home/viterbi/08/vemurina/simulation/carry_save_addition/16_bit_6_to_2_encoder/maestro/results/maestro/ExplorerRun.0/1/carry_save_addition_16_bit_6_to_2_encoder_1/psf/spectre.out", "logFileSize": "-1"}
[2025-11-18 18:38:59.704 -0800] [PROCESS] [cadence.virtuoso.ade.simulationMonitor] - Simulator launched {"hostname": "viterbi-scf2", "processid": 206587, "history": "ExplorerRun.0", "testname": "carry_save_addition_16_bit_6_to_2_encoder_1", "cornername": "Nominal", "point": 1, "logfile": "/home/viterbi/08/vemurina/work_gpdk045/16-bit-multiply-and-accumulate-MAC-circuit/logs_vemurina/logs0/Job3.log", "simid": "1"}
[2025-11-18 18:38:59.712 -0800] [PROCESS] [cadence.virtuoso.ade.simulationMonitor] - Expression evaluator launched {"hostname": "viterbi-scf2", "processid": 206587, "history": "ExplorerRun.0", "testname": "carry_save_addition_16_bit_6_to_2_encoder_1", "cornername": "Nominal", "point": 1, "logfile": "/home/viterbi/08/vemurina/work_gpdk045/16-bit-multiply-and-accumulate-MAC-circuit/logs_vemurina/logs0/Job3.log"}
[2025-11-18 18:39:00.597 -0800] [PROCESS] [cadence.virtuoso.ade.simulationMonitor] - Started Simulation {"hostname": "viterbi-scf2", "processid": 206587, "history": "ExplorerRun.0", "testname": "carry_save_addition_16_bit_6_to_2_encoder_1", "cornername": "Nominal", "point": 1, "logfile": "/home/viterbi/08/vemurina/work_gpdk045/16-bit-multiply-and-accumulate-MAC-circuit/logs_vemurina/logs0/Job3.log", "event": "started", "task": "simulation"}
[2025-11-18 18:39:01.101 -0800] [INFO] [cadence.virtuoso.ade.simulationMonitor] - Notice from spectre during Digital Vector read-in.
    Process Vector Files.
    File read: /home/viterbi/08/vemurina/work_gpdk045/16-bit-multiply-and-accumulate-MAC-circuit/project_phase_2.vec {"history": "ExplorerRun.0", "point": 1, "testname": "carry_save_addition_16_bit_6_to_2_encoder_1", "cornername": "Nominal"}
[2025-11-18 18:39:01.102 -0800] [INFO] [cadence.virtuoso.ade.simulationMonitor] - Peak resident memory used = 58.4 Mbytes. {"history": "ExplorerRun.0", "point": 1, "testname": "carry_save_addition_16_bit_6_to_2_encoder_1", "cornername": "Nominal"}
[2025-11-18 18:39:06.107 -0800] [INFO] [cadence.virtuoso.ade.simulationMonitor] - Peak resident memory used = 86.7 Mbytes. {"history": "ExplorerRun.0", "point": 1, "testname": "carry_save_addition_16_bit_6_to_2_encoder_1", "cornername": "Nominal"}
[2025-11-18 18:39:06.609 -0800] [INFO] [cadence.virtuoso.ade.simulationMonitor] - Peak resident memory used = 97.9 Mbytes. {"history": "ExplorerRun.0", "point": 1, "testname": "carry_save_addition_16_bit_6_to_2_encoder_1", "cornername": "Nominal"}
[2025-11-18 18:39:06.610 -0800] [INFO] [cadence.virtuoso.ade.simulationMonitor] - Notice from spectre during topology check.
    Only one connection to the following 2 nodes:
        VDD!
        out1_0 {"history": "ExplorerRun.0", "point": 1, "testname": "carry_save_addition_16_bit_6_to_2_encoder_1", "cornername": "Nominal"}
[2025-11-18 18:39:06.617 -0800] [INFO] [cadence.virtuoso.ade.simulationMonitor] -               nodes 4654 {"history": "ExplorerRun.0", "point": 1, "testname": "carry_save_addition_16_bit_6_to_2_encoder_1", "cornername": "Nominal"}
[2025-11-18 18:39:06.619 -0800] [INFO] [cadence.virtuoso.ade.simulationMonitor] - Notice from spectre during initial setup.
    APS Enabled.
    Multithreading Enabled: 8 threads in the system with 112 available processors. {"history": "ExplorerRun.0", "point": 1, "testname": "carry_save_addition_16_bit_6_to_2_encoder_1", "cornername": "Nominal"}
[2025-11-18 18:39:06.619 -0800] [INFO] [cadence.virtuoso.ade.simulationMonitor] - Peak resident memory used = 108 Mbytes. {"history": "ExplorerRun.0", "point": 1, "testname": "carry_save_addition_16_bit_6_to_2_encoder_1", "cornername": "Nominal"}
[2025-11-18 18:39:06.621 -0800] [WARN] [cadence.virtuoso.ade.simulationMonitor] -     WARNING (SPECTRE-16707): Only tran supports psfxl format, result of other analyses will be in psfbin format. {"history": "ExplorerRun.0", "point": 1, "testname": "carry_save_addition_16_bit_6_to_2_encoder_1", "cornername": "Nominal"}
[2025-11-18 18:39:07.623 -0800] [INFO] [cadence.virtuoso.ade.simulationMonitor] - Notice from spectre during IC analysis, during transient analysis `tran'.
    GminDC = 1 pS is large enough to noticeably affect the DC solution.
        dV(net299) = -1.70628 mV
        Use the `gmin_check' option to eliminate or expand this report.
    Bad pivoting is found during DC analysis. Option dc_pivot_check=yes is recommended for possible improvement of convergence. {"history": "ExplorerRun.0", "point": 1, "testname": "carry_save_addition_16_bit_6_to_2_encoder_1", "cornername": "Nominal"}
[2025-11-18 18:39:08.625 -0800] [INFO] [cadence.virtuoso.ade.simulationMonitor] - Notice from spectre at time = 5.01139 ns during transient analysis `tran'.
    Found trapezoidal ringing on node I5.I20.I7.I1.PM0.n1. {"history": "ExplorerRun.0", "point": 1, "testname": "carry_save_addition_16_bit_6_to_2_encoder_1", "cornername": "Nominal"}
[2025-11-18 18:39:09.127 -0800] [INFO] [cadence.virtuoso.ade.simulationMonitor] - Notice from spectre during transient analysis `tran'.
    Trapezoidal ringing is detected during tran analysis.
        Please use method=trap for better results and performance. {"history": "ExplorerRun.0", "point": 1, "testname": "carry_save_addition_16_bit_6_to_2_encoder_1", "cornername": "Nominal"}
[2025-11-18 18:39:09.128 -0800] [INFO] [cadence.virtuoso.ade.simulationMonitor] - Total time required for tran analysis `tran': CPU = 6.68286 s, elapsed = 2.16003 s. {"history": "ExplorerRun.0", "point": 1, "testname": "carry_save_addition_16_bit_6_to_2_encoder_1", "cornername": "Nominal"}
[2025-11-18 18:39:09.131 -0800] [INFO] [cadence.virtuoso.ade.simulationMonitor] - Peak resident memory used = 156 Mbytes. {"history": "ExplorerRun.0", "point": 1, "testname": "carry_save_addition_16_bit_6_to_2_encoder_1", "cornername": "Nominal"}
[2025-11-18 18:39:09.637 -0800] [INFO] [cadence.virtuoso.ade.simulationMonitor] - Time used: CPU = 13.5 s, elapsed = 9.32 s, util. = 145%. {"history": "ExplorerRun.0", "point": 1, "testname": "carry_save_addition_16_bit_6_to_2_encoder_1", "cornername": "Nominal"}
[2025-11-18 18:39:09.641 -0800] [INFO] [cadence.virtuoso.ade.simulationMonitor] - Time spent in licensing: elapsed = 52.2 ms. {"history": "ExplorerRun.0", "point": 1, "testname": "carry_save_addition_16_bit_6_to_2_encoder_1", "cornername": "Nominal"}
[2025-11-18 18:39:09.645 -0800] [INFO] [cadence.virtuoso.ade.simulationMonitor] - Peak memory used = 157 Mbytes. {"history": "ExplorerRun.0", "point": 1, "testname": "carry_save_addition_16_bit_6_to_2_encoder_1", "cornername": "Nominal"}
[2025-11-18 18:39:09.653 -0800] [PROCESS] [cadence.virtuoso.ade.simulationMonitor] - Simulation started at: 6:38:59 PM, Tue Nov 18, 2025, ended at: 6:39:09 PM, Tue Nov 18, 2025, with elapsed time (wall clock): 9.32 s. {"history": "ExplorerRun.0", "point": 1, "testname": "carry_save_addition_16_bit_6_to_2_encoder_1", "cornername": "Nominal"}
[2025-11-18 18:39:09.655 -0800] [PROCESS] [cadence.virtuoso.ade.simulationMonitor] - spectre completes with 0 errors, 1 warning, and 9 notices. {"history": "ExplorerRun.0", "point": 1, "testname": "carry_save_addition_16_bit_6_to_2_encoder_1", "cornername": "Nominal"}
[2025-11-18 18:39:09.657 -0800] [PROCESS] [cadence.virtuoso.ade.simulationMonitor] - Finished simulating for one point {"hostname": "viterbi-scf2", "processid": 206587, "history": "ExplorerRun.0", "testname": "carry_save_addition_16_bit_6_to_2_encoder_1", "cornername": "Nominal", "point": 1, "logfile": "/home/viterbi/08/vemurina/work_gpdk045/16-bit-multiply-and-accumulate-MAC-circuit/logs_vemurina/logs0/Job3.log", "simid": "1"}
[2025-11-18 18:39:09.660 -0800] [PROCESS] [cadence.virtuoso.ade.simulationMonitor] - Simulator exited {"hostname": "viterbi-scf2", "processid": 206587, "history": "ExplorerRun.0", "testname": "carry_save_addition_16_bit_6_to_2_encoder_1", "cornername": "Nominal", "point": 1, "logfile": "/home/viterbi/08/vemurina/work_gpdk045/16-bit-multiply-and-accumulate-MAC-circuit/logs_vemurina/logs0/Job3.log", "exitStatus": "0"}
[2025-11-18 18:39:09.662 -0800] [PROCESS] [cadence.virtuoso.ade.simulationMonitor] - Finished Simulation {"hostname": "viterbi-scf2", "processid": 206587, "history": "ExplorerRun.0", "testname": "carry_save_addition_16_bit_6_to_2_encoder_1", "cornername": "Nominal", "point": 1, "logfile": "/home/viterbi/08/vemurina/work_gpdk045/16-bit-multiply-and-accumulate-MAC-circuit/logs_vemurina/logs0/Job3.log", "simid": "1"}
[2025-11-18 18:39:11.709 -0800] [PROCESS] [cadence.virtuoso.ade.simulationMonitor] - Point Finished {"hostname": "viterbi-scf2", "processid": 206587, "history": "ExplorerRun.0", "testname": "carry_save_addition_16_bit_6_to_2_encoder_1", "cornername": "Nominal", "point": 1, "logfile": "/home/viterbi/08/vemurina/work_gpdk045/16-bit-multiply-and-accumulate-MAC-circuit/logs_vemurina/logs0/Job3.log"}
[2025-11-18 18:39:12.726 -0800] [PROCESS] [cadence.virtuoso.ade.simulationMonitor] - Stay with the runId '2', Linger time '300', currentRunSyn '5', currentTestSyn '6' {"hostname": "viterbi-scf2", "processid": 206587, "history": "ExplorerRun.0", "testname": "carry_save_addition_16_bit_6_to_2_encoder_1", "cornername": "Nominal", "point": 1, "logfile": "/home/viterbi/08/vemurina/work_gpdk045/16-bit-multiply-and-accumulate-MAC-circuit/logs_vemurina/logs0/Job3.log"}
[2025-11-18 18:39:13.733 -0800] [PROCESS] [cadence.virtuoso.ade.simulationMonitor] - Stay with the runId '2', Linger time '300', currentRunSyn '5', currentTestSyn '6' {"hostname": "viterbi-scf2", "processid": 206587, "history": "ExplorerRun.0", "testname": "carry_save_addition_16_bit_6_to_2_encoder_1", "cornername": "Nominal", "point": 1, "logfile": "/home/viterbi/08/vemurina/work_gpdk045/16-bit-multiply-and-accumulate-MAC-circuit/logs_vemurina/logs0/Job3.log"}
[2025-11-18 18:41:29.581 -0800] [INFO] [cadence.virtuoso.ade.simulationMonitor] - SimulationMonitor has terminated the vds process '206627', reason: 'Force to stop the expression evalutor process because of new run' {"history": "ExplorerRun.0", "point": 1, "testname": "carry_save_addition_16_bit_6_to_2_encoder_1", "cornername": "Nominal"}
[2025-11-18 18:41:29.586 -0800] [PROCESS] [cadence.virtuoso.ade.simulationMonitor] - HostInfo:
Host name (type):	viterbi-scf2 (x86_64)
Operating system:	Linux 3.10.0-1160.119.1.el7.tuxcare.els25.x86_64 #1 SMP Wed Oct 1 17:37:27 UTC 2025 {"hostname": "viterbi-scf2", "processid": 206587, "history": "ExplorerRun.0", "testname": "carry_save_addition_16_bit_6_to_2_encoder_1", "cornername": "Nominal", "point": 1, "logfile": "/home/viterbi/08/vemurina/work_gpdk045/16-bit-multiply-and-accumulate-MAC-circuit/logs_vemurina/logs0/Job3.log", "nodename": "viterbi-scf2", "domainname": "viterbi", "machine": "x86_64", "sysname": "Linux", "release": "3.10.0-1160.119.1.el7.tuxcare.els25.x86_64", "version": "#1 SMP Wed Oct 1 17:37:27 UTC 2025"}
[2025-11-18 18:41:29.587 -0800] [PROCESS] [cadence.virtuoso.ade.simulationMonitor] - UsageInfo:
pid=206587
totalPhysicalMemory=1007.038651GB,Used=217.669605GB,totalVirtualMemory=1007.038651GB,Used=217.669605GB
Cpu: Cores=112, Load average:39.710000,39.460000,39.850000 {"hostname": "viterbi-scf2", "processid": 206587, "history": "ExplorerRun.0", "testname": "carry_save_addition_16_bit_6_to_2_encoder_1", "cornername": "Nominal", "point": 1, "logfile": "/home/viterbi/08/vemurina/work_gpdk045/16-bit-multiply-and-accumulate-MAC-circuit/logs_vemurina/logs0/Job3.log", "pid": "206587", "totalPhysicalMemory": "1007.038651", "physicalMemoryUsed": "217.669605", "totalVirtualMemory": "1007.038651", "virtualMemoryUsed": "217.669605", "cpuCores": "112", "processes": "8633", "loadAverage1": "39.710000", "loadAverage5": "39.460000", "loadAverage15": "39.850000", "loadAverage1Percent": "0.354554"}
[2025-11-18 18:41:29.592 -0800] [EVENT] [cadence.virtuoso.ade.simulationMonitor] - NewPoint {"history": "ExplorerRun.0", "point": 1, "testname": "carry_save_addition_16_bit_6_to_2_encoder_1", "cornername": "Nominal", "event": "NewPoint", "EventSource": "Simulation Monitor", "HistoryName": "ExplorerRun.0", "logFile": "/home/viterbi/08/vemurina/work_gpdk045/16-bit-multiply-and-accumulate-MAC-circuit/logs_vemurina/logs0/Job3.log", "logFileSize": "15143"}
[2025-11-18 18:41:29.898 -0800] [EVENT] [cadence.virtuoso.ade.simulationMonitor] - NewPoint {"history": "ExplorerRun.0", "point": 1, "testname": "carry_save_addition_16_bit_6_to_2_encoder_1", "cornername": "Nominal", "event": "NewPoint", "EventSource": "spectre", "HistoryName": "ExplorerRun.0", "logFile": "/home/viterbi/08/vemurina/simulation/carry_save_addition/16_bit_6_to_2_encoder/maestro/results/maestro/ExplorerRun.0/1/carry_save_addition_16_bit_6_to_2_encoder_1/psf/spectre.out", "logFileSize": "-1"}
[2025-11-18 18:41:29.928 -0800] [PROCESS] [cadence.virtuoso.ade.simulationMonitor] - Simulator launched {"hostname": "viterbi-scf2", "processid": 206587, "history": "ExplorerRun.0", "testname": "carry_save_addition_16_bit_6_to_2_encoder_1", "cornername": "Nominal", "point": 1, "logfile": "/home/viterbi/08/vemurina/work_gpdk045/16-bit-multiply-and-accumulate-MAC-circuit/logs_vemurina/logs0/Job3.log", "simid": "2"}
[2025-11-18 18:41:29.936 -0800] [PROCESS] [cadence.virtuoso.ade.simulationMonitor] - Expression evaluator launched {"hostname": "viterbi-scf2", "processid": 206587, "history": "ExplorerRun.0", "testname": "carry_save_addition_16_bit_6_to_2_encoder_1", "cornername": "Nominal", "point": 1, "logfile": "/home/viterbi/08/vemurina/work_gpdk045/16-bit-multiply-and-accumulate-MAC-circuit/logs_vemurina/logs0/Job3.log"}
[2025-11-18 18:41:30.816 -0800] [PROCESS] [cadence.virtuoso.ade.simulationMonitor] - Started Simulation {"hostname": "viterbi-scf2", "processid": 206587, "history": "ExplorerRun.0", "testname": "carry_save_addition_16_bit_6_to_2_encoder_1", "cornername": "Nominal", "point": 1, "logfile": "/home/viterbi/08/vemurina/work_gpdk045/16-bit-multiply-and-accumulate-MAC-circuit/logs_vemurina/logs0/Job3.log", "event": "started", "task": "simulation"}
[2025-11-18 18:41:30.818 -0800] [INFO] [cadence.virtuoso.ade.simulationMonitor] - Notice from spectre during Digital Vector read-in.
    Process Vector Files.
    File read: /home/viterbi/08/vemurina/work_gpdk045/16-bit-multiply-and-accumulate-MAC-circuit/project_phase_2.vec {"history": "ExplorerRun.0", "point": 1, "testname": "carry_save_addition_16_bit_6_to_2_encoder_1", "cornername": "Nominal"}
[2025-11-18 18:41:30.819 -0800] [INFO] [cadence.virtuoso.ade.simulationMonitor] - Peak resident memory used = 58.4 Mbytes. {"history": "ExplorerRun.0", "point": 1, "testname": "carry_save_addition_16_bit_6_to_2_encoder_1", "cornername": "Nominal"}
[2025-11-18 18:41:36.825 -0800] [INFO] [cadence.virtuoso.ade.simulationMonitor] - Peak resident memory used = 86.6 Mbytes. {"history": "ExplorerRun.0", "point": 1, "testname": "carry_save_addition_16_bit_6_to_2_encoder_1", "cornername": "Nominal"}
[2025-11-18 18:41:37.326 -0800] [INFO] [cadence.virtuoso.ade.simulationMonitor] - Peak resident memory used = 97.9 Mbytes. {"history": "ExplorerRun.0", "point": 1, "testname": "carry_save_addition_16_bit_6_to_2_encoder_1", "cornername": "Nominal"}
[2025-11-18 18:41:37.327 -0800] [INFO] [cadence.virtuoso.ade.simulationMonitor] - Notice from spectre during topology check.
    Only one connection to the following 2 nodes:
        VDD!
        out1_0 {"history": "ExplorerRun.0", "point": 1, "testname": "carry_save_addition_16_bit_6_to_2_encoder_1", "cornername": "Nominal"}
[2025-11-18 18:41:37.843 -0800] [INFO] [cadence.virtuoso.ade.simulationMonitor] -               nodes 4654 {"history": "ExplorerRun.0", "point": 1, "testname": "carry_save_addition_16_bit_6_to_2_encoder_1", "cornername": "Nominal"}
[2025-11-18 18:41:37.850 -0800] [INFO] [cadence.virtuoso.ade.simulationMonitor] - Notice from spectre during initial setup.
    APS Enabled.
    Multithreading Enabled: 8 threads in the system with 112 available processors. {"history": "ExplorerRun.0", "point": 1, "testname": "carry_save_addition_16_bit_6_to_2_encoder_1", "cornername": "Nominal"}
[2025-11-18 18:41:37.851 -0800] [INFO] [cadence.virtuoso.ade.simulationMonitor] - Peak resident memory used = 108 Mbytes. {"history": "ExplorerRun.0", "point": 1, "testname": "carry_save_addition_16_bit_6_to_2_encoder_1", "cornername": "Nominal"}
[2025-11-18 18:41:37.853 -0800] [WARN] [cadence.virtuoso.ade.simulationMonitor] -     WARNING (SPECTRE-16707): Only tran supports psfxl format, result of other analyses will be in psfbin format. {"history": "ExplorerRun.0", "point": 1, "testname": "carry_save_addition_16_bit_6_to_2_encoder_1", "cornername": "Nominal"}
[2025-11-18 18:41:38.856 -0800] [INFO] [cadence.virtuoso.ade.simulationMonitor] - Notice from spectre during IC analysis, during transient analysis `tran'.
    GminDC = 1 pS is large enough to noticeably affect the DC solution.
        dV(net299) = -1.70628 mV
        Use the `gmin_check' option to eliminate or expand this report.
    Bad pivoting is found during DC analysis. Option dc_pivot_check=yes is recommended for possible improvement of convergence. {"history": "ExplorerRun.0", "point": 1, "testname": "carry_save_addition_16_bit_6_to_2_encoder_1", "cornername": "Nominal"}
[2025-11-18 18:41:40.858 -0800] [INFO] [cadence.virtuoso.ade.simulationMonitor] - Notice from spectre at time = 5.01139 ns during transient analysis `tran'.
    Found trapezoidal ringing on node I5.I20.I7.I1.PM0.n1. {"history": "ExplorerRun.0", "point": 1, "testname": "carry_save_addition_16_bit_6_to_2_encoder_1", "cornername": "Nominal"}
[2025-11-18 18:41:40.860 -0800] [INFO] [cadence.virtuoso.ade.simulationMonitor] - Notice from spectre during transient analysis `tran'.
    Trapezoidal ringing is detected during tran analysis.
        Please use method=trap for better results and performance. {"history": "ExplorerRun.0", "point": 1, "testname": "carry_save_addition_16_bit_6_to_2_encoder_1", "cornername": "Nominal"}
[2025-11-18 18:41:40.861 -0800] [INFO] [cadence.virtuoso.ade.simulationMonitor] - Total time required for tran analysis `tran': CPU = 10.6149 s, elapsed = 3.27487 s. {"history": "ExplorerRun.0", "point": 1, "testname": "carry_save_addition_16_bit_6_to_2_encoder_1", "cornername": "Nominal"}
[2025-11-18 18:41:40.862 -0800] [INFO] [cadence.virtuoso.ade.simulationMonitor] - Peak resident memory used = 156 Mbytes. {"history": "ExplorerRun.0", "point": 1, "testname": "carry_save_addition_16_bit_6_to_2_encoder_1", "cornername": "Nominal"}
[2025-11-18 18:41:41.365 -0800] [INFO] [cadence.virtuoso.ade.simulationMonitor] - Time used: CPU = 18.2 s, elapsed = 11.2 s, util. = 163%. {"history": "ExplorerRun.0", "point": 1, "testname": "carry_save_addition_16_bit_6_to_2_encoder_1", "cornername": "Nominal"}
[2025-11-18 18:41:41.367 -0800] [INFO] [cadence.virtuoso.ade.simulationMonitor] - Time spent in licensing: elapsed = 47 ms. {"history": "ExplorerRun.0", "point": 1, "testname": "carry_save_addition_16_bit_6_to_2_encoder_1", "cornername": "Nominal"}
[2025-11-18 18:41:41.371 -0800] [INFO] [cadence.virtuoso.ade.simulationMonitor] - Peak memory used = 157 Mbytes. {"history": "ExplorerRun.0", "point": 1, "testname": "carry_save_addition_16_bit_6_to_2_encoder_1", "cornername": "Nominal"}
[2025-11-18 18:41:41.377 -0800] [PROCESS] [cadence.virtuoso.ade.simulationMonitor] - Simulation started at: 6:41:30 PM, Tue Nov 18, 2025, ended at: 6:41:41 PM, Tue Nov 18, 2025, with elapsed time (wall clock): 11.2 s. {"history": "ExplorerRun.0", "point": 1, "testname": "carry_save_addition_16_bit_6_to_2_encoder_1", "cornername": "Nominal"}
[2025-11-18 18:41:41.378 -0800] [PROCESS] [cadence.virtuoso.ade.simulationMonitor] - spectre completes with 0 errors, 1 warning, and 9 notices. {"history": "ExplorerRun.0", "point": 1, "testname": "carry_save_addition_16_bit_6_to_2_encoder_1", "cornername": "Nominal"}
[2025-11-18 18:41:41.380 -0800] [PROCESS] [cadence.virtuoso.ade.simulationMonitor] - Finished simulating for one point {"hostname": "viterbi-scf2", "processid": 206587, "history": "ExplorerRun.0", "testname": "carry_save_addition_16_bit_6_to_2_encoder_1", "cornername": "Nominal", "point": 1, "logfile": "/home/viterbi/08/vemurina/work_gpdk045/16-bit-multiply-and-accumulate-MAC-circuit/logs_vemurina/logs0/Job3.log", "simid": "2"}
[2025-11-18 18:41:41.383 -0800] [PROCESS] [cadence.virtuoso.ade.simulationMonitor] - Simulator exited {"hostname": "viterbi-scf2", "processid": 206587, "history": "ExplorerRun.0", "testname": "carry_save_addition_16_bit_6_to_2_encoder_1", "cornername": "Nominal", "point": 1, "logfile": "/home/viterbi/08/vemurina/work_gpdk045/16-bit-multiply-and-accumulate-MAC-circuit/logs_vemurina/logs0/Job3.log", "exitStatus": "0"}
[2025-11-18 18:41:41.388 -0800] [PROCESS] [cadence.virtuoso.ade.simulationMonitor] - Finished Simulation {"hostname": "viterbi-scf2", "processid": 206587, "history": "ExplorerRun.0", "testname": "carry_save_addition_16_bit_6_to_2_encoder_1", "cornername": "Nominal", "point": 1, "logfile": "/home/viterbi/08/vemurina/work_gpdk045/16-bit-multiply-and-accumulate-MAC-circuit/logs_vemurina/logs0/Job3.log", "simid": "2"}
[2025-11-18 18:41:43.419 -0800] [PROCESS] [cadence.virtuoso.ade.simulationMonitor] - Point Finished {"hostname": "viterbi-scf2", "processid": 206587, "history": "ExplorerRun.0", "testname": "carry_save_addition_16_bit_6_to_2_encoder_1", "cornername": "Nominal", "point": 1, "logfile": "/home/viterbi/08/vemurina/work_gpdk045/16-bit-multiply-and-accumulate-MAC-circuit/logs_vemurina/logs0/Job3.log"}
[2025-11-18 18:41:44.442 -0800] [PROCESS] [cadence.virtuoso.ade.simulationMonitor] - Stay with the runId '3', Linger time '300', currentRunSyn '7', currentTestSyn '8' {"hostname": "viterbi-scf2", "processid": 206587, "history": "ExplorerRun.0", "testname": "carry_save_addition_16_bit_6_to_2_encoder_1", "cornername": "Nominal", "point": 1, "logfile": "/home/viterbi/08/vemurina/work_gpdk045/16-bit-multiply-and-accumulate-MAC-circuit/logs_vemurina/logs0/Job3.log"}
[2025-11-18 18:41:45.435 -0800] [PROCESS] [cadence.virtuoso.ade.simulationMonitor] - Stay with the runId '3', Linger time '300', currentRunSyn '7', currentTestSyn '8' {"hostname": "viterbi-scf2", "processid": 206587, "history": "ExplorerRun.0", "testname": "carry_save_addition_16_bit_6_to_2_encoder_1", "cornername": "Nominal", "point": 1, "logfile": "/home/viterbi/08/vemurina/work_gpdk045/16-bit-multiply-and-accumulate-MAC-circuit/logs_vemurina/logs0/Job3.log"}
[2025-11-18 18:46:44.923 -0800] [PROCESS] [cadence.virtuoso.ade.simulationMonitor] - Current memory used: 32.4531 MBytes, peak memory used: 32.4531 MBytes {"hostname": "viterbi-scf2", "processid": 206587, "history": "ExplorerRun.0", "testname": "carry_save_addition_16_bit_6_to_2_encoder_1", "cornername": "Nominal", "point": 1, "logfile": "/home/viterbi/08/vemurina/work_gpdk045/16-bit-multiply-and-accumulate-MAC-circuit/logs_vemurina/logs0/Job3.log"}
[2025-11-18 18:46:44.924 -0800] [PROCESS] [cadence.virtuoso.ade.simulationMonitor] - Simulation Monitor process exit. {"hostname": "viterbi-scf2", "processid": 206587, "history": "ExplorerRun.0", "testname": "carry_save_addition_16_bit_6_to_2_encoder_1", "cornername": "Nominal", "point": 1, "logfile": "/home/viterbi/08/vemurina/work_gpdk045/16-bit-multiply-and-accumulate-MAC-circuit/logs_vemurina/logs0/Job3.log"}
