[Simulation Monitor: 7]
[2025-11-19 09:49:44.205 -0800] [PROCESS] [cadence.virtuoso.ade.simulationMonitor] - Simulation Monitor has successfully started up. Trying to set up communication channels to other components ... {"hostname": "viterbi-scf2", "processid": 254936, "logfile": "/home/viterbi/08/vemurina/work_gpdk045/16-bit-multiply-and-accumulate-MAC-circuit/logs_vemurina/logs0/Job7.log"}
[2025-11-19 09:49:44.209 -0800] [PROCESS] [cadence.virtuoso.ade.simulationMonitor] - Communication channels have been successfully set up. Start processing events ... {"hostname": "viterbi-scf2", "processid": 254936, "logfile": "/home/viterbi/08/vemurina/work_gpdk045/16-bit-multiply-and-accumulate-MAC-circuit/logs_vemurina/logs0/Job7.log"}
[2025-11-19 09:49:44.210 -0800] [PROCESS] [cadence.virtuoso.ade.simulationMonitor] - Considering to start history {"hostname": "viterbi-scf2", "processid": 254936, "history": "ExplorerRun.0", "logfile": "/home/viterbi/08/vemurina/work_gpdk045/16-bit-multiply-and-accumulate-MAC-circuit/logs_vemurina/logs0/Job7.log"}
[2025-11-19 09:49:44.231 -0800] [PROCESS] [cadence.virtuoso.ade.simulationMonitor] - HostInfo:
Host name (type):	viterbi-scf2 (x86_64)
Operating system:	Linux 3.10.0-1160.119.1.el7.tuxcare.els25.x86_64 #1 SMP Wed Oct 1 17:37:27 UTC 2025 {"hostname": "viterbi-scf2", "processid": 254936, "history": "ExplorerRun.0", "logfile": "/home/viterbi/08/vemurina/work_gpdk045/16-bit-multiply-and-accumulate-MAC-circuit/logs_vemurina/logs0/Job7.log", "nodename": "viterbi-scf2", "domainname": "viterbi", "machine": "x86_64", "sysname": "Linux", "release": "3.10.0-1160.119.1.el7.tuxcare.els25.x86_64", "version": "#1 SMP Wed Oct 1 17:37:27 UTC 2025"}
[2025-11-19 09:49:44.233 -0800] [PROCESS] [cadence.virtuoso.ade.simulationMonitor] - UsageInfo:
pid=254936
totalPhysicalMemory=1007.038651GB,Used=225.398670GB,totalVirtualMemory=1007.038651GB,Used=225.398670GB
Cpu: Cores=112, Load average:40.720000,40.830000,40.690000 {"hostname": "viterbi-scf2", "processid": 254936, "history": "ExplorerRun.0", "logfile": "/home/viterbi/08/vemurina/work_gpdk045/16-bit-multiply-and-accumulate-MAC-circuit/logs_vemurina/logs0/Job7.log", "pid": "254936", "totalPhysicalMemory": "1007.038651", "physicalMemoryUsed": "225.398670", "totalVirtualMemory": "1007.038651", "virtualMemoryUsed": "225.398670", "cpuCores": "112", "processes": "5552", "loadAverage1": "40.720000", "loadAverage5": "40.830000", "loadAverage15": "40.690000", "loadAverage1Percent": "0.363571"}
[2025-11-19 09:49:44.239 -0800] [EVENT] [cadence.virtuoso.ade.simulationMonitor] - NewPoint {"history": "ExplorerRun.0", "point": 1, "testname": "carry_save_addition_16_bit_6_to_2_encoder_1", "cornername": "Nominal", "event": "NewPoint", "EventSource": "Simulation Monitor", "HistoryName": "ExplorerRun.0", "logFile": "/home/viterbi/08/vemurina/work_gpdk045/16-bit-multiply-and-accumulate-MAC-circuit/logs_vemurina/logs0/Job7.log", "logFileSize": "2493"}
[2025-11-19 09:49:44.546 -0800] [EVENT] [cadence.virtuoso.ade.simulationMonitor] - NewPoint {"history": "ExplorerRun.0", "point": 1, "testname": "carry_save_addition_16_bit_6_to_2_encoder_1", "cornername": "Nominal", "event": "NewPoint", "EventSource": "spectre", "HistoryName": "ExplorerRun.0", "logFile": "/home/viterbi/08/vemurina/simulation/carry_save_addition/16_bit_6_to_2_encoder/maestro/results/maestro/ExplorerRun.0/1/carry_save_addition_16_bit_6_to_2_encoder_1/psf/spectre.out", "logFileSize": "-1"}
[2025-11-19 09:49:44.588 -0800] [PROCESS] [cadence.virtuoso.ade.simulationMonitor] - Simulator launched {"hostname": "viterbi-scf2", "processid": 254936, "history": "ExplorerRun.0", "testname": "carry_save_addition_16_bit_6_to_2_encoder_1", "cornername": "Nominal", "point": 1, "logfile": "/home/viterbi/08/vemurina/work_gpdk045/16-bit-multiply-and-accumulate-MAC-circuit/logs_vemurina/logs0/Job7.log", "simid": "1"}
[2025-11-19 09:49:44.594 -0800] [PROCESS] [cadence.virtuoso.ade.simulationMonitor] - Expression evaluator launched {"hostname": "viterbi-scf2", "processid": 254936, "history": "ExplorerRun.0", "testname": "carry_save_addition_16_bit_6_to_2_encoder_1", "cornername": "Nominal", "point": 1, "logfile": "/home/viterbi/08/vemurina/work_gpdk045/16-bit-multiply-and-accumulate-MAC-circuit/logs_vemurina/logs0/Job7.log"}
[2025-11-19 09:49:45.174 -0800] [PROCESS] [cadence.virtuoso.ade.simulationMonitor] - Started Simulation {"hostname": "viterbi-scf2", "processid": 254936, "history": "ExplorerRun.0", "testname": "carry_save_addition_16_bit_6_to_2_encoder_1", "cornername": "Nominal", "point": 1, "logfile": "/home/viterbi/08/vemurina/work_gpdk045/16-bit-multiply-and-accumulate-MAC-circuit/logs_vemurina/logs0/Job7.log", "event": "started", "task": "simulation"}
[2025-11-19 09:49:45.679 -0800] [INFO] [cadence.virtuoso.ade.simulationMonitor] - Notice from spectre during Digital Vector read-in.
    Process Vector Files.
    File read: /home/viterbi/08/vemurina/work_gpdk045/16-bit-multiply-and-accumulate-MAC-circuit/project_phase_2.vec {"history": "ExplorerRun.0", "point": 1, "testname": "carry_save_addition_16_bit_6_to_2_encoder_1", "cornername": "Nominal"}
[2025-11-19 09:49:45.681 -0800] [INFO] [cadence.virtuoso.ade.simulationMonitor] - Peak resident memory used = 58.3 Mbytes. {"history": "ExplorerRun.0", "point": 1, "testname": "carry_save_addition_16_bit_6_to_2_encoder_1", "cornername": "Nominal"}
[2025-11-19 09:49:50.687 -0800] [INFO] [cadence.virtuoso.ade.simulationMonitor] - Peak resident memory used = 86.6 Mbytes. {"history": "ExplorerRun.0", "point": 1, "testname": "carry_save_addition_16_bit_6_to_2_encoder_1", "cornername": "Nominal"}
[2025-11-19 09:49:51.189 -0800] [INFO] [cadence.virtuoso.ade.simulationMonitor] - Peak resident memory used = 97.8 Mbytes. {"history": "ExplorerRun.0", "point": 1, "testname": "carry_save_addition_16_bit_6_to_2_encoder_1", "cornername": "Nominal"}
[2025-11-19 09:49:51.191 -0800] [INFO] [cadence.virtuoso.ade.simulationMonitor] - Notice from spectre during topology check.
    Only one connection to node `out1_0'. {"history": "ExplorerRun.0", "point": 1, "testname": "carry_save_addition_16_bit_6_to_2_encoder_1", "cornername": "Nominal"}
[2025-11-19 09:49:51.199 -0800] [INFO] [cadence.virtuoso.ade.simulationMonitor] -               nodes 4653 {"history": "ExplorerRun.0", "point": 1, "testname": "carry_save_addition_16_bit_6_to_2_encoder_1", "cornername": "Nominal"}
[2025-11-19 09:49:51.201 -0800] [INFO] [cadence.virtuoso.ade.simulationMonitor] - Notice from spectre during initial setup.
    APS Enabled.
    Multithreading Enabled: 8 threads in the system with 112 available processors. {"history": "ExplorerRun.0", "point": 1, "testname": "carry_save_addition_16_bit_6_to_2_encoder_1", "cornername": "Nominal"}
[2025-11-19 09:49:51.204 -0800] [INFO] [cadence.virtuoso.ade.simulationMonitor] - Peak resident memory used = 108 Mbytes. {"history": "ExplorerRun.0", "point": 1, "testname": "carry_save_addition_16_bit_6_to_2_encoder_1", "cornername": "Nominal"}
[2025-11-19 09:49:51.206 -0800] [WARN] [cadence.virtuoso.ade.simulationMonitor] -     WARNING (SPECTRE-16707): Only tran supports psfxl format, result of other analyses will be in psfbin format. {"history": "ExplorerRun.0", "point": 1, "testname": "carry_save_addition_16_bit_6_to_2_encoder_1", "cornername": "Nominal"}
[2025-11-19 09:49:59.212 -0800] [INFO] [cadence.virtuoso.ade.simulationMonitor] - Notice from spectre during IC analysis, during transient analysis `tran'.
    Bad pivoting is found during DC analysis. Option dc_pivot_check=yes is recommended for possible improvement of convergence. {"history": "ExplorerRun.0", "point": 1, "testname": "carry_save_addition_16_bit_6_to_2_encoder_1", "cornername": "Nominal"}
[2025-11-19 09:50:06.220 -0800] [INFO] [cadence.virtuoso.ade.simulationMonitor] - Total time required for tran analysis `tran': CPU = 55.8727 s, elapsed = 14.4027 s. {"history": "ExplorerRun.0", "point": 1, "testname": "carry_save_addition_16_bit_6_to_2_encoder_1", "cornername": "Nominal"}
[2025-11-19 09:50:06.222 -0800] [INFO] [cadence.virtuoso.ade.simulationMonitor] - Peak resident memory used = 267 Mbytes. {"history": "ExplorerRun.0", "point": 1, "testname": "carry_save_addition_16_bit_6_to_2_encoder_1", "cornername": "Nominal"}
[2025-11-19 09:50:06.225 -0800] [INFO] [cadence.virtuoso.ade.simulationMonitor] - Time used: CPU = 62.6 s (1m  2.6s), elapsed = 21.4 s, util. = 292%. {"history": "ExplorerRun.0", "point": 1, "testname": "carry_save_addition_16_bit_6_to_2_encoder_1", "cornername": "Nominal"}
[2025-11-19 09:50:06.227 -0800] [INFO] [cadence.virtuoso.ade.simulationMonitor] - Time spent in licensing: elapsed = 61 ms. {"history": "ExplorerRun.0", "point": 1, "testname": "carry_save_addition_16_bit_6_to_2_encoder_1", "cornername": "Nominal"}
[2025-11-19 09:50:06.230 -0800] [INFO] [cadence.virtuoso.ade.simulationMonitor] - Peak memory used = 267 Mbytes. {"history": "ExplorerRun.0", "point": 1, "testname": "carry_save_addition_16_bit_6_to_2_encoder_1", "cornername": "Nominal"}
[2025-11-19 09:50:06.235 -0800] [PROCESS] [cadence.virtuoso.ade.simulationMonitor] - Simulation started at: 9:49:44 AM, Wed Nov 19, 2025, ended at: 9:50:06 AM, Wed Nov 19, 2025, with elapsed time (wall clock): 21.4 s. {"history": "ExplorerRun.0", "point": 1, "testname": "carry_save_addition_16_bit_6_to_2_encoder_1", "cornername": "Nominal"}
[2025-11-19 09:50:06.236 -0800] [PROCESS] [cadence.virtuoso.ade.simulationMonitor] - spectre completes with 0 errors, 1 warning, and 6 notices. {"history": "ExplorerRun.0", "point": 1, "testname": "carry_save_addition_16_bit_6_to_2_encoder_1", "cornername": "Nominal"}
[2025-11-19 09:50:06.741 -0800] [PROCESS] [cadence.virtuoso.ade.simulationMonitor] - Finished simulating for one point {"hostname": "viterbi-scf2", "processid": 254936, "history": "ExplorerRun.0", "testname": "carry_save_addition_16_bit_6_to_2_encoder_1", "cornername": "Nominal", "point": 1, "logfile": "/home/viterbi/08/vemurina/work_gpdk045/16-bit-multiply-and-accumulate-MAC-circuit/logs_vemurina/logs0/Job7.log", "simid": "1"}
[2025-11-19 09:50:06.744 -0800] [PROCESS] [cadence.virtuoso.ade.simulationMonitor] - Simulator exited {"hostname": "viterbi-scf2", "processid": 254936, "history": "ExplorerRun.0", "testname": "carry_save_addition_16_bit_6_to_2_encoder_1", "cornername": "Nominal", "point": 1, "logfile": "/home/viterbi/08/vemurina/work_gpdk045/16-bit-multiply-and-accumulate-MAC-circuit/logs_vemurina/logs0/Job7.log", "exitStatus": "0"}
[2025-11-19 09:50:06.747 -0800] [PROCESS] [cadence.virtuoso.ade.simulationMonitor] - Finished Simulation {"hostname": "viterbi-scf2", "processid": 254936, "history": "ExplorerRun.0", "testname": "carry_save_addition_16_bit_6_to_2_encoder_1", "cornername": "Nominal", "point": 1, "logfile": "/home/viterbi/08/vemurina/work_gpdk045/16-bit-multiply-and-accumulate-MAC-circuit/logs_vemurina/logs0/Job7.log", "simid": "1"}
[2025-11-19 09:50:10.297 -0800] [PROCESS] [cadence.virtuoso.ade.simulationMonitor] - Point Finished {"hostname": "viterbi-scf2", "processid": 254936, "history": "ExplorerRun.0", "testname": "carry_save_addition_16_bit_6_to_2_encoder_1", "cornername": "Nominal", "point": 1, "logfile": "/home/viterbi/08/vemurina/work_gpdk045/16-bit-multiply-and-accumulate-MAC-circuit/logs_vemurina/logs0/Job7.log"}
[2025-11-19 09:50:11.315 -0800] [PROCESS] [cadence.virtuoso.ade.simulationMonitor] - Stay with the runId '4', Linger time '300', currentRunSyn '9', currentTestSyn '10' {"hostname": "viterbi-scf2", "processid": 254936, "history": "ExplorerRun.0", "testname": "carry_save_addition_16_bit_6_to_2_encoder_1", "cornername": "Nominal", "point": 1, "logfile": "/home/viterbi/08/vemurina/work_gpdk045/16-bit-multiply-and-accumulate-MAC-circuit/logs_vemurina/logs0/Job7.log"}
[2025-11-19 09:50:12.316 -0800] [PROCESS] [cadence.virtuoso.ade.simulationMonitor] - Stay with the runId '4', Linger time '300', currentRunSyn '9', currentTestSyn '10' {"hostname": "viterbi-scf2", "processid": 254936, "history": "ExplorerRun.0", "testname": "carry_save_addition_16_bit_6_to_2_encoder_1", "cornername": "Nominal", "point": 1, "logfile": "/home/viterbi/08/vemurina/work_gpdk045/16-bit-multiply-and-accumulate-MAC-circuit/logs_vemurina/logs0/Job7.log"}
[2025-11-19 09:50:13.328 -0800] [PROCESS] [cadence.virtuoso.ade.simulationMonitor] - Stay with the runId '4', Linger time '300', currentRunSyn '9', currentTestSyn '10' {"hostname": "viterbi-scf2", "processid": 254936, "history": "ExplorerRun.0", "testname": "carry_save_addition_16_bit_6_to_2_encoder_1", "cornername": "Nominal", "point": 1, "logfile": "/home/viterbi/08/vemurina/work_gpdk045/16-bit-multiply-and-accumulate-MAC-circuit/logs_vemurina/logs0/Job7.log"}
[2025-11-19 09:50:14.327 -0800] [PROCESS] [cadence.virtuoso.ade.simulationMonitor] - Stay with the runId '4', Linger time '300', currentRunSyn '9', currentTestSyn '10' {"hostname": "viterbi-scf2", "processid": 254936, "history": "ExplorerRun.0", "testname": "carry_save_addition_16_bit_6_to_2_encoder_1", "cornername": "Nominal", "point": 1, "logfile": "/home/viterbi/08/vemurina/work_gpdk045/16-bit-multiply-and-accumulate-MAC-circuit/logs_vemurina/logs0/Job7.log"}
[2025-11-19 09:50:15.332 -0800] [PROCESS] [cadence.virtuoso.ade.simulationMonitor] - Stay with the runId '4', Linger time '300', currentRunSyn '9', currentTestSyn '10' {"hostname": "viterbi-scf2", "processid": 254936, "history": "ExplorerRun.0", "testname": "carry_save_addition_16_bit_6_to_2_encoder_1", "cornername": "Nominal", "point": 1, "logfile": "/home/viterbi/08/vemurina/work_gpdk045/16-bit-multiply-and-accumulate-MAC-circuit/logs_vemurina/logs0/Job7.log"}
[2025-11-19 09:50:16.331 -0800] [PROCESS] [cadence.virtuoso.ade.simulationMonitor] - Stay with the runId '4', Linger time '300', currentRunSyn '9', currentTestSyn '10' {"hostname": "viterbi-scf2", "processid": 254936, "history": "ExplorerRun.0", "testname": "carry_save_addition_16_bit_6_to_2_encoder_1", "cornername": "Nominal", "point": 1, "logfile": "/home/viterbi/08/vemurina/work_gpdk045/16-bit-multiply-and-accumulate-MAC-circuit/logs_vemurina/logs0/Job7.log"}
[2025-11-19 09:50:17.333 -0800] [PROCESS] [cadence.virtuoso.ade.simulationMonitor] - Stay with the runId '4', Linger time '300', currentRunSyn '9', currentTestSyn '10' {"hostname": "viterbi-scf2", "processid": 254936, "history": "ExplorerRun.0", "testname": "carry_save_addition_16_bit_6_to_2_encoder_1", "cornername": "Nominal", "point": 1, "logfile": "/home/viterbi/08/vemurina/work_gpdk045/16-bit-multiply-and-accumulate-MAC-circuit/logs_vemurina/logs0/Job7.log"}
[2025-11-19 09:55:11.982 -0800] [PROCESS] [cadence.virtuoso.ade.simulationMonitor] - Current memory used: 32.4375 MBytes, peak memory used: 34.3242 MBytes {"hostname": "viterbi-scf2", "processid": 254936, "history": "ExplorerRun.0", "testname": "carry_save_addition_16_bit_6_to_2_encoder_1", "cornername": "Nominal", "point": 1, "logfile": "/home/viterbi/08/vemurina/work_gpdk045/16-bit-multiply-and-accumulate-MAC-circuit/logs_vemurina/logs0/Job7.log"}
[2025-11-19 09:55:11.983 -0800] [PROCESS] [cadence.virtuoso.ade.simulationMonitor] - Simulation Monitor process exit. {"hostname": "viterbi-scf2", "processid": 254936, "history": "ExplorerRun.0", "testname": "carry_save_addition_16_bit_6_to_2_encoder_1", "cornername": "Nominal", "point": 1, "logfile": "/home/viterbi/08/vemurina/work_gpdk045/16-bit-multiply-and-accumulate-MAC-circuit/logs_vemurina/logs0/Job7.log"}
