[Simulation Monitor: 8]
[2025-11-18 19:07:09.063 -0800] [PROCESS] [cadence.virtuoso.ade.simulationMonitor] - Simulation Monitor has successfully started up. Trying to set up communication channels to other components ... {"hostname": "viterbi-scf2", "processid": 289734, "logfile": "/home/viterbi/08/vemurina/work_gpdk045/16-bit-multiply-and-accumulate-MAC-circuit/logs_vemurina/logs0/Job8.log"}
[2025-11-18 19:07:09.069 -0800] [PROCESS] [cadence.virtuoso.ade.simulationMonitor] - Communication channels have been successfully set up. Start processing events ... {"hostname": "viterbi-scf2", "processid": 289734, "logfile": "/home/viterbi/08/vemurina/work_gpdk045/16-bit-multiply-and-accumulate-MAC-circuit/logs_vemurina/logs0/Job8.log"}
[2025-11-18 19:07:09.071 -0800] [PROCESS] [cadence.virtuoso.ade.simulationMonitor] - Considering to start history {"hostname": "viterbi-scf2", "processid": 289734, "history": "ExplorerRun.0", "logfile": "/home/viterbi/08/vemurina/work_gpdk045/16-bit-multiply-and-accumulate-MAC-circuit/logs_vemurina/logs0/Job8.log"}
[2025-11-18 19:07:09.102 -0800] [PROCESS] [cadence.virtuoso.ade.simulationMonitor] - HostInfo:
Host name (type):	viterbi-scf2 (x86_64)
Operating system:	Linux 3.10.0-1160.119.1.el7.tuxcare.els25.x86_64 #1 SMP Wed Oct 1 17:37:27 UTC 2025 {"hostname": "viterbi-scf2", "processid": 289734, "history": "ExplorerRun.0", "logfile": "/home/viterbi/08/vemurina/work_gpdk045/16-bit-multiply-and-accumulate-MAC-circuit/logs_vemurina/logs0/Job8.log", "nodename": "viterbi-scf2", "domainname": "viterbi", "machine": "x86_64", "sysname": "Linux", "release": "3.10.0-1160.119.1.el7.tuxcare.els25.x86_64", "version": "#1 SMP Wed Oct 1 17:37:27 UTC 2025"}
[2025-11-18 19:07:09.104 -0800] [PROCESS] [cadence.virtuoso.ade.simulationMonitor] - UsageInfo:
pid=289734
totalPhysicalMemory=1007.038651GB,Used=217.719231GB,totalVirtualMemory=1007.038651GB,Used=217.719231GB
Cpu: Cores=112, Load average:41.020000,41.680000,41.040000 {"hostname": "viterbi-scf2", "processid": 289734, "history": "ExplorerRun.0", "logfile": "/home/viterbi/08/vemurina/work_gpdk045/16-bit-multiply-and-accumulate-MAC-circuit/logs_vemurina/logs0/Job8.log", "pid": "289734", "totalPhysicalMemory": "1007.038651", "physicalMemoryUsed": "217.719231", "totalVirtualMemory": "1007.038651", "virtualMemoryUsed": "217.719231", "cpuCores": "112", "processes": "8275", "loadAverage1": "41.020000", "loadAverage5": "41.680000", "loadAverage15": "41.040000", "loadAverage1Percent": "0.366250"}
[2025-11-18 19:07:09.110 -0800] [EVENT] [cadence.virtuoso.ade.simulationMonitor] - NewPoint {"history": "ExplorerRun.0", "point": 1, "testname": "carry_save_addition_16_bit_6_to_2_encoder_1", "cornername": "Nominal", "event": "NewPoint", "EventSource": "Simulation Monitor", "HistoryName": "ExplorerRun.0", "logFile": "/home/viterbi/08/vemurina/work_gpdk045/16-bit-multiply-and-accumulate-MAC-circuit/logs_vemurina/logs0/Job8.log", "logFileSize": "2493"}
[2025-11-18 19:07:09.417 -0800] [EVENT] [cadence.virtuoso.ade.simulationMonitor] - NewPoint {"history": "ExplorerRun.0", "point": 1, "testname": "carry_save_addition_16_bit_6_to_2_encoder_1", "cornername": "Nominal", "event": "NewPoint", "EventSource": "spectre", "HistoryName": "ExplorerRun.0", "logFile": "/home/viterbi/08/vemurina/simulation/carry_save_addition/16_bit_6_to_2_encoder/maestro/results/maestro/ExplorerRun.0/1/carry_save_addition_16_bit_6_to_2_encoder_1/psf/spectre.out", "logFileSize": "-1"}
[2025-11-18 19:07:09.455 -0800] [PROCESS] [cadence.virtuoso.ade.simulationMonitor] - Simulator launched {"hostname": "viterbi-scf2", "processid": 289734, "history": "ExplorerRun.0", "testname": "carry_save_addition_16_bit_6_to_2_encoder_1", "cornername": "Nominal", "point": 1, "logfile": "/home/viterbi/08/vemurina/work_gpdk045/16-bit-multiply-and-accumulate-MAC-circuit/logs_vemurina/logs0/Job8.log", "simid": "1"}
[2025-11-18 19:07:09.464 -0800] [PROCESS] [cadence.virtuoso.ade.simulationMonitor] - Expression evaluator launched {"hostname": "viterbi-scf2", "processid": 289734, "history": "ExplorerRun.0", "testname": "carry_save_addition_16_bit_6_to_2_encoder_1", "cornername": "Nominal", "point": 1, "logfile": "/home/viterbi/08/vemurina/work_gpdk045/16-bit-multiply-and-accumulate-MAC-circuit/logs_vemurina/logs0/Job8.log"}
[2025-11-18 19:07:10.372 -0800] [PROCESS] [cadence.virtuoso.ade.simulationMonitor] - Started Simulation {"hostname": "viterbi-scf2", "processid": 289734, "history": "ExplorerRun.0", "testname": "carry_save_addition_16_bit_6_to_2_encoder_1", "cornername": "Nominal", "point": 1, "logfile": "/home/viterbi/08/vemurina/work_gpdk045/16-bit-multiply-and-accumulate-MAC-circuit/logs_vemurina/logs0/Job8.log", "event": "started", "task": "simulation"}
[2025-11-18 19:07:10.375 -0800] [INFO] [cadence.virtuoso.ade.simulationMonitor] - Notice from spectre during Digital Vector read-in.
    Process Vector Files.
    File read: /home/viterbi/08/vemurina/work_gpdk045/16-bit-multiply-and-accumulate-MAC-circuit/project_phase_2.vec {"history": "ExplorerRun.0", "point": 1, "testname": "carry_save_addition_16_bit_6_to_2_encoder_1", "cornername": "Nominal"}
[2025-11-18 19:07:10.376 -0800] [INFO] [cadence.virtuoso.ade.simulationMonitor] - Peak resident memory used = 58.4 Mbytes. {"history": "ExplorerRun.0", "point": 1, "testname": "carry_save_addition_16_bit_6_to_2_encoder_1", "cornername": "Nominal"}
[2025-11-18 19:07:15.882 -0800] [INFO] [cadence.virtuoso.ade.simulationMonitor] - Peak resident memory used = 86.7 Mbytes. {"history": "ExplorerRun.0", "point": 1, "testname": "carry_save_addition_16_bit_6_to_2_encoder_1", "cornername": "Nominal"}
[2025-11-18 19:07:16.384 -0800] [INFO] [cadence.virtuoso.ade.simulationMonitor] - Peak resident memory used = 97.9 Mbytes. {"history": "ExplorerRun.0", "point": 1, "testname": "carry_save_addition_16_bit_6_to_2_encoder_1", "cornername": "Nominal"}
[2025-11-18 19:07:16.386 -0800] [INFO] [cadence.virtuoso.ade.simulationMonitor] - Notice from spectre during topology check.
    Only one connection to the following 2 nodes:
        VDD!
        out1_0 {"history": "ExplorerRun.0", "point": 1, "testname": "carry_save_addition_16_bit_6_to_2_encoder_1", "cornername": "Nominal"}
[2025-11-18 19:07:16.392 -0800] [INFO] [cadence.virtuoso.ade.simulationMonitor] -               nodes 4654 {"history": "ExplorerRun.0", "point": 1, "testname": "carry_save_addition_16_bit_6_to_2_encoder_1", "cornername": "Nominal"}
[2025-11-18 19:07:16.394 -0800] [INFO] [cadence.virtuoso.ade.simulationMonitor] - Notice from spectre during initial setup.
    APS Enabled.
    Multithreading Enabled: 8 threads in the system with 112 available processors. {"history": "ExplorerRun.0", "point": 1, "testname": "carry_save_addition_16_bit_6_to_2_encoder_1", "cornername": "Nominal"}
[2025-11-18 19:07:16.395 -0800] [INFO] [cadence.virtuoso.ade.simulationMonitor] - Peak resident memory used = 108 Mbytes. {"history": "ExplorerRun.0", "point": 1, "testname": "carry_save_addition_16_bit_6_to_2_encoder_1", "cornername": "Nominal"}
[2025-11-18 19:07:16.396 -0800] [WARN] [cadence.virtuoso.ade.simulationMonitor] -     WARNING (SPECTRE-16707): Only tran supports psfxl format, result of other analyses will be in psfbin format. {"history": "ExplorerRun.0", "point": 1, "testname": "carry_save_addition_16_bit_6_to_2_encoder_1", "cornername": "Nominal"}
[2025-11-18 19:07:17.898 -0800] [INFO] [cadence.virtuoso.ade.simulationMonitor] - Notice from spectre during IC analysis, during transient analysis `tran'.
    GminDC = 1 pS is large enough to noticeably affect the DC solution.
        dV(net299) = -1.70628 mV
        Use the `gmin_check' option to eliminate or expand this report.
    Bad pivoting is found during DC analysis. Option dc_pivot_check=yes is recommended for possible improvement of convergence. {"history": "ExplorerRun.0", "point": 1, "testname": "carry_save_addition_16_bit_6_to_2_encoder_1", "cornername": "Nominal"}
[2025-11-18 19:07:19.401 -0800] [INFO] [cadence.virtuoso.ade.simulationMonitor] - Notice from spectre at time = 5.01139 ns during transient analysis `tran'.
    Found trapezoidal ringing on node I5.I20.I7.I1.PM0.n1. {"history": "ExplorerRun.0", "point": 1, "testname": "carry_save_addition_16_bit_6_to_2_encoder_1", "cornername": "Nominal"}
[2025-11-18 19:07:19.403 -0800] [INFO] [cadence.virtuoso.ade.simulationMonitor] - Notice from spectre during transient analysis `tran'.
    Trapezoidal ringing is detected during tran analysis.
        Please use method=trap for better results and performance. {"history": "ExplorerRun.0", "point": 1, "testname": "carry_save_addition_16_bit_6_to_2_encoder_1", "cornername": "Nominal"}
[2025-11-18 19:07:19.907 -0800] [INFO] [cadence.virtuoso.ade.simulationMonitor] - Total time required for tran analysis `tran': CPU = 9.85377 s, elapsed = 3.01392 s. {"history": "ExplorerRun.0", "point": 1, "testname": "carry_save_addition_16_bit_6_to_2_encoder_1", "cornername": "Nominal"}
[2025-11-18 19:07:19.909 -0800] [INFO] [cadence.virtuoso.ade.simulationMonitor] - Peak resident memory used = 156 Mbytes. {"history": "ExplorerRun.0", "point": 1, "testname": "carry_save_addition_16_bit_6_to_2_encoder_1", "cornername": "Nominal"}
[2025-11-18 19:07:20.416 -0800] [INFO] [cadence.virtuoso.ade.simulationMonitor] - Time used: CPU = 16.9 s, elapsed = 10.4 s, util. = 163%. {"history": "ExplorerRun.0", "point": 1, "testname": "carry_save_addition_16_bit_6_to_2_encoder_1", "cornername": "Nominal"}
[2025-11-18 19:07:20.418 -0800] [INFO] [cadence.virtuoso.ade.simulationMonitor] - Time spent in licensing: elapsed = 51.2 ms. {"history": "ExplorerRun.0", "point": 1, "testname": "carry_save_addition_16_bit_6_to_2_encoder_1", "cornername": "Nominal"}
[2025-11-18 19:07:20.421 -0800] [INFO] [cadence.virtuoso.ade.simulationMonitor] - Peak memory used = 157 Mbytes. {"history": "ExplorerRun.0", "point": 1, "testname": "carry_save_addition_16_bit_6_to_2_encoder_1", "cornername": "Nominal"}
[2025-11-18 19:07:20.425 -0800] [PROCESS] [cadence.virtuoso.ade.simulationMonitor] - Simulation started at: 7:07:09 PM, Tue Nov 18, 2025, ended at: 7:07:19 PM, Tue Nov 18, 2025, with elapsed time (wall clock): 10.4 s. {"history": "ExplorerRun.0", "point": 1, "testname": "carry_save_addition_16_bit_6_to_2_encoder_1", "cornername": "Nominal"}
[2025-11-18 19:07:20.426 -0800] [PROCESS] [cadence.virtuoso.ade.simulationMonitor] - spectre completes with 0 errors, 1 warning, and 9 notices. {"history": "ExplorerRun.0", "point": 1, "testname": "carry_save_addition_16_bit_6_to_2_encoder_1", "cornername": "Nominal"}
[2025-11-18 19:07:20.427 -0800] [PROCESS] [cadence.virtuoso.ade.simulationMonitor] - Finished simulating for one point {"hostname": "viterbi-scf2", "processid": 289734, "history": "ExplorerRun.0", "testname": "carry_save_addition_16_bit_6_to_2_encoder_1", "cornername": "Nominal", "point": 1, "logfile": "/home/viterbi/08/vemurina/work_gpdk045/16-bit-multiply-and-accumulate-MAC-circuit/logs_vemurina/logs0/Job8.log", "simid": "1"}
[2025-11-18 19:07:20.429 -0800] [PROCESS] [cadence.virtuoso.ade.simulationMonitor] - Simulator exited {"hostname": "viterbi-scf2", "processid": 289734, "history": "ExplorerRun.0", "testname": "carry_save_addition_16_bit_6_to_2_encoder_1", "cornername": "Nominal", "point": 1, "logfile": "/home/viterbi/08/vemurina/work_gpdk045/16-bit-multiply-and-accumulate-MAC-circuit/logs_vemurina/logs0/Job8.log", "exitStatus": "0"}
[2025-11-18 19:07:20.431 -0800] [PROCESS] [cadence.virtuoso.ade.simulationMonitor] - Finished Simulation {"hostname": "viterbi-scf2", "processid": 289734, "history": "ExplorerRun.0", "testname": "carry_save_addition_16_bit_6_to_2_encoder_1", "cornername": "Nominal", "point": 1, "logfile": "/home/viterbi/08/vemurina/work_gpdk045/16-bit-multiply-and-accumulate-MAC-circuit/logs_vemurina/logs0/Job8.log", "simid": "1"}
[2025-11-18 19:07:22.473 -0800] [PROCESS] [cadence.virtuoso.ade.simulationMonitor] - Point Finished {"hostname": "viterbi-scf2", "processid": 289734, "history": "ExplorerRun.0", "testname": "carry_save_addition_16_bit_6_to_2_encoder_1", "cornername": "Nominal", "point": 1, "logfile": "/home/viterbi/08/vemurina/work_gpdk045/16-bit-multiply-and-accumulate-MAC-circuit/logs_vemurina/logs0/Job8.log"}
[2025-11-18 19:07:23.495 -0800] [PROCESS] [cadence.virtuoso.ade.simulationMonitor] - Stay with the runId '0', Linger time '300', currentRunSyn '1', currentTestSyn '2' {"hostname": "viterbi-scf2", "processid": 289734, "history": "ExplorerRun.0", "testname": "carry_save_addition_16_bit_6_to_2_encoder_1", "cornername": "Nominal", "point": 1, "logfile": "/home/viterbi/08/vemurina/work_gpdk045/16-bit-multiply-and-accumulate-MAC-circuit/logs_vemurina/logs0/Job8.log"}
[2025-11-18 19:07:24.492 -0800] [PROCESS] [cadence.virtuoso.ade.simulationMonitor] - Stay with the runId '0', Linger time '300', currentRunSyn '1', currentTestSyn '2' {"hostname": "viterbi-scf2", "processid": 289734, "history": "ExplorerRun.0", "testname": "carry_save_addition_16_bit_6_to_2_encoder_1", "cornername": "Nominal", "point": 1, "logfile": "/home/viterbi/08/vemurina/work_gpdk045/16-bit-multiply-and-accumulate-MAC-circuit/logs_vemurina/logs0/Job8.log"}
[2025-11-18 19:07:47.077 -0800] [INFO] [cadence.virtuoso.ade.simulationMonitor] - SimulationMonitor has terminated the vds process '289767', reason: 'Force to stop the expression evalutor process because of new run' {"history": "ExplorerRun.0", "point": 1, "testname": "carry_save_addition_16_bit_6_to_2_encoder_1", "cornername": "Nominal"}
[2025-11-18 19:07:47.085 -0800] [PROCESS] [cadence.virtuoso.ade.simulationMonitor] - HostInfo:
Host name (type):	viterbi-scf2 (x86_64)
Operating system:	Linux 3.10.0-1160.119.1.el7.tuxcare.els25.x86_64 #1 SMP Wed Oct 1 17:37:27 UTC 2025 {"hostname": "viterbi-scf2", "processid": 289734, "history": "ExplorerRun.0", "testname": "carry_save_addition_16_bit_6_to_2_encoder_1", "cornername": "Nominal", "point": 1, "logfile": "/home/viterbi/08/vemurina/work_gpdk045/16-bit-multiply-and-accumulate-MAC-circuit/logs_vemurina/logs0/Job8.log", "nodename": "viterbi-scf2", "domainname": "viterbi", "machine": "x86_64", "sysname": "Linux", "release": "3.10.0-1160.119.1.el7.tuxcare.els25.x86_64", "version": "#1 SMP Wed Oct 1 17:37:27 UTC 2025"}
[2025-11-18 19:07:47.087 -0800] [PROCESS] [cadence.virtuoso.ade.simulationMonitor] - UsageInfo:
pid=289734
totalPhysicalMemory=1007.038651GB,Used=218.106754GB,totalVirtualMemory=1007.038651GB,Used=218.106754GB
Cpu: Cores=112, Load average:41.390000,41.660000,41.060000 {"hostname": "viterbi-scf2", "processid": 289734, "history": "ExplorerRun.0", "testname": "carry_save_addition_16_bit_6_to_2_encoder_1", "cornername": "Nominal", "point": 1, "logfile": "/home/viterbi/08/vemurina/work_gpdk045/16-bit-multiply-and-accumulate-MAC-circuit/logs_vemurina/logs0/Job8.log", "pid": "289734", "totalPhysicalMemory": "1007.038651", "physicalMemoryUsed": "218.106754", "totalVirtualMemory": "1007.038651", "virtualMemoryUsed": "218.106754", "cpuCores": "112", "processes": "8414", "loadAverage1": "41.390000", "loadAverage5": "41.660000", "loadAverage15": "41.060000", "loadAverage1Percent": "0.369554"}
[2025-11-18 19:07:47.093 -0800] [EVENT] [cadence.virtuoso.ade.simulationMonitor] - NewPoint {"history": "ExplorerRun.0", "point": 1, "testname": "carry_save_addition_16_bit_6_to_2_encoder_1", "cornername": "Nominal", "event": "NewPoint", "EventSource": "Simulation Monitor", "HistoryName": "ExplorerRun.0", "logFile": "/home/viterbi/08/vemurina/work_gpdk045/16-bit-multiply-and-accumulate-MAC-circuit/logs_vemurina/logs0/Job8.log", "logFileSize": "15143"}
[2025-11-18 19:07:47.399 -0800] [EVENT] [cadence.virtuoso.ade.simulationMonitor] - NewPoint {"history": "ExplorerRun.0", "point": 1, "testname": "carry_save_addition_16_bit_6_to_2_encoder_1", "cornername": "Nominal", "event": "NewPoint", "EventSource": "spectre", "HistoryName": "ExplorerRun.0", "logFile": "/home/viterbi/08/vemurina/simulation/carry_save_addition/16_bit_6_to_2_encoder/maestro/results/maestro/ExplorerRun.0/1/carry_save_addition_16_bit_6_to_2_encoder_1/psf/spectre.out", "logFileSize": "-1"}
[2025-11-18 19:07:47.435 -0800] [PROCESS] [cadence.virtuoso.ade.simulationMonitor] - Simulator launched {"hostname": "viterbi-scf2", "processid": 289734, "history": "ExplorerRun.0", "testname": "carry_save_addition_16_bit_6_to_2_encoder_1", "cornername": "Nominal", "point": 1, "logfile": "/home/viterbi/08/vemurina/work_gpdk045/16-bit-multiply-and-accumulate-MAC-circuit/logs_vemurina/logs0/Job8.log", "simid": "2"}
[2025-11-18 19:07:47.444 -0800] [PROCESS] [cadence.virtuoso.ade.simulationMonitor] - Expression evaluator launched {"hostname": "viterbi-scf2", "processid": 289734, "history": "ExplorerRun.0", "testname": "carry_save_addition_16_bit_6_to_2_encoder_1", "cornername": "Nominal", "point": 1, "logfile": "/home/viterbi/08/vemurina/work_gpdk045/16-bit-multiply-and-accumulate-MAC-circuit/logs_vemurina/logs0/Job8.log"}
[2025-11-18 19:07:48.349 -0800] [PROCESS] [cadence.virtuoso.ade.simulationMonitor] - Started Simulation {"hostname": "viterbi-scf2", "processid": 289734, "history": "ExplorerRun.0", "testname": "carry_save_addition_16_bit_6_to_2_encoder_1", "cornername": "Nominal", "point": 1, "logfile": "/home/viterbi/08/vemurina/work_gpdk045/16-bit-multiply-and-accumulate-MAC-circuit/logs_vemurina/logs0/Job8.log", "event": "started", "task": "simulation"}
[2025-11-18 19:07:48.351 -0800] [INFO] [cadence.virtuoso.ade.simulationMonitor] - Notice from spectre during Digital Vector read-in.
    Process Vector Files.
    File read: /home/viterbi/08/vemurina/work_gpdk045/16-bit-multiply-and-accumulate-MAC-circuit/project_phase_2.vec {"history": "ExplorerRun.0", "point": 1, "testname": "carry_save_addition_16_bit_6_to_2_encoder_1", "cornername": "Nominal"}
[2025-11-18 19:07:48.353 -0800] [INFO] [cadence.virtuoso.ade.simulationMonitor] - Peak resident memory used = 58.4 Mbytes. {"history": "ExplorerRun.0", "point": 1, "testname": "carry_save_addition_16_bit_6_to_2_encoder_1", "cornername": "Nominal"}
[2025-11-18 19:07:53.860 -0800] [INFO] [cadence.virtuoso.ade.simulationMonitor] - Peak resident memory used = 86.7 Mbytes. {"history": "ExplorerRun.0", "point": 1, "testname": "carry_save_addition_16_bit_6_to_2_encoder_1", "cornername": "Nominal"}
[2025-11-18 19:07:54.363 -0800] [INFO] [cadence.virtuoso.ade.simulationMonitor] - Peak resident memory used = 97.9 Mbytes. {"history": "ExplorerRun.0", "point": 1, "testname": "carry_save_addition_16_bit_6_to_2_encoder_1", "cornername": "Nominal"}
[2025-11-18 19:07:54.365 -0800] [INFO] [cadence.virtuoso.ade.simulationMonitor] - Notice from spectre during topology check.
    Only one connection to the following 2 nodes:
        VDD!
        out1_0 {"history": "ExplorerRun.0", "point": 1, "testname": "carry_save_addition_16_bit_6_to_2_encoder_1", "cornername": "Nominal"}
[2025-11-18 19:07:54.372 -0800] [INFO] [cadence.virtuoso.ade.simulationMonitor] -               nodes 4654 {"history": "ExplorerRun.0", "point": 1, "testname": "carry_save_addition_16_bit_6_to_2_encoder_1", "cornername": "Nominal"}
[2025-11-18 19:07:54.374 -0800] [INFO] [cadence.virtuoso.ade.simulationMonitor] - Notice from spectre during initial setup.
    APS Enabled.
    Multithreading Enabled: 8 threads in the system with 112 available processors. {"history": "ExplorerRun.0", "point": 1, "testname": "carry_save_addition_16_bit_6_to_2_encoder_1", "cornername": "Nominal"}
[2025-11-18 19:07:54.375 -0800] [INFO] [cadence.virtuoso.ade.simulationMonitor] - Peak resident memory used = 108 Mbytes. {"history": "ExplorerRun.0", "point": 1, "testname": "carry_save_addition_16_bit_6_to_2_encoder_1", "cornername": "Nominal"}
[2025-11-18 19:07:54.376 -0800] [WARN] [cadence.virtuoso.ade.simulationMonitor] -     WARNING (SPECTRE-16707): Only tran supports psfxl format, result of other analyses will be in psfbin format. {"history": "ExplorerRun.0", "point": 1, "testname": "carry_save_addition_16_bit_6_to_2_encoder_1", "cornername": "Nominal"}
[2025-11-18 19:07:55.878 -0800] [INFO] [cadence.virtuoso.ade.simulationMonitor] - Notice from spectre during IC analysis, during transient analysis `tran'.
    GminDC = 1 pS is large enough to noticeably affect the DC solution.
        dV(net299) = -1.70628 mV
        Use the `gmin_check' option to eliminate or expand this report.
    Bad pivoting is found during DC analysis. Option dc_pivot_check=yes is recommended for possible improvement of convergence. {"history": "ExplorerRun.0", "point": 1, "testname": "carry_save_addition_16_bit_6_to_2_encoder_1", "cornername": "Nominal"}
[2025-11-18 19:07:57.382 -0800] [INFO] [cadence.virtuoso.ade.simulationMonitor] - Notice from spectre at time = 5.01139 ns during transient analysis `tran'.
    Found trapezoidal ringing on node I5.I20.I7.I1.PM0.n1. {"history": "ExplorerRun.0", "point": 1, "testname": "carry_save_addition_16_bit_6_to_2_encoder_1", "cornername": "Nominal"}
[2025-11-18 19:07:57.384 -0800] [INFO] [cadence.virtuoso.ade.simulationMonitor] - Notice from spectre during transient analysis `tran'.
    Trapezoidal ringing is detected during tran analysis.
        Please use method=trap for better results and performance. {"history": "ExplorerRun.0", "point": 1, "testname": "carry_save_addition_16_bit_6_to_2_encoder_1", "cornername": "Nominal"}
[2025-11-18 19:07:57.886 -0800] [INFO] [cadence.virtuoso.ade.simulationMonitor] - Total time required for tran analysis `tran': CPU = 10.2017 s, elapsed = 3.06502 s. {"history": "ExplorerRun.0", "point": 1, "testname": "carry_save_addition_16_bit_6_to_2_encoder_1", "cornername": "Nominal"}
[2025-11-18 19:07:57.887 -0800] [INFO] [cadence.virtuoso.ade.simulationMonitor] - Peak resident memory used = 156 Mbytes. {"history": "ExplorerRun.0", "point": 1, "testname": "carry_save_addition_16_bit_6_to_2_encoder_1", "cornername": "Nominal"}
[2025-11-18 19:07:58.392 -0800] [INFO] [cadence.virtuoso.ade.simulationMonitor] - Time used: CPU = 17.3 s, elapsed = 10.5 s, util. = 165%. {"history": "ExplorerRun.0", "point": 1, "testname": "carry_save_addition_16_bit_6_to_2_encoder_1", "cornername": "Nominal"}
[2025-11-18 19:07:58.394 -0800] [INFO] [cadence.virtuoso.ade.simulationMonitor] - Time spent in licensing: elapsed = 54 ms. {"history": "ExplorerRun.0", "point": 1, "testname": "carry_save_addition_16_bit_6_to_2_encoder_1", "cornername": "Nominal"}
[2025-11-18 19:07:58.397 -0800] [INFO] [cadence.virtuoso.ade.simulationMonitor] - Peak memory used = 157 Mbytes. {"history": "ExplorerRun.0", "point": 1, "testname": "carry_save_addition_16_bit_6_to_2_encoder_1", "cornername": "Nominal"}
[2025-11-18 19:07:58.402 -0800] [PROCESS] [cadence.virtuoso.ade.simulationMonitor] - Simulation started at: 7:07:47 PM, Tue Nov 18, 2025, ended at: 7:07:57 PM, Tue Nov 18, 2025, with elapsed time (wall clock): 10.5 s. {"history": "ExplorerRun.0", "point": 1, "testname": "carry_save_addition_16_bit_6_to_2_encoder_1", "cornername": "Nominal"}
[2025-11-18 19:07:58.403 -0800] [PROCESS] [cadence.virtuoso.ade.simulationMonitor] - spectre completes with 0 errors, 1 warning, and 9 notices. {"history": "ExplorerRun.0", "point": 1, "testname": "carry_save_addition_16_bit_6_to_2_encoder_1", "cornername": "Nominal"}
[2025-11-18 19:07:58.404 -0800] [PROCESS] [cadence.virtuoso.ade.simulationMonitor] - Finished simulating for one point {"hostname": "viterbi-scf2", "processid": 289734, "history": "ExplorerRun.0", "testname": "carry_save_addition_16_bit_6_to_2_encoder_1", "cornername": "Nominal", "point": 1, "logfile": "/home/viterbi/08/vemurina/work_gpdk045/16-bit-multiply-and-accumulate-MAC-circuit/logs_vemurina/logs0/Job8.log", "simid": "2"}
[2025-11-18 19:07:58.406 -0800] [PROCESS] [cadence.virtuoso.ade.simulationMonitor] - Simulator exited {"hostname": "viterbi-scf2", "processid": 289734, "history": "ExplorerRun.0", "testname": "carry_save_addition_16_bit_6_to_2_encoder_1", "cornername": "Nominal", "point": 1, "logfile": "/home/viterbi/08/vemurina/work_gpdk045/16-bit-multiply-and-accumulate-MAC-circuit/logs_vemurina/logs0/Job8.log", "exitStatus": "0"}
[2025-11-18 19:07:58.409 -0800] [PROCESS] [cadence.virtuoso.ade.simulationMonitor] - Finished Simulation {"hostname": "viterbi-scf2", "processid": 289734, "history": "ExplorerRun.0", "testname": "carry_save_addition_16_bit_6_to_2_encoder_1", "cornername": "Nominal", "point": 1, "logfile": "/home/viterbi/08/vemurina/work_gpdk045/16-bit-multiply-and-accumulate-MAC-circuit/logs_vemurina/logs0/Job8.log", "simid": "2"}
[2025-11-18 19:08:00.441 -0800] [PROCESS] [cadence.virtuoso.ade.simulationMonitor] - Point Finished {"hostname": "viterbi-scf2", "processid": 289734, "history": "ExplorerRun.0", "testname": "carry_save_addition_16_bit_6_to_2_encoder_1", "cornername": "Nominal", "point": 1, "logfile": "/home/viterbi/08/vemurina/work_gpdk045/16-bit-multiply-and-accumulate-MAC-circuit/logs_vemurina/logs0/Job8.log"}
[2025-11-18 19:08:01.458 -0800] [PROCESS] [cadence.virtuoso.ade.simulationMonitor] - Stay with the runId '1', Linger time '300', currentRunSyn '3', currentTestSyn '4' {"hostname": "viterbi-scf2", "processid": 289734, "history": "ExplorerRun.0", "testname": "carry_save_addition_16_bit_6_to_2_encoder_1", "cornername": "Nominal", "point": 1, "logfile": "/home/viterbi/08/vemurina/work_gpdk045/16-bit-multiply-and-accumulate-MAC-circuit/logs_vemurina/logs0/Job8.log"}
[2025-11-18 19:08:02.469 -0800] [PROCESS] [cadence.virtuoso.ade.simulationMonitor] - Stay with the runId '1', Linger time '300', currentRunSyn '3', currentTestSyn '4' {"hostname": "viterbi-scf2", "processid": 289734, "history": "ExplorerRun.0", "testname": "carry_save_addition_16_bit_6_to_2_encoder_1", "cornername": "Nominal", "point": 1, "logfile": "/home/viterbi/08/vemurina/work_gpdk045/16-bit-multiply-and-accumulate-MAC-circuit/logs_vemurina/logs0/Job8.log"}
[2025-11-18 19:13:02.168 -0800] [PROCESS] [cadence.virtuoso.ade.simulationMonitor] - Current memory used: 32.4531 MBytes, peak memory used: 32.4531 MBytes {"hostname": "viterbi-scf2", "processid": 289734, "history": "ExplorerRun.0", "testname": "carry_save_addition_16_bit_6_to_2_encoder_1", "cornername": "Nominal", "point": 1, "logfile": "/home/viterbi/08/vemurina/work_gpdk045/16-bit-multiply-and-accumulate-MAC-circuit/logs_vemurina/logs0/Job8.log"}
[2025-11-18 19:13:02.169 -0800] [PROCESS] [cadence.virtuoso.ade.simulationMonitor] - Simulation Monitor process exit. {"hostname": "viterbi-scf2", "processid": 289734, "history": "ExplorerRun.0", "testname": "carry_save_addition_16_bit_6_to_2_encoder_1", "cornername": "Nominal", "point": 1, "logfile": "/home/viterbi/08/vemurina/work_gpdk045/16-bit-multiply-and-accumulate-MAC-circuit/logs_vemurina/logs0/Job8.log"}
