\# Program start time:     UTC 2025.11.19 03:30:34.844
\# Local time: PST (UTC-08:00) 2025.11.18 19:30:34.844
\o Program:		@(#)$CDS: virtuoso version ICADVM20.1-64b 10/11/2023 09:26 (cpgbld01) $
\o Hierarchy:		/usr/local/cadence/ICADVM201/tools.lnx86/dfII/
\o Sub version:		sub-version  ICADVM20.1-64b.500.34  (64-bit addresses)
\# Command line:	/usr/local/cadence/ICADVM201/tools.lnx86/dfII/bin/64bit/virtuoso -beanhost viterbi-scf2 -beanport 11300 -beanbinlog  -beanLogFile /home/viterbi/08/vemurina/work_gpdk045/16-bit-multiply-and-accumulate-MAC-circuit/logs_vemurina/logs0/amps_Service12.log -mpssession virtuoso102224 -mpshost viterbi-scf2 -davinciService DaVinciService_102224_1763519050 -axlSession fnxSession3 -axlServiceIdFlag 12 -uuid 891b3246-8115-4274-be78-3203326652f2 -heartbeat /dev/shm/swift-heartbeat.PsUV58xI3g -log /home/viterbi/08/vemurina/work_gpdk045/16-bit-multiply-and-accumulate-MAC-circuit/logs_vemurina/logs0/Service12.log -noautostart -nographE -lscs 000175E1894CBE06FF0966E38F1FFC06BC4D79FF971B9267CE2460E4905B952BCE2F3AE5C87CC806867966E38F1FFC06BC4D66E38F1FFC06BC4D0FFEB6C7C5DED55000001E76 -interactive -offlineExprEval -fenixMode explorer -heartbeatTimeout  -lingerTimeout 300 -pointlifetime -1
\# Host name (type):	viterbi-scf2 (x86_64)
\# Operating system:	Linux 3.10.0-1160.119.1.el7.tuxcare.els25.x86_64 #1 SMP Wed Oct 1 17:37:27 UTC 2025
\# Linux /etc/issue:	\S
\# Linux /etc/issue:	Kernel \r on an \m
\# X display name (WxH):	:2091 (1024x868)
\# Available geometry:			TL(0:0) BR(1023:867)
\# X server:			The X.Org Foundation
\# Depth of Visual (Root):	24 (24)
\# Number of Planes Used:	24
\# X version:		11.0 (vendor release 12004000)
\# X resource pool:	base 0x400000, mask 0x1fffff (2097151), shift 0
\# 			current id 0x0, current max 0x1ffffa (2097146)
\# Max data seg size:	     unlimited
\# Max process size:	     unlimited
\# Initial sbrk value:	        623 MB
\# Available memory:	    910,906 MB
\# System memory:	  1,031,208 MB
\# Maximum memory size:	  1,030,875 MB
\# Max mem available:	    911,197 MB
\# Initial memory used:	        291 MB
\#        process size:	      1,889 MB
\# Thread usage limits (effective/default):	maxthreads 4096/4096 maxload 112.00/112.00
\# Qt version:		5.9.1
\# Window Manager:	other
\# User Name:		vemurina
\o Working Directory:	viterbi-scf2:/home/viterbi/08/vemurina/work_gpdk045/16-bit-multiply-and-accumulate-MAC-circuit
\# Process Id:		19938
\o 
\o COPYRIGHT (C) 1992-2023  CADENCE DESIGN SYSTEMS INC.  ALL RIGHTS RESERVED.
\o           (C) 1992-2023  UNIX SYSTEMS Laboratories INC.,
\o                          Reproduced with permission.
\o 
\o This Cadence Design Systems program and online documentation are
\o proprietary/confidential information and may be disclosed/used only
\o as authorized in a license agreement controlling such use and disclosure.
\o 
\o           RESTRICTED RIGHTS NOTICE (SHORT FORM)
\o Use/reproduction/disclosure is subject to restriction
\o set forth at FAR 1252.227-19 or its equivalent.
\o Loading geView.cxt 
\o Loading menuBuilder.cxt 
\o Loading schView.cxt 
\o Loading selectSv.cxt 
\o Loading pegasusui.cxt
\o Loading wireEdit.cxt 
\o Loading pte2.cxt 
\o Loading xlUI.cxt 
\o Loading auCore.cxt 
\o Loading vhdl.cxt 
\o Loading seismic.cxt 
\o Loading ci.cxt 
\o Loading layers.cxt 
\o Loading ams.cxt 
\o Loading oasis.cxt 
\o Loading analog.cxt 
\o Loading asimenv.cxt 
\o Loading dal.cxt 
\o Loading awv.cxt 
\o Loading socket.cxt 
\o Loading par.cxt 
\o Loading alvs.cxt 
\o Loading caa.cxt 
\o Loading amps.cxt 
\o Loading adexlCore.cxt 
\o Loading adexl.cxt 
\o *Info*    Exporting services from client ... 
\o 
\o Loading adexlDM.cxt 
\o Loading cpf.cxt 
\o Loading cli.cxt 
\o Loading lp.cxt 
\o INFO (ELI-00302) Connecting to parent process (session=virtuoso102224, host=viterbi-scf2). Connection mode is LSCS. Total timeout is 180 seconds. Connection timeout is 90 seconds.
\o INFO (ELI-00303) Step 1: Connecting to parent. Time spent is 0 seconds.
\o INFO (ELI-00304) The registration of the child 19938 within 90 seconds is being processed...
\o INFO (ELI-00305) The result of registration is true. Time spent is 0 seconds.
\o INFO (ELI-00308) The connection has ended. Result is true. Total time spent is 0 seconds.
\# [19:30:34.498082] Configured Lic search path (22.01-s002): 1720@ics-lic2.usc.edu:1721@lic-cadence.usc.edu
\# Memory report: using         457 MB, process size 2,209 MB at UTC 2025.11.19 03:30:37.834
\p > 
\# Loading perfDiag...
\# (PerfDiag): Set GDB path to environment variable 'gdbPath' (gdb).
\# Performance Diagnostic tool is installed. You can access PerfDiag from CIW Tools or use the shell command 'cdsPerfDiag -p 19938' to open it when Virtuoso freezes.
\# (PerfDiag): Loading backtrace from /usr/local/cadence/ICADVM201/tools/lib/64bit/cdnslibunwind.so
\w *WARNING* _perfPstackCheck: Cannot find pstack/gstack. Please setup PATH environment variable to pstack/gstack executable.
\i _axlRunServices()
\# [19:30:38.272040] periodic Lic check successful
\# [19:30:38.272042] Feature usage summary:
\o Loading simui.cxt 
\o [2025-11-18 19:30:38.298 -0800] [PROCESS] [cadence.virtuoso.ade.services] - Netlist Service has successfully started. Waiting for incoming messages ... {"hostname": "viterbi-scf2", "processid": 19938, "logfile": "/home/viterbi/08/vemurina/work_gpdk045/16-bit-multiply-and-accumulate-MAC-circuit/logs_vemurina/logs0/Service12.log"}
\# Available memory:        910,686 MB at UTC 2025.11.19 03:30:46.358
\# Memory report: Maximum memory size now 911,238 MB at UTC 2025.11.19 03:30:46.359
\# Thread usage report: 118 active threads, active load 1.40 at UTC 2025.11.19 03:30:46.359
\o Loading vdsil.cxt 
\# Lic Summary:
\# [19:35:40.016195] Cdslmd servers:1720@ics-lic2.usc.edu:1721@lic-cadence.usc.edu
\# [19:35:40.016217] Feature usage summary:
\# Memory report: on exit            552 MB, process size 2,310 MB at UTC 2025.11.19 03:35:40.540
\# Memory report: peak usage         552 MB, process size 2,310 MB
